[0 : output] Output to be read-from/written-into folder '../chains', with prefix 'cpl-planckdesi'
[0 : prior] *WARNING* External prior 'SZ' loaded. Mind that it might not be normalized!
[0 : camb] `camb` module loaded successfully from /users/smp24dhl/cosmo/code/CAMB/camb
[0 : planck_2018_highl_plik.ttteee] `clik` module loaded successfully from /users/smp24dhl/cosmo/code/planck/clik/lib/python3.9/site-packages/clik
/users/smp24dhl/cosmo/code/act_dr6_lenslike/act_dr6_lenslike/act_dr6_lenslike.py:416: UserWarning: Hartlap correction to cinv: 0.949874686716792
  warnings.warn(f"Hartlap correction to cinv: {hartlap_correction}")
/users/smp24dhl/cosmo/code/act_dr6_lenslike/act_dr6_lenslike/act_dr6_lenslike.py:416: UserWarning: Hartlap correction to cinv: 0.949874686716792
  warnings.warn(f"Hartlap correction to cinv: {hartlap_correction}")
/users/smp24dhl/cosmo/code/act_dr6_lenslike/act_dr6_lenslike/act_dr6_lenslike.py:416: UserWarning: Hartlap correction to cinv: 0.949874686716792
  warnings.warn(f"Hartlap correction to cinv: {hartlap_correction}")
/users/smp24dhl/cosmo/code/act_dr6_lenslike/act_dr6_lenslike/act_dr6_lenslike.py:416: UserWarning: Hartlap correction to cinv: 0.949874686716792
  warnings.warn(f"Hartlap correction to cinv: {hartlap_correction}")
Loading ACT DR6 lensing likelihood v1.2...
[1 : bao.desi_dr2] Initialized.
Loading ACT DR6 lensing likelihood v1.2...
[0 : bao.desi_dr2] Initialized.
Loading ACT DR6 lensing likelihood v1.2...
[2 : bao.desi_dr2] Initialized.
Loading ACT DR6 lensing likelihood v1.2...
[3 : bao.desi_dr2] Initialized.
[0 : mcmc] Getting initial point... (this may take a few seconds)
[1 : mcmc] Getting initial point... (this may take a few seconds)
[2 : mcmc] Getting initial point... (this may take a few seconds)
[3 : mcmc] Getting initial point... (this may take a few seconds)
[0 : mcmc] Initial point: logA:3.048599, ns:0.9637443, theta_MC_100:1.04115, ombh2:0.02243067, omch2:0.1199405, w:-0.9995695, wa:0.04997328, tau:0.05570533, A_planck:0.9964385, calib_100T:0.9995097, calib_217T:0.9968327, A_cib_217:80.96873, xi_sz_cib:0.01701156, A_sz:8.348024, ksz_norm:3.705897, gal545_A_100:3.290247, gal545_A_143:6.283152, gal545_A_143_217:22.53448, gal545_A_217:82.62437, ps_A_100_100:222.1898, ps_A_143_143:58.43382, ps_A_143_217:38.54199, ps_A_217_217:97.32469, galf_TE_A_100:0.1130792, galf_TE_A_100_143:0.01628199, galf_TE_A_100_217:0.4534208, galf_TE_A_143:0.1605467, galf_TE_A_143_217:0.7114416, galf_TE_A_217:2.105548
[3 : mcmc] Initial point: logA:3.051147, ns:0.9626385, theta_MC_100:1.041522, ombh2:0.02255426, omch2:0.1202146, w:-1.013741, wa:0.05302248, tau:0.04715351, A_planck:1.000294, calib_100T:0.9993623, calib_217T:0.9972126, A_cib_217:71.9376, xi_sz_cib:0.06176941, A_sz:7.346028, ksz_norm:3.070963, gal545_A_100:6.442611, gal545_A_143:9.137168, gal545_A_143_217:14.06768, gal545_A_217:91.42526, ps_A_100_100:245.2762, ps_A_143_143:53.6118, ps_A_143_217:26.51475, ps_A_217_217:100.094, galf_TE_A_100:0.1551218, galf_TE_A_100_143:0.03799885, galf_TE_A_100_217:0.4416237, galf_TE_A_143:0.3499058, galf_TE_A_143_217:0.6170698, galf_TE_A_217:1.822928
[1 : mcmc] Initial point: logA:3.049798, ns:0.9670749, theta_MC_100:1.040774, ombh2:0.02237341, omch2:0.120551, w:-0.9586025, wa:0.007627958, tau:0.06004628, A_planck:1.001715, calib_100T:1.001796, calib_217T:0.9992115, A_cib_217:94.41969, xi_sz_cib:0.1729716, A_sz:6.842777, ksz_norm:1.030698, gal545_A_100:6.037513, gal545_A_143:5.434758, gal545_A_143_217:17.63703, gal545_A_217:77.68839, ps_A_100_100:259.0824, ps_A_143_143:47.75798, ps_A_143_217:47.97392, ps_A_217_217:115.6327, galf_TE_A_100:0.2417319, galf_TE_A_100_143:0.05771313, galf_TE_A_100_217:0.326631, galf_TE_A_143:0.2045303, galf_TE_A_143_217:1.004971, galf_TE_A_217:1.874363
[2 : mcmc] Initial point: logA:3.049021, ns:0.9569818, theta_MC_100:1.040786, ombh2:0.02228504, omch2:0.1184326, w:-0.9872387, wa:-0.0300525, tau:0.05304995, A_planck:0.9978291, calib_100T:1.00176, calib_217T:0.9979732, A_cib_217:57.61442, xi_sz_cib:0.1320434, A_sz:2.379535, ksz_norm:0.8471962, gal545_A_100:1.457697, gal545_A_143:7.586733, gal545_A_143_217:20.60377, gal545_A_217:82.09748, ps_A_100_100:241.6892, ps_A_143_143:60.3053, ps_A_143_217:23.032, ps_A_217_217:90.33467, galf_TE_A_100:0.09147036, galf_TE_A_100_143:0.05996085, galf_TE_A_100_217:0.407975, galf_TE_A_143:0.3439956, galf_TE_A_143_217:0.4508635, galf_TE_A_217:2.026311
[0 : model] Measuring speeds... (this may take a few seconds)
[0 : model] Setting measured speeds (per sec): {planck_2018_lowl.TT: 1870.0, planck_2018_highl_plik.TTTEEE: 59.6, planck_2018_lowl.EE: 5870.0, act_dr6_lenslike.ACTDR6LensLike: 11.7, bao.desi_dr2: 1180.0, camb.transfers: 0.079, camb: 0.23}
[0 : mcmc] Dragging with number of interpolating steps:
[0 : mcmc] *  1 : [['theta_MC_100', 'ombh2', 'omch2', 'w', 'wa', 'tau'], ['logA', 'ns']]
[0 : mcmc] * 39 : [['A_planck'], ['calib_100T', 'calib_217T', 'A_cib_217', 'xi_sz_cib', 'A_sz', 'ksz_norm', 'gal545_A_100', 'gal545_A_143', 'gal545_A_143_217', 'gal545_A_217', 'ps_A_100_100', 'ps_A_143_143', 'ps_A_143_217', 'ps_A_217_217', 'galf_TE_A_100', 'galf_TE_A_100_143', 'galf_TE_A_100_217', 'galf_TE_A_143', 'galf_TE_A_143_217', 'galf_TE_A_217']]
[0 : autoselect_covmat] No cached covmat database present, not usable or not up-to-date. Will be re-created and cached.
[0 : mcmc] Covariance matrix selected automatically: /users/smp24dhl/cosmo/data/planck_supp_data_and_covmats/covmats/base_w_wa_BAO_TTTEEE_lowE_lowl_plikHM.covmat
[0 : mcmc] Covariance matrix loaded for params ['ombh2', 'omch2', 'theta_MC_100', 'tau', 'w', 'wa', 'logA', 'ns', 'A_planck', 'A_cib_217', 'xi_sz_cib', 'A_sz', 'ps_A_100_100', 'ps_A_143_143', 'ps_A_143_217', 'ps_A_217_217', 'ksz_norm', 'gal545_A_100', 'gal545_A_143', 'gal545_A_143_217', 'gal545_A_217', 'galf_TE_A_100', 'galf_TE_A_100_143', 'galf_TE_A_100_217', 'galf_TE_A_143', 'galf_TE_A_143_217', 'galf_TE_A_217', 'calib_100T', 'calib_217T']
[0 : mcmc] All parameters' covariance loaded from given covmat.
[0 : mcmc] Sampling!
[0 : mcmc] Progress @ 2025-05-21 17:57:56 : 1 steps taken, and 0 accepted.
[1 : mcmc] Progress @ 2025-05-21 17:58:19 : 1 steps taken, and 0 accepted.
[3 : mcmc] Progress @ 2025-05-21 17:58:19 : 1 steps taken, and 0 accepted.
