[0 : output] Output to be read-from/written-into folder '../chains', with prefix 'cpl-actwmapdesi'
[0 : prior] *WARNING* External prior 'cal_dip_prior' loaded. Mind that it might not be normalized!
[0 : camb] `camb` module loaded successfully from /users/smp24dhl/cosmo/code/CAMB/camb
[0 : wmaplike.wmaplike] Loaded SZ.
[2 : wmaplike.wmaplike] Loaded SZ.
[1 : wmaplike.wmaplike] Loaded SZ.
[3 : wmaplike.wmaplike] Loaded SZ.
[2 : wmaplike.wmaplike] First evaluation: Calculating largest term...
[3 : wmaplike.wmaplike] First evaluation: Calculating largest term...
[1 : wmaplike.wmaplike] First evaluation: Calculating largest term...
[0 : wmaplike.wmaplike] First evaluation: Calculating largest term...
[2 : wmaplike.wmaplike] Done finding largest term [-759.901].
[1 : wmaplike.wmaplike] Done finding largest term [-759.901].
[0 : wmaplike.wmaplike] Done finding largest term [-759.901].
[3 : wmaplike.wmaplike] Done finding largest term [-759.901].
[2 : wmaplike.wmaplike] Initialized TT gibbs.
[1 : wmaplike.wmaplike] Initialized TT gibbs.
[0 : wmaplike.wmaplike] Initialized TT gibbs.
[3 : wmaplike.wmaplike] Initialized TT gibbs.
[1 : wmaplike.wmaplike] Initialized high-l TT/TE.
[2 : wmaplike.wmaplike] Initialized high-l TT/TE.
[0 : wmaplike.wmaplike] Initialized high-l TT/TE.
[3 : wmaplike.wmaplike] Initialized high-l TT/TE.
/users/smp24dhl/cosmo/code/act_dr6_lenslike/act_dr6_lenslike/act_dr6_lenslike.py:416: UserWarning: Hartlap correction to cinv: 0.949874686716792
  warnings.warn(f"Hartlap correction to cinv: {hartlap_correction}")
/users/smp24dhl/cosmo/code/act_dr6_lenslike/act_dr6_lenslike/act_dr6_lenslike.py:416: UserWarning: Hartlap correction to cinv: 0.949874686716792
  warnings.warn(f"Hartlap correction to cinv: {hartlap_correction}")
Loading ACT DR6 lensing likelihood v1.2...
[1 : bao.desi_dr2] Initialized.
Loading ACT DR6 lensing likelihood v1.2...
[0 : bao.desi_dr2] Initialized.
/users/smp24dhl/cosmo/code/act_dr6_lenslike/act_dr6_lenslike/act_dr6_lenslike.py:416: UserWarning: Hartlap correction to cinv: 0.949874686716792
  warnings.warn(f"Hartlap correction to cinv: {hartlap_correction}")
Loading ACT DR6 lensing likelihood v1.2...
[3 : bao.desi_dr2] Initialized.
/users/smp24dhl/cosmo/code/act_dr6_lenslike/act_dr6_lenslike/act_dr6_lenslike.py:416: UserWarning: Hartlap correction to cinv: 0.949874686716792
  warnings.warn(f"Hartlap correction to cinv: {hartlap_correction}")
Loading ACT DR6 lensing likelihood v1.2...
[2 : bao.desi_dr2] Initialized.
[1 : mcmc] Getting initial point... (this may take a few seconds)
[2 : mcmc] Getting initial point... (this may take a few seconds)
[3 : mcmc] Getting initial point... (this may take a few seconds)
[0 : mcmc] Getting initial point... (this may take a few seconds)
/users/smp24dhl/cosmo/code/pyWMAP/wmaplike/wmap.py:654: RuntimeWarning: invalid value encountered in divide
  fisher = -self.r_off_tttt / np.sqrt(TTTT * TTTT[..., np.newaxis]) + \
/users/smp24dhl/cosmo/code/pyWMAP/wmaplike/wmap.py:654: RuntimeWarning: invalid value encountered in divide
  fisher = -self.r_off_tttt / np.sqrt(TTTT * TTTT[..., np.newaxis]) + \
/users/smp24dhl/cosmo/code/pyWMAP/wmaplike/wmap.py:655: RuntimeWarning: invalid value encountered in divide
  self.epsilon / (TTTT * TTTT[..., np.newaxis])
/users/smp24dhl/cosmo/code/pyWMAP/wmaplike/wmap.py:655: RuntimeWarning: invalid value encountered in divide
  self.epsilon / (TTTT * TTTT[..., np.newaxis])
/users/smp24dhl/cosmo/code/pyWMAP/wmaplike/wmap.py:749: RuntimeWarning: invalid value encountered in divide
  fisher = -self.r_off_tete / np.sqrt(TETE * TETE[..., np.newaxis])
/users/smp24dhl/cosmo/code/pyWMAP/wmaplike/wmap.py:749: RuntimeWarning: invalid value encountered in divide
  fisher = -self.r_off_tete / np.sqrt(TETE * TETE[..., np.newaxis])
/users/smp24dhl/cosmo/code/pyWMAP/wmaplike/wmap.py:654: RuntimeWarning: invalid value encountered in divide
  fisher = -self.r_off_tttt / np.sqrt(TTTT * TTTT[..., np.newaxis]) + \
/users/smp24dhl/cosmo/code/pyWMAP/wmaplike/wmap.py:654: RuntimeWarning: invalid value encountered in divide
  fisher = -self.r_off_tttt / np.sqrt(TTTT * TTTT[..., np.newaxis]) + \
/users/smp24dhl/cosmo/code/pyWMAP/wmaplike/wmap.py:655: RuntimeWarning: invalid value encountered in divide
  self.epsilon / (TTTT * TTTT[..., np.newaxis])
/users/smp24dhl/cosmo/code/pyWMAP/wmaplike/wmap.py:655: RuntimeWarning: invalid value encountered in divide
  self.epsilon / (TTTT * TTTT[..., np.newaxis])
/users/smp24dhl/cosmo/code/pyWMAP/wmaplike/wmap.py:749: RuntimeWarning: invalid value encountered in divide
  fisher = -self.r_off_tete / np.sqrt(TETE * TETE[..., np.newaxis])
/users/smp24dhl/cosmo/code/pyWMAP/wmaplike/wmap.py:749: RuntimeWarning: invalid value encountered in divide
  fisher = -self.r_off_tete / np.sqrt(TETE * TETE[..., np.newaxis])
[2 : mcmc] Initial point: logA:3.048219, ns:0.9604009, theta_MC_100:1.041597, ombh2:0.02253924, omch2:0.11954, w:-0.9862051, wa:0.05688766, tau:0.04030888, A_act:0.9951447, P_act:0.9050808
[0 : mcmc] Initial point: logA:3.05085, ns:0.9669011, theta_MC_100:1.040452, ombh2:0.02257646, omch2:0.1202574, w:-1.009307, wa:-0.006493147, tau:0.04641913, A_act:1.028253, P_act:0.9323119
[1 : mcmc] Initial point: logA:3.049424, ns:0.9673109, theta_MC_100:1.041679, ombh2:0.02234375, omch2:0.1177689, w:-0.9810704, wa:-0.01859345, tau:0.04958984, A_act:1.029244, P_act:1.053961
[3 : mcmc] Initial point: logA:3.049259, ns:0.9676076, theta_MC_100:1.042158, ombh2:0.0224121, omch2:0.1197677, w:-0.9984796, wa:-0.04719697, tau:0.0526586, A_act:0.9046346, P_act:1.02285
[0 : model] Measuring speeds... (this may take a few seconds)
[0 : model] Setting measured speeds (per sec): {act_dr6_cmbonly: 444.0, wmaplike.WMAPLike: 3.3, act_dr6_lenslike.ACTDR6LensLike: 10.5, bao.desi_dr2: 1060.0, camb.transfers: 0.0762, camb: 0.158}
[0 : mcmc] Dragging with number of interpolating steps:
[0 : mcmc] * 1 : [['theta_MC_100', 'ombh2', 'omch2', 'w', 'wa', 'tau'], ['logA', 'ns']]
[0 : mcmc] * 9 : [['A_act', 'P_act']]
[0 : autoselect_covmat] No cached covmat database present, not usable or not up-to-date. Will be re-created and cached.
[0 : mcmc] Covariance matrix selected automatically: /users/smp24dhl/cosmo/data/planck_supp_data_and_covmats/covmats/base_w_wa_plikHM_TT_lowTEB_BAO.covmat
[0 : mcmc] Covariance matrix loaded for params ['ombh2', 'omch2', 'theta_MC_100', 'tau', 'w', 'wa', 'logA', 'ns']
[0 : mcmc] Missing proposal covariance for params ['A_act', 'P_act']
[0 : mcmc] Covariance matrix not complete. We will start learning the covariance of the proposal earlier: R-1 = 30 (would be 2 if all params loaded).
[0 : mcmc] *WARNING* The initial points are widely dispersed compared to the proposal covariance, it may take a long time to burn in (max dist to start mean: [12.978102089192996, 13.308213716045662, 2.4490080222759376, 28.228175809124547])
[0 : mcmc] Sampling!
/users/smp24dhl/cosmo/code/pyWMAP/wmaplike/wmap.py:654: RuntimeWarning: invalid value encountered in divide
  fisher = -self.r_off_tttt / np.sqrt(TTTT * TTTT[..., np.newaxis]) + \
/users/smp24dhl/cosmo/code/pyWMAP/wmaplike/wmap.py:655: RuntimeWarning: invalid value encountered in divide
  self.epsilon / (TTTT * TTTT[..., np.newaxis])
/users/smp24dhl/cosmo/code/pyWMAP/wmaplike/wmap.py:654: RuntimeWarning: invalid value encountered in divide
  fisher = -self.r_off_tttt / np.sqrt(TTTT * TTTT[..., np.newaxis]) + \
/users/smp24dhl/cosmo/code/pyWMAP/wmaplike/wmap.py:655: RuntimeWarning: invalid value encountered in divide
  self.epsilon / (TTTT * TTTT[..., np.newaxis])
/users/smp24dhl/cosmo/code/pyWMAP/wmaplike/wmap.py:654: RuntimeWarning: invalid value encountered in divide
  fisher = -self.r_off_tttt / np.sqrt(TTTT * TTTT[..., np.newaxis]) + \
/users/smp24dhl/cosmo/code/pyWMAP/wmaplike/wmap.py:655: RuntimeWarning: invalid value encountered in divide
  self.epsilon / (TTTT * TTTT[..., np.newaxis])
/users/smp24dhl/cosmo/code/pyWMAP/wmaplike/wmap.py:749: RuntimeWarning: invalid value encountered in divide
  fisher = -self.r_off_tete / np.sqrt(TETE * TETE[..., np.newaxis])
/users/smp24dhl/cosmo/code/pyWMAP/wmaplike/wmap.py:749: RuntimeWarning: invalid value encountered in divide
  fisher = -self.r_off_tete / np.sqrt(TETE * TETE[..., np.newaxis])
/users/smp24dhl/cosmo/code/pyWMAP/wmaplike/wmap.py:749: RuntimeWarning: invalid value encountered in divide
  fisher = -self.r_off_tete / np.sqrt(TETE * TETE[..., np.newaxis])
/users/smp24dhl/cosmo/code/pyWMAP/wmaplike/wmap.py:654: RuntimeWarning: invalid value encountered in divide
  fisher = -self.r_off_tttt / np.sqrt(TTTT * TTTT[..., np.newaxis]) + \
/users/smp24dhl/cosmo/code/pyWMAP/wmaplike/wmap.py:655: RuntimeWarning: invalid value encountered in divide
  self.epsilon / (TTTT * TTTT[..., np.newaxis])
/users/smp24dhl/cosmo/code/pyWMAP/wmaplike/wmap.py:749: RuntimeWarning: invalid value encountered in divide
  fisher = -self.r_off_tete / np.sqrt(TETE * TETE[..., np.newaxis])
[1 : mcmc] Progress @ 2025-05-21 17:51:15 : 1 steps taken, and 0 accepted.
[0 : mcmc] Progress @ 2025-05-21 17:51:15 : 1 steps taken, and 0 accepted.
[2 : mcmc] Progress @ 2025-05-21 17:51:29 : 1 steps taken, and 0 accepted.
[3 : mcmc] Progress @ 2025-05-21 17:51:29 : 1 steps taken, and 0 accepted.
[0 : mcmc] Progress @ 2025-05-21 17:52:21 : 5 steps taken, and 0 accepted.
[1 : mcmc] Progress @ 2025-05-21 17:52:34 : 5 steps taken, and 0 accepted.
[2 : mcmc] Progress @ 2025-05-21 17:52:34 : 5 steps taken, and 1 accepted.
[3 : mcmc] Progress @ 2025-05-21 17:52:35 : 5 steps taken, and 1 accepted.
/users/smp24dhl/cosmo/code/pyWMAP/wmaplike/wmap.py:654: RuntimeWarning: invalid value encountered in divide
  fisher = -self.r_off_tttt / np.sqrt(TTTT * TTTT[..., np.newaxis]) + \
/users/smp24dhl/cosmo/code/pyWMAP/wmaplike/wmap.py:655: RuntimeWarning: invalid value encountered in divide
  self.epsilon / (TTTT * TTTT[..., np.newaxis])
/users/smp24dhl/cosmo/code/pyWMAP/wmaplike/wmap.py:749: RuntimeWarning: invalid value encountered in divide
  fisher = -self.r_off_tete / np.sqrt(TETE * TETE[..., np.newaxis])
/users/smp24dhl/cosmo/code/pyWMAP/wmaplike/wmap.py:654: RuntimeWarning: invalid value encountered in divide
  fisher = -self.r_off_tttt / np.sqrt(TTTT * TTTT[..., np.newaxis]) + \
/users/smp24dhl/cosmo/code/pyWMAP/wmaplike/wmap.py:655: RuntimeWarning: invalid value encountered in divide
  self.epsilon / (TTTT * TTTT[..., np.newaxis])
/users/smp24dhl/cosmo/code/pyWMAP/wmaplike/wmap.py:749: RuntimeWarning: invalid value encountered in divide
  fisher = -self.r_off_tete / np.sqrt(TETE * TETE[..., np.newaxis])
[0 : mcmc] Progress @ 2025-05-21 17:53:27 : 9 steps taken, and 0 accepted.
[1 : mcmc] Progress @ 2025-05-21 17:53:40 : 9 steps taken, and 2 accepted.
[3 : mcmc] Progress @ 2025-05-21 17:53:41 : 9 steps taken, and 4 accepted.
[2 : mcmc] Progress @ 2025-05-21 17:53:47 : 10 steps taken, and 3 accepted.
/users/smp24dhl/cosmo/code/pyWMAP/wmaplike/wmap.py:654: RuntimeWarning: invalid value encountered in divide
  fisher = -self.r_off_tttt / np.sqrt(TTTT * TTTT[..., np.newaxis]) + \
/users/smp24dhl/cosmo/code/pyWMAP/wmaplike/wmap.py:655: RuntimeWarning: invalid value encountered in divide
  self.epsilon / (TTTT * TTTT[..., np.newaxis])
/users/smp24dhl/cosmo/code/pyWMAP/wmaplike/wmap.py:749: RuntimeWarning: invalid value encountered in divide
  fisher = -self.r_off_tete / np.sqrt(TETE * TETE[..., np.newaxis])
/users/smp24dhl/cosmo/code/pyWMAP/wmaplike/wmap.py:654: RuntimeWarning: invalid value encountered in divide
  fisher = -self.r_off_tttt / np.sqrt(TTTT * TTTT[..., np.newaxis]) + \
/users/smp24dhl/cosmo/code/pyWMAP/wmaplike/wmap.py:655: RuntimeWarning: invalid value encountered in divide
  self.epsilon / (TTTT * TTTT[..., np.newaxis])
/users/smp24dhl/cosmo/code/pyWMAP/wmaplike/wmap.py:749: RuntimeWarning: invalid value encountered in divide
  fisher = -self.r_off_tete / np.sqrt(TETE * TETE[..., np.newaxis])
/users/smp24dhl/cosmo/code/pyWMAP/wmaplike/wmap.py:654: RuntimeWarning: invalid value encountered in divide
  fisher = -self.r_off_tttt / np.sqrt(TTTT * TTTT[..., np.newaxis]) + \
/users/smp24dhl/cosmo/code/pyWMAP/wmaplike/wmap.py:655: RuntimeWarning: invalid value encountered in divide
  self.epsilon / (TTTT * TTTT[..., np.newaxis])
/users/smp24dhl/cosmo/code/pyWMAP/wmaplike/wmap.py:749: RuntimeWarning: invalid value encountered in divide
  fisher = -self.r_off_tete / np.sqrt(TETE * TETE[..., np.newaxis])
[1 : mcmc] Progress @ 2025-05-21 17:54:44 : 13 steps taken, and 3 accepted.
[0 : mcmc] Progress @ 2025-05-21 17:54:46 : 13 steps taken, and 0 accepted.
[3 : mcmc] Progress @ 2025-05-21 17:54:48 : 14 steps taken, and 5 accepted.
/users/smp24dhl/cosmo/code/pyWMAP/wmaplike/wmap.py:654: RuntimeWarning: invalid value encountered in divide
  fisher = -self.r_off_tttt / np.sqrt(TTTT * TTTT[..., np.newaxis]) + \
/users/smp24dhl/cosmo/code/pyWMAP/wmaplike/wmap.py:655: RuntimeWarning: invalid value encountered in divide
  self.epsilon / (TTTT * TTTT[..., np.newaxis])
/users/smp24dhl/cosmo/code/pyWMAP/wmaplike/wmap.py:749: RuntimeWarning: invalid value encountered in divide
  fisher = -self.r_off_tete / np.sqrt(TETE * TETE[..., np.newaxis])
[2 : mcmc] Progress @ 2025-05-21 17:55:06 : 14 steps taken, and 4 accepted.
/users/smp24dhl/cosmo/code/pyWMAP/wmaplike/wmap.py:654: RuntimeWarning: invalid value encountered in divide
  fisher = -self.r_off_tttt / np.sqrt(TTTT * TTTT[..., np.newaxis]) + \
/users/smp24dhl/cosmo/code/pyWMAP/wmaplike/wmap.py:655: RuntimeWarning: invalid value encountered in divide
  self.epsilon / (TTTT * TTTT[..., np.newaxis])
/users/smp24dhl/cosmo/code/pyWMAP/wmaplike/wmap.py:749: RuntimeWarning: invalid value encountered in divide
  fisher = -self.r_off_tete / np.sqrt(TETE * TETE[..., np.newaxis])
/users/smp24dhl/cosmo/code/pyWMAP/wmaplike/wmap.py:654: RuntimeWarning: invalid value encountered in divide
  fisher = -self.r_off_tttt / np.sqrt(TTTT * TTTT[..., np.newaxis]) + \
/users/smp24dhl/cosmo/code/pyWMAP/wmaplike/wmap.py:655: RuntimeWarning: invalid value encountered in divide
  self.epsilon / (TTTT * TTTT[..., np.newaxis])
/users/smp24dhl/cosmo/code/pyWMAP/wmaplike/wmap.py:749: RuntimeWarning: invalid value encountered in divide
  fisher = -self.r_off_tete / np.sqrt(TETE * TETE[..., np.newaxis])
[1 : mcmc] Progress @ 2025-05-21 17:55:49 : 17 steps taken, and 4 accepted.
[3 : mcmc] Progress @ 2025-05-21 17:55:54 : 18 steps taken, and 6 accepted.
[0 : mcmc] Progress @ 2025-05-21 17:55:58 : 19 steps taken, and 1 accepted.
/users/smp24dhl/cosmo/code/pyWMAP/wmaplike/wmap.py:654: RuntimeWarning: invalid value encountered in divide
  fisher = -self.r_off_tttt / np.sqrt(TTTT * TTTT[..., np.newaxis]) + \
/users/smp24dhl/cosmo/code/pyWMAP/wmaplike/wmap.py:655: RuntimeWarning: invalid value encountered in divide
  self.epsilon / (TTTT * TTTT[..., np.newaxis])
/users/smp24dhl/cosmo/code/pyWMAP/wmaplike/wmap.py:749: RuntimeWarning: invalid value encountered in divide
  fisher = -self.r_off_tete / np.sqrt(TETE * TETE[..., np.newaxis])
/users/smp24dhl/cosmo/code/pyWMAP/wmaplike/wmap.py:654: RuntimeWarning: invalid value encountered in divide
  fisher = -self.r_off_tttt / np.sqrt(TTTT * TTTT[..., np.newaxis]) + \
/users/smp24dhl/cosmo/code/pyWMAP/wmaplike/wmap.py:655: RuntimeWarning: invalid value encountered in divide
  self.epsilon / (TTTT * TTTT[..., np.newaxis])
/users/smp24dhl/cosmo/code/pyWMAP/wmaplike/wmap.py:749: RuntimeWarning: invalid value encountered in divide
  fisher = -self.r_off_tete / np.sqrt(TETE * TETE[..., np.newaxis])
[2 : mcmc] Progress @ 2025-05-21 17:56:12 : 18 steps taken, and 6 accepted.
/users/smp24dhl/cosmo/code/pyWMAP/wmaplike/wmap.py:654: RuntimeWarning: invalid value encountered in divide
  fisher = -self.r_off_tttt / np.sqrt(TTTT * TTTT[..., np.newaxis]) + \
/users/smp24dhl/cosmo/code/pyWMAP/wmaplike/wmap.py:655: RuntimeWarning: invalid value encountered in divide
  self.epsilon / (TTTT * TTTT[..., np.newaxis])
/users/smp24dhl/cosmo/code/pyWMAP/wmaplike/wmap.py:749: RuntimeWarning: invalid value encountered in divide
  fisher = -self.r_off_tete / np.sqrt(TETE * TETE[..., np.newaxis])
/users/smp24dhl/cosmo/code/pyWMAP/wmaplike/wmap.py:654: RuntimeWarning: invalid value encountered in divide
  fisher = -self.r_off_tttt / np.sqrt(TTTT * TTTT[..., np.newaxis]) + \
/users/smp24dhl/cosmo/code/pyWMAP/wmaplike/wmap.py:655: RuntimeWarning: invalid value encountered in divide
  self.epsilon / (TTTT * TTTT[..., np.newaxis])
/users/smp24dhl/cosmo/code/pyWMAP/wmaplike/wmap.py:749: RuntimeWarning: invalid value encountered in divide
  fisher = -self.r_off_tete / np.sqrt(TETE * TETE[..., np.newaxis])
[1 : mcmc] Progress @ 2025-05-21 17:56:55 : 22 steps taken, and 4 accepted.
[0 : mcmc] Progress @ 2025-05-21 17:57:03 : 23 steps taken, and 3 accepted.
[3 : mcmc] Progress @ 2025-05-21 17:57:06 : 23 steps taken, and 9 accepted.
/users/smp24dhl/cosmo/code/pyWMAP/wmaplike/wmap.py:654: RuntimeWarning: invalid value encountered in divide
  fisher = -self.r_off_tttt / np.sqrt(TTTT * TTTT[..., np.newaxis]) + \
/users/smp24dhl/cosmo/code/pyWMAP/wmaplike/wmap.py:655: RuntimeWarning: invalid value encountered in divide
  self.epsilon / (TTTT * TTTT[..., np.newaxis])
/users/smp24dhl/cosmo/code/pyWMAP/wmaplike/wmap.py:749: RuntimeWarning: invalid value encountered in divide
  fisher = -self.r_off_tete / np.sqrt(TETE * TETE[..., np.newaxis])
[2 : mcmc] Progress @ 2025-05-21 17:57:24 : 23 steps taken, and 7 accepted.
/users/smp24dhl/cosmo/code/pyWMAP/wmaplike/wmap.py:654: RuntimeWarning: invalid value encountered in divide
  fisher = -self.r_off_tttt / np.sqrt(TTTT * TTTT[..., np.newaxis]) + \
/users/smp24dhl/cosmo/code/pyWMAP/wmaplike/wmap.py:655: RuntimeWarning: invalid value encountered in divide
  self.epsilon / (TTTT * TTTT[..., np.newaxis])
/users/smp24dhl/cosmo/code/pyWMAP/wmaplike/wmap.py:749: RuntimeWarning: invalid value encountered in divide
  fisher = -self.r_off_tete / np.sqrt(TETE * TETE[..., np.newaxis])
/users/smp24dhl/cosmo/code/pyWMAP/wmaplike/wmap.py:654: RuntimeWarning: invalid value encountered in divide
  fisher = -self.r_off_tttt / np.sqrt(TTTT * TTTT[..., np.newaxis]) + \
/users/smp24dhl/cosmo/code/pyWMAP/wmaplike/wmap.py:655: RuntimeWarning: invalid value encountered in divide
  self.epsilon / (TTTT * TTTT[..., np.newaxis])
/users/smp24dhl/cosmo/code/pyWMAP/wmaplike/wmap.py:749: RuntimeWarning: invalid value encountered in divide
  fisher = -self.r_off_tete / np.sqrt(TETE * TETE[..., np.newaxis])
[1 : mcmc] Progress @ 2025-05-21 17:58:07 : 27 steps taken, and 5 accepted.
[0 : mcmc] Progress @ 2025-05-21 17:58:10 : 27 steps taken, and 4 accepted.
[3 : mcmc] Progress @ 2025-05-21 17:58:12 : 27 steps taken, and 11 accepted.
/users/smp24dhl/cosmo/code/pyWMAP/wmaplike/wmap.py:654: RuntimeWarning: invalid value encountered in divide
  fisher = -self.r_off_tttt / np.sqrt(TTTT * TTTT[..., np.newaxis]) + \
/users/smp24dhl/cosmo/code/pyWMAP/wmaplike/wmap.py:655: RuntimeWarning: invalid value encountered in divide
  self.epsilon / (TTTT * TTTT[..., np.newaxis])
/users/smp24dhl/cosmo/code/pyWMAP/wmaplike/wmap.py:749: RuntimeWarning: invalid value encountered in divide
  fisher = -self.r_off_tete / np.sqrt(TETE * TETE[..., np.newaxis])
/users/smp24dhl/cosmo/code/pyWMAP/wmaplike/wmap.py:654: RuntimeWarning: invalid value encountered in divide
  fisher = -self.r_off_tttt / np.sqrt(TTTT * TTTT[..., np.newaxis]) + \
/users/smp24dhl/cosmo/code/pyWMAP/wmaplike/wmap.py:655: RuntimeWarning: invalid value encountered in divide
  self.epsilon / (TTTT * TTTT[..., np.newaxis])
/users/smp24dhl/cosmo/code/pyWMAP/wmaplike/wmap.py:749: RuntimeWarning: invalid value encountered in divide
  fisher = -self.r_off_tete / np.sqrt(TETE * TETE[..., np.newaxis])
/users/smp24dhl/cosmo/code/pyWMAP/wmaplike/wmap.py:654: RuntimeWarning: invalid value encountered in divide
  fisher = -self.r_off_tttt / np.sqrt(TTTT * TTTT[..., np.newaxis]) + \
/users/smp24dhl/cosmo/code/pyWMAP/wmaplike/wmap.py:655: RuntimeWarning: invalid value encountered in divide
  self.epsilon / (TTTT * TTTT[..., np.newaxis])
/users/smp24dhl/cosmo/code/pyWMAP/wmaplike/wmap.py:749: RuntimeWarning: invalid value encountered in divide
  fisher = -self.r_off_tete / np.sqrt(TETE * TETE[..., np.newaxis])
[2 : mcmc] Progress @ 2025-05-21 17:58:37 : 30 steps taken, and 9 accepted.
/users/smp24dhl/cosmo/code/pyWMAP/wmaplike/wmap.py:654: RuntimeWarning: invalid value encountered in divide
  fisher = -self.r_off_tttt / np.sqrt(TTTT * TTTT[..., np.newaxis]) + \
/users/smp24dhl/cosmo/code/pyWMAP/wmaplike/wmap.py:655: RuntimeWarning: invalid value encountered in divide
  self.epsilon / (TTTT * TTTT[..., np.newaxis])
/users/smp24dhl/cosmo/code/pyWMAP/wmaplike/wmap.py:749: RuntimeWarning: invalid value encountered in divide
  fisher = -self.r_off_tete / np.sqrt(TETE * TETE[..., np.newaxis])
[1 : mcmc] Progress @ 2025-05-21 17:59:12 : 32 steps taken, and 5 accepted.
[0 : mcmc] Progress @ 2025-05-21 17:59:16 : 31 steps taken, and 4 accepted.
[3 : mcmc] Progress @ 2025-05-21 17:59:18 : 31 steps taken, and 12 accepted.
/users/smp24dhl/cosmo/code/pyWMAP/wmaplike/wmap.py:654: RuntimeWarning: invalid value encountered in divide
  fisher = -self.r_off_tttt / np.sqrt(TTTT * TTTT[..., np.newaxis]) + \
/users/smp24dhl/cosmo/code/pyWMAP/wmaplike/wmap.py:655: RuntimeWarning: invalid value encountered in divide
  self.epsilon / (TTTT * TTTT[..., np.newaxis])
/users/smp24dhl/cosmo/code/pyWMAP/wmaplike/wmap.py:749: RuntimeWarning: invalid value encountered in divide
  fisher = -self.r_off_tete / np.sqrt(TETE * TETE[..., np.newaxis])
[2 : mcmc] Progress @ 2025-05-21 17:59:40 : 36 steps taken, and 10 accepted.
/users/smp24dhl/cosmo/code/pyWMAP/wmaplike/wmap.py:654: RuntimeWarning: invalid value encountered in divide
  fisher = -self.r_off_tttt / np.sqrt(TTTT * TTTT[..., np.newaxis]) + \
/users/smp24dhl/cosmo/code/pyWMAP/wmaplike/wmap.py:655: RuntimeWarning: invalid value encountered in divide
  self.epsilon / (TTTT * TTTT[..., np.newaxis])
/users/smp24dhl/cosmo/code/pyWMAP/wmaplike/wmap.py:749: RuntimeWarning: invalid value encountered in divide
  fisher = -self.r_off_tete / np.sqrt(TETE * TETE[..., np.newaxis])
[0 : mcmc] Progress @ 2025-05-21 18:00:21 : 35 steps taken, and 4 accepted.
[1 : mcmc] Progress @ 2025-05-21 18:00:31 : 37 steps taken, and 8 accepted.
/users/smp24dhl/cosmo/code/pyWMAP/wmaplike/wmap.py:654: RuntimeWarning: invalid value encountered in divide
  fisher = -self.r_off_tttt / np.sqrt(TTTT * TTTT[..., np.newaxis]) + \
/users/smp24dhl/cosmo/code/pyWMAP/wmaplike/wmap.py:655: RuntimeWarning: invalid value encountered in divide
  self.epsilon / (TTTT * TTTT[..., np.newaxis])
/users/smp24dhl/cosmo/code/pyWMAP/wmaplike/wmap.py:749: RuntimeWarning: invalid value encountered in divide
  fisher = -self.r_off_tete / np.sqrt(TETE * TETE[..., np.newaxis])
[3 : mcmc] Progress @ 2025-05-21 18:00:38 : 35 steps taken, and 14 accepted.
/users/smp24dhl/cosmo/code/pyWMAP/wmaplike/wmap.py:654: RuntimeWarning: invalid value encountered in divide
  fisher = -self.r_off_tttt / np.sqrt(TTTT * TTTT[..., np.newaxis]) + \
/users/smp24dhl/cosmo/code/pyWMAP/wmaplike/wmap.py:655: RuntimeWarning: invalid value encountered in divide
  self.epsilon / (TTTT * TTTT[..., np.newaxis])
/users/smp24dhl/cosmo/code/pyWMAP/wmaplike/wmap.py:749: RuntimeWarning: invalid value encountered in divide
  fisher = -self.r_off_tete / np.sqrt(TETE * TETE[..., np.newaxis])
[2 : mcmc] Progress @ 2025-05-21 18:00:59 : 43 steps taken, and 11 accepted.
/users/smp24dhl/cosmo/code/pyWMAP/wmaplike/wmap.py:654: RuntimeWarning: invalid value encountered in divide
  fisher = -self.r_off_tttt / np.sqrt(TTTT * TTTT[..., np.newaxis]) + \
/users/smp24dhl/cosmo/code/pyWMAP/wmaplike/wmap.py:655: RuntimeWarning: invalid value encountered in divide
  self.epsilon / (TTTT * TTTT[..., np.newaxis])
/users/smp24dhl/cosmo/code/pyWMAP/wmaplike/wmap.py:749: RuntimeWarning: invalid value encountered in divide
  fisher = -self.r_off_tete / np.sqrt(TETE * TETE[..., np.newaxis])
[0 : mcmc] Progress @ 2025-05-21 18:01:27 : 39 steps taken, and 4 accepted.
[1 : mcmc] Progress @ 2025-05-21 18:01:50 : 43 steps taken, and 9 accepted.
[3 : mcmc] Progress @ 2025-05-21 18:01:51 : 40 steps taken, and 17 accepted.
/users/smp24dhl/cosmo/code/pyWMAP/wmaplike/wmap.py:654: RuntimeWarning: invalid value encountered in divide
  fisher = -self.r_off_tttt / np.sqrt(TTTT * TTTT[..., np.newaxis]) + \
/users/smp24dhl/cosmo/code/pyWMAP/wmaplike/wmap.py:655: RuntimeWarning: invalid value encountered in divide
  self.epsilon / (TTTT * TTTT[..., np.newaxis])
/users/smp24dhl/cosmo/code/pyWMAP/wmaplike/wmap.py:749: RuntimeWarning: invalid value encountered in divide
  fisher = -self.r_off_tete / np.sqrt(TETE * TETE[..., np.newaxis])
/users/smp24dhl/cosmo/code/pyWMAP/wmaplike/wmap.py:654: RuntimeWarning: invalid value encountered in divide
  fisher = -self.r_off_tttt / np.sqrt(TTTT * TTTT[..., np.newaxis]) + \
/users/smp24dhl/cosmo/code/pyWMAP/wmaplike/wmap.py:655: RuntimeWarning: invalid value encountered in divide
  self.epsilon / (TTTT * TTTT[..., np.newaxis])
/users/smp24dhl/cosmo/code/pyWMAP/wmaplike/wmap.py:749: RuntimeWarning: invalid value encountered in divide
  fisher = -self.r_off_tete / np.sqrt(TETE * TETE[..., np.newaxis])
[2 : mcmc] Progress @ 2025-05-21 18:02:18 : 47 steps taken, and 11 accepted.
[0 : mcmc] Progress @ 2025-05-21 18:02:46 : 43 steps taken, and 4 accepted.
[1 : mcmc] Progress @ 2025-05-21 18:02:55 : 47 steps taken, and 9 accepted.
[3 : mcmc] Progress @ 2025-05-21 18:02:57 : 44 steps taken, and 19 accepted.
/users/smp24dhl/cosmo/code/pyWMAP/wmaplike/wmap.py:654: RuntimeWarning: invalid value encountered in divide
  fisher = -self.r_off_tttt / np.sqrt(TTTT * TTTT[..., np.newaxis]) + \
/users/smp24dhl/cosmo/code/pyWMAP/wmaplike/wmap.py:655: RuntimeWarning: invalid value encountered in divide
  self.epsilon / (TTTT * TTTT[..., np.newaxis])
/users/smp24dhl/cosmo/code/pyWMAP/wmaplike/wmap.py:749: RuntimeWarning: invalid value encountered in divide
  fisher = -self.r_off_tete / np.sqrt(TETE * TETE[..., np.newaxis])
[2 : mcmc] Progress @ 2025-05-21 18:03:37 : 52 steps taken, and 12 accepted.
/users/smp24dhl/cosmo/code/pyWMAP/wmaplike/wmap.py:654: RuntimeWarning: invalid value encountered in divide
  fisher = -self.r_off_tttt / np.sqrt(TTTT * TTTT[..., np.newaxis]) + \
/users/smp24dhl/cosmo/code/pyWMAP/wmaplike/wmap.py:655: RuntimeWarning: invalid value encountered in divide
  self.epsilon / (TTTT * TTTT[..., np.newaxis])
/users/smp24dhl/cosmo/code/pyWMAP/wmaplike/wmap.py:749: RuntimeWarning: invalid value encountered in divide
  fisher = -self.r_off_tete / np.sqrt(TETE * TETE[..., np.newaxis])
[0 : mcmc] Progress @ 2025-05-21 18:03:59 : 48 steps taken, and 4 accepted.
[1 : mcmc] Progress @ 2025-05-21 18:04:01 : 52 steps taken, and 9 accepted.
[3 : mcmc] Progress @ 2025-05-21 18:04:04 : 48 steps taken, and 20 accepted.
/users/smp24dhl/cosmo/code/pyWMAP/wmaplike/wmap.py:654: RuntimeWarning: invalid value encountered in divide
  fisher = -self.r_off_tttt / np.sqrt(TTTT * TTTT[..., np.newaxis]) + \
/users/smp24dhl/cosmo/code/pyWMAP/wmaplike/wmap.py:655: RuntimeWarning: invalid value encountered in divide
  self.epsilon / (TTTT * TTTT[..., np.newaxis])
/users/smp24dhl/cosmo/code/pyWMAP/wmaplike/wmap.py:749: RuntimeWarning: invalid value encountered in divide
  fisher = -self.r_off_tete / np.sqrt(TETE * TETE[..., np.newaxis])
[2 : mcmc] Progress @ 2025-05-21 18:04:50 : 57 steps taken, and 13 accepted.
[1 : mcmc] Progress @ 2025-05-21 18:05:07 : 56 steps taken, and 11 accepted.
/users/smp24dhl/cosmo/code/pyWMAP/wmaplike/wmap.py:654: RuntimeWarning: invalid value encountered in divide
  fisher = -self.r_off_tttt / np.sqrt(TTTT * TTTT[..., np.newaxis]) + \
/users/smp24dhl/cosmo/code/pyWMAP/wmaplike/wmap.py:655: RuntimeWarning: invalid value encountered in divide
  self.epsilon / (TTTT * TTTT[..., np.newaxis])
/users/smp24dhl/cosmo/code/pyWMAP/wmaplike/wmap.py:749: RuntimeWarning: invalid value encountered in divide
  fisher = -self.r_off_tete / np.sqrt(TETE * TETE[..., np.newaxis])
[3 : mcmc] Progress @ 2025-05-21 18:05:11 : 53 steps taken, and 21 accepted.
[0 : mcmc] Progress @ 2025-05-21 18:05:12 : 53 steps taken, and 5 accepted.
/users/smp24dhl/cosmo/code/pyWMAP/wmaplike/wmap.py:654: RuntimeWarning: invalid value encountered in divide
  fisher = -self.r_off_tttt / np.sqrt(TTTT * TTTT[..., np.newaxis]) + \
/users/smp24dhl/cosmo/code/pyWMAP/wmaplike/wmap.py:655: RuntimeWarning: invalid value encountered in divide
  self.epsilon / (TTTT * TTTT[..., np.newaxis])
/users/smp24dhl/cosmo/code/pyWMAP/wmaplike/wmap.py:749: RuntimeWarning: invalid value encountered in divide
  fisher = -self.r_off_tete / np.sqrt(TETE * TETE[..., np.newaxis])
/users/smp24dhl/cosmo/code/pyWMAP/wmaplike/wmap.py:654: RuntimeWarning: invalid value encountered in divide
  fisher = -self.r_off_tttt / np.sqrt(TTTT * TTTT[..., np.newaxis]) + \
/users/smp24dhl/cosmo/code/pyWMAP/wmaplike/wmap.py:655: RuntimeWarning: invalid value encountered in divide
  self.epsilon / (TTTT * TTTT[..., np.newaxis])
/users/smp24dhl/cosmo/code/pyWMAP/wmaplike/wmap.py:749: RuntimeWarning: invalid value encountered in divide
  fisher = -self.r_off_tete / np.sqrt(TETE * TETE[..., np.newaxis])
/users/smp24dhl/cosmo/code/pyWMAP/wmaplike/wmap.py:654: RuntimeWarning: invalid value encountered in divide
  fisher = -self.r_off_tttt / np.sqrt(TTTT * TTTT[..., np.newaxis]) + \
/users/smp24dhl/cosmo/code/pyWMAP/wmaplike/wmap.py:655: RuntimeWarning: invalid value encountered in divide
  self.epsilon / (TTTT * TTTT[..., np.newaxis])
/users/smp24dhl/cosmo/code/pyWMAP/wmaplike/wmap.py:749: RuntimeWarning: invalid value encountered in divide
  fisher = -self.r_off_tete / np.sqrt(TETE * TETE[..., np.newaxis])
[2 : mcmc] Progress @ 2025-05-21 18:05:56 : 61 steps taken, and 14 accepted.
/users/smp24dhl/cosmo/code/pyWMAP/wmaplike/wmap.py:654: RuntimeWarning: invalid value encountered in divide
  fisher = -self.r_off_tttt / np.sqrt(TTTT * TTTT[..., np.newaxis]) + \
/users/smp24dhl/cosmo/code/pyWMAP/wmaplike/wmap.py:655: RuntimeWarning: invalid value encountered in divide
  self.epsilon / (TTTT * TTTT[..., np.newaxis])
/users/smp24dhl/cosmo/code/pyWMAP/wmaplike/wmap.py:749: RuntimeWarning: invalid value encountered in divide
  fisher = -self.r_off_tete / np.sqrt(TETE * TETE[..., np.newaxis])
[1 : mcmc] Progress @ 2025-05-21 18:06:13 : 60 steps taken, and 11 accepted.
[3 : mcmc] Progress @ 2025-05-21 18:06:17 : 57 steps taken, and 22 accepted.
/users/smp24dhl/cosmo/code/pyWMAP/wmaplike/wmap.py:654: RuntimeWarning: invalid value encountered in divide
  fisher = -self.r_off_tttt / np.sqrt(TTTT * TTTT[..., np.newaxis]) + \
/users/smp24dhl/cosmo/code/pyWMAP/wmaplike/wmap.py:655: RuntimeWarning: invalid value encountered in divide
  self.epsilon / (TTTT * TTTT[..., np.newaxis])
/users/smp24dhl/cosmo/code/pyWMAP/wmaplike/wmap.py:749: RuntimeWarning: invalid value encountered in divide
  fisher = -self.r_off_tete / np.sqrt(TETE * TETE[..., np.newaxis])
[0 : mcmc] Progress @ 2025-05-21 18:06:31 : 57 steps taken, and 6 accepted.
/users/smp24dhl/cosmo/code/pyWMAP/wmaplike/wmap.py:654: RuntimeWarning: invalid value encountered in divide
  fisher = -self.r_off_tttt / np.sqrt(TTTT * TTTT[..., np.newaxis]) + \
/users/smp24dhl/cosmo/code/pyWMAP/wmaplike/wmap.py:655: RuntimeWarning: invalid value encountered in divide
  self.epsilon / (TTTT * TTTT[..., np.newaxis])
/users/smp24dhl/cosmo/code/pyWMAP/wmaplike/wmap.py:749: RuntimeWarning: invalid value encountered in divide
  fisher = -self.r_off_tete / np.sqrt(TETE * TETE[..., np.newaxis])
[2 : mcmc] Progress @ 2025-05-21 18:07:01 : 65 steps taken, and 16 accepted.
/users/smp24dhl/cosmo/code/pyWMAP/wmaplike/wmap.py:654: RuntimeWarning: invalid value encountered in divide
  fisher = -self.r_off_tttt / np.sqrt(TTTT * TTTT[..., np.newaxis]) + \
/users/smp24dhl/cosmo/code/pyWMAP/wmaplike/wmap.py:655: RuntimeWarning: invalid value encountered in divide
  self.epsilon / (TTTT * TTTT[..., np.newaxis])
/users/smp24dhl/cosmo/code/pyWMAP/wmaplike/wmap.py:749: RuntimeWarning: invalid value encountered in divide
  fisher = -self.r_off_tete / np.sqrt(TETE * TETE[..., np.newaxis])
[1 : mcmc] Progress @ 2025-05-21 18:07:18 : 64 steps taken, and 12 accepted.
[3 : mcmc] Progress @ 2025-05-21 18:07:30 : 62 steps taken, and 22 accepted.
[0 : mcmc] Progress @ 2025-05-21 18:07:37 : 61 steps taken, and 8 accepted.
/users/smp24dhl/cosmo/code/pyWMAP/wmaplike/wmap.py:654: RuntimeWarning: invalid value encountered in divide
  fisher = -self.r_off_tttt / np.sqrt(TTTT * TTTT[..., np.newaxis]) + \
/users/smp24dhl/cosmo/code/pyWMAP/wmaplike/wmap.py:655: RuntimeWarning: invalid value encountered in divide
  self.epsilon / (TTTT * TTTT[..., np.newaxis])
/users/smp24dhl/cosmo/code/pyWMAP/wmaplike/wmap.py:749: RuntimeWarning: invalid value encountered in divide
  fisher = -self.r_off_tete / np.sqrt(TETE * TETE[..., np.newaxis])
/users/smp24dhl/cosmo/code/pyWMAP/wmaplike/wmap.py:654: RuntimeWarning: invalid value encountered in divide
  fisher = -self.r_off_tttt / np.sqrt(TTTT * TTTT[..., np.newaxis]) + \
/users/smp24dhl/cosmo/code/pyWMAP/wmaplike/wmap.py:655: RuntimeWarning: invalid value encountered in divide
  self.epsilon / (TTTT * TTTT[..., np.newaxis])
/users/smp24dhl/cosmo/code/pyWMAP/wmaplike/wmap.py:749: RuntimeWarning: invalid value encountered in divide
  fisher = -self.r_off_tete / np.sqrt(TETE * TETE[..., np.newaxis])
[2 : mcmc] Progress @ 2025-05-21 18:08:07 : 69 steps taken, and 17 accepted.
/users/smp24dhl/cosmo/code/pyWMAP/wmaplike/wmap.py:654: RuntimeWarning: invalid value encountered in divide
  fisher = -self.r_off_tttt / np.sqrt(TTTT * TTTT[..., np.newaxis]) + \
/users/smp24dhl/cosmo/code/pyWMAP/wmaplike/wmap.py:655: RuntimeWarning: invalid value encountered in divide
  self.epsilon / (TTTT * TTTT[..., np.newaxis])
/users/smp24dhl/cosmo/code/pyWMAP/wmaplike/wmap.py:749: RuntimeWarning: invalid value encountered in divide
  fisher = -self.r_off_tete / np.sqrt(TETE * TETE[..., np.newaxis])
[3 : mcmc] Progress @ 2025-05-21 18:08:36 : 68 steps taken, and 23 accepted.
[1 : mcmc] Progress @ 2025-05-21 18:08:37 : 68 steps taken, and 12 accepted.
[0 : mcmc] Progress @ 2025-05-21 18:08:42 : 65 steps taken, and 8 accepted.
/users/smp24dhl/cosmo/code/pyWMAP/wmaplike/wmap.py:654: RuntimeWarning: invalid value encountered in divide
  fisher = -self.r_off_tttt / np.sqrt(TTTT * TTTT[..., np.newaxis]) + \
/users/smp24dhl/cosmo/code/pyWMAP/wmaplike/wmap.py:655: RuntimeWarning: invalid value encountered in divide
  self.epsilon / (TTTT * TTTT[..., np.newaxis])
/users/smp24dhl/cosmo/code/pyWMAP/wmaplike/wmap.py:749: RuntimeWarning: invalid value encountered in divide
  fisher = -self.r_off_tete / np.sqrt(TETE * TETE[..., np.newaxis])
[2 : mcmc] Progress @ 2025-05-21 18:09:19 : 74 steps taken, and 20 accepted.
/users/smp24dhl/cosmo/code/pyWMAP/wmaplike/wmap.py:654: RuntimeWarning: invalid value encountered in divide
  fisher = -self.r_off_tttt / np.sqrt(TTTT * TTTT[..., np.newaxis]) + \
/users/smp24dhl/cosmo/code/pyWMAP/wmaplike/wmap.py:655: RuntimeWarning: invalid value encountered in divide
  self.epsilon / (TTTT * TTTT[..., np.newaxis])
/users/smp24dhl/cosmo/code/pyWMAP/wmaplike/wmap.py:749: RuntimeWarning: invalid value encountered in divide
  fisher = -self.r_off_tete / np.sqrt(TETE * TETE[..., np.newaxis])
[3 : mcmc] Progress @ 2025-05-21 18:09:42 : 72 steps taken, and 25 accepted.
[0 : mcmc] Progress @ 2025-05-21 18:09:48 : 69 steps taken, and 9 accepted.
/users/smp24dhl/cosmo/code/pyWMAP/wmaplike/wmap.py:654: RuntimeWarning: invalid value encountered in divide
  fisher = -self.r_off_tttt / np.sqrt(TTTT * TTTT[..., np.newaxis]) + \
/users/smp24dhl/cosmo/code/pyWMAP/wmaplike/wmap.py:655: RuntimeWarning: invalid value encountered in divide
  self.epsilon / (TTTT * TTTT[..., np.newaxis])
/users/smp24dhl/cosmo/code/pyWMAP/wmaplike/wmap.py:749: RuntimeWarning: invalid value encountered in divide
  fisher = -self.r_off_tete / np.sqrt(TETE * TETE[..., np.newaxis])
[1 : mcmc] Progress @ 2025-05-21 18:09:50 : 73 steps taken, and 13 accepted.
/users/smp24dhl/cosmo/code/pyWMAP/wmaplike/wmap.py:654: RuntimeWarning: invalid value encountered in divide
  fisher = -self.r_off_tttt / np.sqrt(TTTT * TTTT[..., np.newaxis]) + \
/users/smp24dhl/cosmo/code/pyWMAP/wmaplike/wmap.py:655: RuntimeWarning: invalid value encountered in divide
  self.epsilon / (TTTT * TTTT[..., np.newaxis])
/users/smp24dhl/cosmo/code/pyWMAP/wmaplike/wmap.py:749: RuntimeWarning: invalid value encountered in divide
  fisher = -self.r_off_tete / np.sqrt(TETE * TETE[..., np.newaxis])
/users/smp24dhl/cosmo/code/pyWMAP/wmaplike/wmap.py:654: RuntimeWarning: invalid value encountered in divide
  fisher = -self.r_off_tttt / np.sqrt(TTTT * TTTT[..., np.newaxis]) + \
/users/smp24dhl/cosmo/code/pyWMAP/wmaplike/wmap.py:655: RuntimeWarning: invalid value encountered in divide
  self.epsilon / (TTTT * TTTT[..., np.newaxis])
/users/smp24dhl/cosmo/code/pyWMAP/wmaplike/wmap.py:749: RuntimeWarning: invalid value encountered in divide
  fisher = -self.r_off_tete / np.sqrt(TETE * TETE[..., np.newaxis])
[2 : mcmc] Progress @ 2025-05-21 18:10:25 : 78 steps taken, and 21 accepted.
/users/smp24dhl/cosmo/code/pyWMAP/wmaplike/wmap.py:654: RuntimeWarning: invalid value encountered in divide
  fisher = -self.r_off_tttt / np.sqrt(TTTT * TTTT[..., np.newaxis]) + \
/users/smp24dhl/cosmo/code/pyWMAP/wmaplike/wmap.py:655: RuntimeWarning: invalid value encountered in divide
  self.epsilon / (TTTT * TTTT[..., np.newaxis])
/users/smp24dhl/cosmo/code/pyWMAP/wmaplike/wmap.py:749: RuntimeWarning: invalid value encountered in divide
  fisher = -self.r_off_tete / np.sqrt(TETE * TETE[..., np.newaxis])
[3 : mcmc] Progress @ 2025-05-21 18:10:48 : 76 steps taken, and 26 accepted.
[0 : mcmc] Progress @ 2025-05-21 18:10:54 : 73 steps taken, and 10 accepted.
