[0 : output] Output to be read-from/written-into folder '../chains', with prefix 'old-theory'
[1 : input] *ERROR* 'theory' could not be found. Tried loading internal and external classes. No component path was given.
[3 : input] *ERROR* 'theory' could not be found. Tried loading internal and external classes. No component path was given.
[2 : input] *ERROR* 'theory' could not be found. Tried loading internal and external classes. No component path was given.
[0 : input] *ERROR* 'theory' could not be found. Tried loading internal and external classes. No component path was given.
[0 : exception handler] ---------------------------------------

Traceback (most recent call last):
  File "/users/smp24dhl/.conda/envs/cosmos/bin/cobaya-run", line 8, in <module>
    sys.exit(run_script())
  File "/users/smp24dhl/.conda/envs/cosmos/lib/python3.9/site-packages/cobaya/run.py", line 198, in run_script
    run(info, **arguments.__dict__)
  File "/users/smp24dhl/.conda/envs/cosmos/lib/python3.9/site-packages/cobaya/run.py", line 97, in run
    updated_info = update_info(info)
  File "/users/smp24dhl/.conda/envs/cosmos/lib/python3.9/site-packages/cobaya/input.py", line 320, in update_info
    default_class_info, annotations = get_default_info(
  File "/users/smp24dhl/.conda/envs/cosmos/lib/python3.9/site-packages/cobaya/input.py", line 240, in get_default_info
    cls = get_component_class(component_or_class, kind, component_path, class_name,
  File "/users/smp24dhl/.conda/envs/cosmos/lib/python3.9/site-packages/cobaya/component.py", line 708, in get_component_class
    raise ComponentNotFoundError(logger, _not_found_msg + add_msg, level=not_found_level)
cobaya.component.ComponentNotFoundError: 'theory' could not be found. Tried loading internal and external classes. No component path was given.
-------------------------------------------------------------

[1 : exception handler] ---------------------------------------

Traceback (most recent call last):
  File "/users/smp24dhl/.conda/envs/cosmos/bin/cobaya-run", line 8, in <module>
    sys.exit(run_script())
  File "/users/smp24dhl/.conda/envs/cosmos/lib/python3.9/site-packages/cobaya/run.py", line 198, in run_script
    run(info, **arguments.__dict__)
  File "/users/smp24dhl/.conda/envs/cosmos/lib/python3.9/site-packages/cobaya/run.py", line 97, in run
    updated_info = update_info(info)
  File "/users/smp24dhl/.conda/envs/cosmos/lib/python3.9/site-packages/cobaya/input.py", line 320, in update_info
    default_class_info, annotations = get_default_info(
  File "/users/smp24dhl/.conda/envs/cosmos/lib/python3.9/site-packages/cobaya/input.py", line 240, in get_default_info
    cls = get_component_class(component_or_class, kind, component_path, class_name,
  File "/users/smp24dhl/.conda/envs/cosmos/lib/python3.9/site-packages/cobaya/component.py", line 708, in get_component_class
    raise ComponentNotFoundError(logger, _not_found_msg + add_msg, level=not_found_level)
cobaya.component.ComponentNotFoundError: 'theory' could not be found. Tried loading internal and external classes. No component path was given.
-------------------------------------------------------------

[3 : exception handler] ---------------------------------------

Traceback (most recent call last):
  File "/users/smp24dhl/.conda/envs/cosmos/bin/cobaya-run", line 8, in <module>
    sys.exit(run_script())
  File "/users/smp24dhl/.conda/envs/cosmos/lib/python3.9/site-packages/cobaya/run.py", line 198, in run_script
    run(info, **arguments.__dict__)
  File "/users/smp24dhl/.conda/envs/cosmos/lib/python3.9/site-packages/cobaya/run.py", line 97, in run
    updated_info = update_info(info)
  File "/users/smp24dhl/.conda/envs/cosmos/lib/python3.9/site-packages/cobaya/input.py", line 320, in update_info
    default_class_info, annotations = get_default_info(
  File "/users/smp24dhl/.conda/envs/cosmos/lib/python3.9/site-packages/cobaya/input.py", line 240, in get_default_info
    cls = get_component_class(component_or_class, kind, component_path, class_name,
  File "/users/smp24dhl/.conda/envs/cosmos/lib/python3.9/site-packages/cobaya/component.py", line 708, in get_component_class
    raise ComponentNotFoundError(logger, _not_found_msg + add_msg, level=not_found_level)
cobaya.component.ComponentNotFoundError: 'theory' could not be found. Tried loading internal and external classes. No component path was given.
-------------------------------------------------------------

[2 : exception handler] ---------------------------------------

Traceback (most recent call last):
  File "/users/smp24dhl/.conda/envs/cosmos/bin/cobaya-run", line 8, in <module>
    sys.exit(run_script())
  File "/users/smp24dhl/.conda/envs/cosmos/lib/python3.9/site-packages/cobaya/run.py", line 198, in run_script
    run(info, **arguments.__dict__)
  File "/users/smp24dhl/.conda/envs/cosmos/lib/python3.9/site-packages/cobaya/run.py", line 97, in run
    updated_info = update_info(info)
  File "/users/smp24dhl/.conda/envs/cosmos/lib/python3.9/site-packages/cobaya/input.py", line 320, in update_info
    default_class_info, annotations = get_default_info(
  File "/users/smp24dhl/.conda/envs/cosmos/lib/python3.9/site-packages/cobaya/input.py", line 240, in get_default_info
    cls = get_component_class(component_or_class, kind, component_path, class_name,
  File "/users/smp24dhl/.conda/envs/cosmos/lib/python3.9/site-packages/cobaya/component.py", line 708, in get_component_class
    raise ComponentNotFoundError(logger, _not_found_msg + add_msg, level=not_found_level)
cobaya.component.ComponentNotFoundError: 'theory' could not be found. Tried loading internal and external classes. No component path was given.
-------------------------------------------------------------

srun: error: node148: tasks 0-3: Exited with exit code 1
Traceback (most recent call last):
  File "/users/smp24dhl/cosmo/testing/scripts/analysis.py", line 18, in <module>
    samples = getdist.loadMCSamples(chain_root, settings={"ignore_rows": 0.3})
  File "/users/smp24dhl/.conda/envs/cosmos/lib/python3.9/site-packages/getdist/mcsamples.py", line 104, in loadMCSamples
    raise IOError('No chains found: ' + file_root)
OSError: No chains found: ../chains/old-theory
