Traceback (most recent call last):
  File "/users/smp24dhl/.conda/envs/cosmos/bin/cobaya-run", line 8, in <module>
Traceback (most recent call last):
  File "/users/smp24dhl/.conda/envs/cosmos/bin/cobaya-run", line 8, in <module>
Traceback (most recent call last):
  File "/users/smp24dhl/.conda/envs/cosmos/bin/cobaya-run", line 8, in <module>
Traceback (most recent call last):
  File "/users/smp24dhl/.conda/envs/cosmos/bin/cobaya-run", line 8, in <module>
    sys.exit(run_script())
  File "/users/smp24dhl/.conda/envs/cosmos/lib/python3.9/site-packages/cobaya/run.py", line 198, in run_script
    sys.exit(run_script())
  File "/users/smp24dhl/.conda/envs/cosmos/lib/python3.9/site-packages/cobaya/run.py", line 198, in run_script
    sys.exit(run_script())
  File "/users/smp24dhl/.conda/envs/cosmos/lib/python3.9/site-packages/cobaya/run.py", line 198, in run_script
    sys.exit(run_script())
  File "/users/smp24dhl/.conda/envs/cosmos/lib/python3.9/site-packages/cobaya/run.py", line 198, in run_script
    run(info, **arguments.__dict__)
  File "/users/smp24dhl/.conda/envs/cosmos/lib/python3.9/site-packages/cobaya/run.py", line 68, in run
    run(info, **arguments.__dict__)
  File "/users/smp24dhl/.conda/envs/cosmos/lib/python3.9/site-packages/cobaya/run.py", line 68, in run
    run(info, **arguments.__dict__)
  File "/users/smp24dhl/.conda/envs/cosmos/lib/python3.9/site-packages/cobaya/run.py", line 68, in run
    run(info, **arguments.__dict__)
  File "/users/smp24dhl/.conda/envs/cosmos/lib/python3.9/site-packages/cobaya/run.py", line 68, in run
    info: InputDict = load_info_overrides(
  File "/users/smp24dhl/.conda/envs/cosmos/lib/python3.9/site-packages/cobaya/input.py", line 139, in load_info_overrides
    info: InputDict = load_info_overrides(
  File "/users/smp24dhl/.conda/envs/cosmos/lib/python3.9/site-packages/cobaya/input.py", line 139, in load_info_overrides
    info: InputDict = load_info_overrides(
  File "/users/smp24dhl/.conda/envs/cosmos/lib/python3.9/site-packages/cobaya/input.py", line 139, in load_info_overrides
    info: InputDict = load_info_overrides(
  File "/users/smp24dhl/.conda/envs/cosmos/lib/python3.9/site-packages/cobaya/input.py", line 139, in load_info_overrides
    info = load_input_dict(infos_or_yaml_or_files[0])  # makes deep copy if dict
  File "/users/smp24dhl/.conda/envs/cosmos/lib/python3.9/site-packages/cobaya/input.py", line 46, in load_input_dict
    info = load_input_dict(infos_or_yaml_or_files[0])  # makes deep copy if dict
  File "/users/smp24dhl/.conda/envs/cosmos/lib/python3.9/site-packages/cobaya/input.py", line 46, in load_input_dict
    info = load_input_dict(infos_or_yaml_or_files[0])  # makes deep copy if dict
  File "/users/smp24dhl/.conda/envs/cosmos/lib/python3.9/site-packages/cobaya/input.py", line 46, in load_input_dict
    info = load_input_dict(infos_or_yaml_or_files[0])  # makes deep copy if dict
  File "/users/smp24dhl/.conda/envs/cosmos/lib/python3.9/site-packages/cobaya/input.py", line 46, in load_input_dict
    return load_input_file(info_or_yaml_or_file)
  File "/users/smp24dhl/.conda/envs/cosmos/lib/python3.9/site-packages/cobaya/input.py", line 65, in load_input_file
    return load_input_file(info_or_yaml_or_file)
  File "/users/smp24dhl/.conda/envs/cosmos/lib/python3.9/site-packages/cobaya/input.py", line 65, in load_input_file
    return load_input_file(info_or_yaml_or_file)
  File "/users/smp24dhl/.conda/envs/cosmos/lib/python3.9/site-packages/cobaya/input.py", line 65, in load_input_file
    return load_input_file(info_or_yaml_or_file)
  File "/users/smp24dhl/.conda/envs/cosmos/lib/python3.9/site-packages/cobaya/input.py", line 65, in load_input_file
    info = load_input_MPI(input_file)
  File "/users/smp24dhl/.conda/envs/cosmos/lib/python3.9/site-packages/cobaya/mpi.py", line 249, in wrapper
    info = load_input_MPI(input_file)
  File "/users/smp24dhl/.conda/envs/cosmos/lib/python3.9/site-packages/cobaya/mpi.py", line 259, in wrapper
    info = load_input_MPI(input_file)
  File "/users/smp24dhl/.conda/envs/cosmos/lib/python3.9/site-packages/cobaya/mpi.py", line 259, in wrapper
    info = load_input_MPI(input_file)
  File "/users/smp24dhl/.conda/envs/cosmos/lib/python3.9/site-packages/cobaya/mpi.py", line 259, in wrapper
    result = func(*args, **kwargs)
  File "/users/smp24dhl/.conda/envs/cosmos/lib/python3.9/site-packages/cobaya/input.py", line 126, in load_input_MPI
    raise OtherProcessError('Root errored in %s' % func.__name__)
    raise OtherProcessError('Root errored in %s' % func.__name__)
cobaya.mpi.OtherProcessError: Root errored in load_input_MPI
cobaya.mpi.OtherProcessError: Root errored in load_input_MPI
    raise OtherProcessError('Root errored in %s' % func.__name__)
cobaya.mpi.OtherProcessError: Root errored in load_input_MPI
    return load_input(input_file)
  File "/users/smp24dhl/.conda/envs/cosmos/lib/python3.9/site-packages/cobaya/input.py", line 101, in load_input
    info = yaml_load_file(input_file) or {}  # type: ignore
  File "/users/smp24dhl/.conda/envs/cosmos/lib/python3.9/site-packages/cobaya/yaml.py", line 180, in yaml_load_file
    return yaml_load(yaml_text, file_name=file_name)
  File "/users/smp24dhl/.conda/envs/cosmos/lib/python3.9/site-packages/cobaya/yaml.py", line 138, in yaml_load
    return yaml.load(text_stream, DefaultsLoader)
  File "/users/smp24dhl/.conda/envs/cosmos/lib/python3.9/site-packages/yaml/__init__.py", line 81, in load
    return loader.get_single_data()
  File "/users/smp24dhl/.conda/envs/cosmos/lib/python3.9/site-packages/yaml/constructor.py", line 51, in get_single_data
    return self.construct_document(node)
  File "/users/smp24dhl/.conda/envs/cosmos/lib/python3.9/site-packages/yaml/constructor.py", line 55, in construct_document
    data = self.construct_object(node)
  File "/users/smp24dhl/.conda/envs/cosmos/lib/python3.9/site-packages/yaml/constructor.py", line 100, in construct_object
    data = constructor(self, node)
  File "/users/smp24dhl/.conda/envs/cosmos/lib/python3.9/site-packages/cobaya/yaml.py", line 99, in no_duplicates_constructor
    return loader.construct_mapping(node, deep)
  File "/users/smp24dhl/.conda/envs/cosmos/lib/python3.9/site-packages/yaml/constructor.py", line 218, in construct_mapping
    return super().construct_mapping(node, deep=deep)
  File "/users/smp24dhl/.conda/envs/cosmos/lib/python3.9/site-packages/yaml/constructor.py", line 143, in construct_mapping
    value = self.construct_object(value_node, deep=deep)
  File "/users/smp24dhl/.conda/envs/cosmos/lib/python3.9/site-packages/yaml/constructor.py", line 100, in construct_object
    data = constructor(self, node)
  File "/users/smp24dhl/.conda/envs/cosmos/lib/python3.9/site-packages/cobaya/yaml.py", line 84, in _construct_defaults
    this_loaded_defaults = yaml_load_file(dfilename)
  File "/users/smp24dhl/.conda/envs/cosmos/lib/python3.9/site-packages/cobaya/yaml.py", line 180, in yaml_load_file
    return yaml_load(yaml_text, file_name=file_name)
  File "/users/smp24dhl/.conda/envs/cosmos/lib/python3.9/site-packages/cobaya/yaml.py", line 138, in yaml_load
    return yaml.load(text_stream, DefaultsLoader)
  File "/users/smp24dhl/.conda/envs/cosmos/lib/python3.9/site-packages/yaml/__init__.py", line 81, in load
    return loader.get_single_data()
  File "/users/smp24dhl/.conda/envs/cosmos/lib/python3.9/site-packages/yaml/constructor.py", line 51, in get_single_data
    return self.construct_document(node)
  File "/users/smp24dhl/.conda/envs/cosmos/lib/python3.9/site-packages/yaml/constructor.py", line 55, in construct_document
    data = self.construct_object(node)
  File "/users/smp24dhl/.conda/envs/cosmos/lib/python3.9/site-packages/yaml/constructor.py", line 100, in construct_object
    data = constructor(self, node)
  File "/users/smp24dhl/.conda/envs/cosmos/lib/python3.9/site-packages/cobaya/yaml.py", line 99, in no_duplicates_constructor
    return loader.construct_mapping(node, deep)
  File "/users/smp24dhl/.conda/envs/cosmos/lib/python3.9/site-packages/yaml/constructor.py", line 218, in construct_mapping
    return super().construct_mapping(node, deep=deep)
  File "/users/smp24dhl/.conda/envs/cosmos/lib/python3.9/site-packages/yaml/constructor.py", line 143, in construct_mapping
    value = self.construct_object(value_node, deep=deep)
  File "/users/smp24dhl/.conda/envs/cosmos/lib/python3.9/site-packages/yaml/constructor.py", line 100, in construct_object
    data = constructor(self, node)
  File "/users/smp24dhl/.conda/envs/cosmos/lib/python3.9/site-packages/cobaya/yaml.py", line 99, in no_duplicates_constructor
    return loader.construct_mapping(node, deep)
  File "/users/smp24dhl/.conda/envs/cosmos/lib/python3.9/site-packages/yaml/constructor.py", line 218, in construct_mapping
    return super().construct_mapping(node, deep=deep)
  File "/users/smp24dhl/.conda/envs/cosmos/lib/python3.9/site-packages/yaml/constructor.py", line 143, in construct_mapping
    value = self.construct_object(value_node, deep=deep)
  File "/users/smp24dhl/.conda/envs/cosmos/lib/python3.9/site-packages/yaml/constructor.py", line 100, in construct_object
    data = constructor(self, node)
  File "/users/smp24dhl/.conda/envs/cosmos/lib/python3.9/site-packages/cobaya/yaml.py", line 97, in no_duplicates_constructor
    raise InputSyntaxError(f"Duplicate key {key}")
cobaya.yaml.InputSyntaxError: Duplicate key num_massive_neutrinos
srun: error: node034: tasks 0-3: Exited with exit code 1
