[0 : output] Output to be read-from/written-into folder '../chains', with prefix 'cpl-actwmapdesi'
[0 : prior] *WARNING* External prior 'cal_dip_prior' loaded. Mind that it might not be normalized!
[0 : camb] `camb` module loaded successfully from /users/smp24dhl/cosmo/code/CAMB/camb
[0 : wmaplike.wmaplike] Loaded SZ.
[1 : wmaplike.wmaplike] Loaded SZ.
[2 : wmaplike.wmaplike] Loaded SZ.
[3 : wmaplike.wmaplike] Loaded SZ.
[0 : wmaplike.wmaplike] First evaluation: Calculating largest term...
[1 : wmaplike.wmaplike] First evaluation: Calculating largest term...
[2 : wmaplike.wmaplike] First evaluation: Calculating largest term...
[3 : wmaplike.wmaplike] First evaluation: Calculating largest term...
[2 : wmaplike.wmaplike] Done finding largest term [-759.901].
[0 : wmaplike.wmaplike] Done finding largest term [-759.901].
[1 : wmaplike.wmaplike] Done finding largest term [-759.901].
[3 : wmaplike.wmaplike] Done finding largest term [-759.901].
[2 : wmaplike.wmaplike] Initialized TT gibbs.
[1 : wmaplike.wmaplike] Initialized TT gibbs.
[0 : wmaplike.wmaplike] Initialized TT gibbs.
[3 : wmaplike.wmaplike] Initialized TT gibbs.
[1 : wmaplike.wmaplike] Initialized high-l TT/TE.
[2 : wmaplike.wmaplike] Initialized high-l TT/TE.
[3 : wmaplike.wmaplike] Initialized high-l TT/TE.
[0 : wmaplike.wmaplike] Initialized high-l TT/TE.
/users/smp24dhl/cosmo/code/act_dr6_lenslike/act_dr6_lenslike/act_dr6_lenslike.py:416: UserWarning: Hartlap correction to cinv: 0.949874686716792
  warnings.warn(f"Hartlap correction to cinv: {hartlap_correction}")
/users/smp24dhl/cosmo/code/act_dr6_lenslike/act_dr6_lenslike/act_dr6_lenslike.py:416: UserWarning: Hartlap correction to cinv: 0.949874686716792
  warnings.warn(f"Hartlap correction to cinv: {hartlap_correction}")
/users/smp24dhl/cosmo/code/act_dr6_lenslike/act_dr6_lenslike/act_dr6_lenslike.py:416: UserWarning: Hartlap correction to cinv: 0.949874686716792
  warnings.warn(f"Hartlap correction to cinv: {hartlap_correction}")
/users/smp24dhl/cosmo/code/act_dr6_lenslike/act_dr6_lenslike/act_dr6_lenslike.py:416: UserWarning: Hartlap correction to cinv: 0.949874686716792
  warnings.warn(f"Hartlap correction to cinv: {hartlap_correction}")
Loading ACT DR6 lensing likelihood v1.2...
[0 : bao.desi_dr2] Initialized.
Loading ACT DR6 lensing likelihood v1.2...
[1 : bao.desi_dr2] Initialized.
Loading ACT DR6 lensing likelihood v1.2...
[2 : bao.desi_dr2] Initialized.
Loading ACT DR6 lensing likelihood v1.2...
[3 : bao.desi_dr2] Initialized.
[0 : minimize] Initializing
[3 : samplecollection] Loaded 8477 sample points from '../chains/cpl-actwmapdesi.4.txt'
[3 : minimize] Run 1/1 will start from best fit of previous sample:
[3 : minimize] {'logA': 3.0563016, 'ns': 0.97204579, 'theta_MC_100': 1.0409419, 'ombh2': 0.022655344, 'omch2': 0.1193809, 'w': -0.51476546, 'wa': -1.4159895, 'tau': 0.059606288, 'A_act': 1.0024503, 'P_act': 1.0013604}
[0 : samplecollection] Loaded 8369 sample points from '../chains/cpl-actwmapdesi.1.txt'
[0 : minimize] Run 1/1 will start from best fit of previous sample:
[0 : minimize] {'logA': 3.0570963, 'ns': 0.9706685, 'theta_MC_100': 1.0408724, 'ombh2': 0.022565558, 'omch2': 0.11906582, 'w': -0.52792026, 'wa': -1.3682375, 'tau': 0.060165375, 'A_act': 1.0014894, 'P_act': 1.0025884}
[0 : prior] *WARNING* There are unbounded parameters (['tau']). Prior bounds are given at 0.9999995 confidence level. Beware of likelihood modes at the edge of the prior
[2 : samplecollection] Loaded 8320 sample points from '../chains/cpl-actwmapdesi.3.txt'
[1 : samplecollection] Loaded 8187 sample points from '../chains/cpl-actwmapdesi.2.txt'
[0 : minimize] Covariance matrix from previous sample.
[2 : minimize] Run 1/1 will start from best fit of previous sample:
[1 : minimize] Run 1/1 will start from best fit of previous sample:
[2 : minimize] {'logA': 3.0543994, 'ns': 0.96995687, 'theta_MC_100': 1.0408877, 'ombh2': 0.022620366, 'omch2': 0.11899133, 'w': -0.58798949, 'wa': -1.2158114, 'tau': 0.059740955, 'A_act': 0.99945873, 'P_act': 1.0033361}
[1 : minimize] {'logA': 3.0548673, 'ns': 0.97121895, 'theta_MC_100': 1.0408653, 'ombh2': 0.022677161, 'omch2': 0.11906519, 'w': -0.58424534, 'wa': -1.1975287, 'tau': 0.059202166, 'A_act': 1.0016415, 'P_act': 1.001662}
[0 : minimize] Starting run 1/1
[1 : minimize] Starting run 1/1
[2 : minimize] Starting run 1/1
[3 : minimize] Starting run 1/1
/users/smp24dhl/cosmo/code/pyWMAP/wmaplike/wmap.py:654: RuntimeWarning: invalid value encountered in divide
  fisher = -self.r_off_tttt / np.sqrt(TTTT * TTTT[..., np.newaxis]) + \
/users/smp24dhl/cosmo/code/pyWMAP/wmaplike/wmap.py:654: RuntimeWarning: invalid value encountered in divide
  fisher = -self.r_off_tttt / np.sqrt(TTTT * TTTT[..., np.newaxis]) + \
/users/smp24dhl/cosmo/code/pyWMAP/wmaplike/wmap.py:655: RuntimeWarning: invalid value encountered in divide
  self.epsilon / (TTTT * TTTT[..., np.newaxis])
/users/smp24dhl/cosmo/code/pyWMAP/wmaplike/wmap.py:655: RuntimeWarning: invalid value encountered in divide
  self.epsilon / (TTTT * TTTT[..., np.newaxis])
/users/smp24dhl/cosmo/code/pyWMAP/wmaplike/wmap.py:749: RuntimeWarning: invalid value encountered in divide
  fisher = -self.r_off_tete / np.sqrt(TETE * TETE[..., np.newaxis])
/users/smp24dhl/cosmo/code/pyWMAP/wmaplike/wmap.py:749: RuntimeWarning: invalid value encountered in divide
  fisher = -self.r_off_tete / np.sqrt(TETE * TETE[..., np.newaxis])
/users/smp24dhl/cosmo/code/pyWMAP/wmaplike/wmap.py:654: RuntimeWarning: invalid value encountered in divide
  fisher = -self.r_off_tttt / np.sqrt(TTTT * TTTT[..., np.newaxis]) + \
/users/smp24dhl/cosmo/code/pyWMAP/wmaplike/wmap.py:655: RuntimeWarning: invalid value encountered in divide
  self.epsilon / (TTTT * TTTT[..., np.newaxis])
/users/smp24dhl/cosmo/code/pyWMAP/wmaplike/wmap.py:749: RuntimeWarning: invalid value encountered in divide
  fisher = -self.r_off_tete / np.sqrt(TETE * TETE[..., np.newaxis])
/users/smp24dhl/cosmo/code/pyWMAP/wmaplike/wmap.py:654: RuntimeWarning: invalid value encountered in divide
  fisher = -self.r_off_tttt / np.sqrt(TTTT * TTTT[..., np.newaxis]) + \
/users/smp24dhl/cosmo/code/pyWMAP/wmaplike/wmap.py:655: RuntimeWarning: invalid value encountered in divide
  self.epsilon / (TTTT * TTTT[..., np.newaxis])
/users/smp24dhl/cosmo/code/pyWMAP/wmaplike/wmap.py:749: RuntimeWarning: invalid value encountered in divide
  fisher = -self.r_off_tete / np.sqrt(TETE * TETE[..., np.newaxis])
