[0 : output] Output to be read-from/written-into folder '../chains', with prefix 'class'
[0 : classy] `classy` module loaded successfully from /users/smp24dhl/cosmo/code/classy/build/lib.linux-x86_64-cpython-39
[0 : mcmc] Getting initial point... (this may take a few seconds)
[2 : mcmc] Getting initial point... (this may take a few seconds)
[3 : mcmc] Getting initial point... (this may take a few seconds)
[1 : mcmc] Getting initial point... (this may take a few seconds)
[1 : mcmc] Initial point: logA:3.049421, n_s:0.9659454, theta_s_100:1.04183, omega_b:0.022279, omega_cdm:0.1194258, tau_reio:0.0512926, A_act:0.9645368, P_act:1.044954
[2 : mcmc] Initial point: logA:3.051029, n_s:0.9597466, theta_s_100:1.041543, omega_b:0.02234709, omega_cdm:0.1194181, tau_reio:0.05505032, A_act:0.8356154, P_act:1.072899
[0 : mcmc] Initial point: logA:3.04918, n_s:0.9659114, theta_s_100:1.041499, omega_b:0.02240329, omega_cdm:0.1172448, tau_reio:0.05814871, A_act:0.9007304, P_act:0.9729682
[3 : mcmc] Initial point: logA:3.049149, n_s:0.9663346, theta_s_100:1.042467, omega_b:0.02250306, omega_cdm:0.1202358, tau_reio:0.05317171, A_act:0.995194, P_act:1.060191
[0 : model] Measuring speeds... (this may take a few seconds)
[0 : model] Setting measured speeds (per sec): {act_dr6_cmbonly: 210.0, planck_2018_lowl.EE_sroll2: 2650.0, classy: 0.0247}
[0 : mcmc] Dragging with number of interpolating steps:
[0 : mcmc] *  1 : [['logA', 'n_s', 'theta_s_100', 'omega_b', 'omega_cdm', 'tau_reio']]
[0 : mcmc] * 12 : [['A_act', 'P_act']]
[0 : autoselect_covmat] No cached covmat database present, not usable or not up-to-date. Will be re-created and cached.
[0 : mcmc] Covariance matrix selected automatically: /users/smp24dhl/cosmo/data/planck_supp_data_and_covmats/covmats/base_plikHM_EE_lowE.covmat
[0 : mcmc] Covariance matrix loaded for params ['omega_b', 'omega_cdm', 'tau_reio', 'logA', 'n_s']
[0 : mcmc] Missing proposal covariance for params ['theta_s_100', 'A_act', 'P_act']
[0 : mcmc] Covariance matrix not complete. We will start learning the covariance of the proposal earlier: R-1 = 30 (would be 2 if all params loaded).
[0 : mcmc] *WARNING* The initial points are widely dispersed compared to the proposal covariance, it may take a long time to burn in (max dist to start mean: [7.762903395918637, 13.505886806346826, 29.46793463064608, 23.724951220217783])
[0 : mcmc] Sampling!
[1 : mcmc] Progress @ 2025-05-21 17:09:30 : 1 steps taken, and 0 accepted.
[2 : mcmc] Progress @ 2025-05-21 17:09:30 : 1 steps taken, and 0 accepted.
[0 : mcmc] Progress @ 2025-05-21 17:09:30 : 1 steps taken, and 0 accepted.
[3 : mcmc] Progress @ 2025-05-21 17:09:31 : 1 steps taken, and 0 accepted.
[1 : mcmc] Progress @ 2025-05-21 17:10:50 : 3 steps taken, and 1 accepted.
[2 : mcmc] Progress @ 2025-05-21 17:10:51 : 3 steps taken, and 2 accepted.
[0 : mcmc] Progress @ 2025-05-21 17:10:52 : 3 steps taken, and 0 accepted.
[3 : mcmc] Progress @ 2025-05-21 17:10:52 : 3 steps taken, and 0 accepted.
[1 : mcmc] Progress @ 2025-05-21 17:12:10 : 5 steps taken, and 1 accepted.
[2 : mcmc] Progress @ 2025-05-21 17:12:12 : 5 steps taken, and 4 accepted.
[0 : mcmc] Progress @ 2025-05-21 17:12:12 : 5 steps taken, and 0 accepted.
[3 : mcmc] Progress @ 2025-05-21 17:12:14 : 5 steps taken, and 0 accepted.
[1 : mcmc] Progress @ 2025-05-21 17:13:29 : 7 steps taken, and 2 accepted.
[2 : mcmc] Progress @ 2025-05-21 17:13:32 : 7 steps taken, and 5 accepted.
[0 : mcmc] Progress @ 2025-05-21 17:13:33 : 7 steps taken, and 0 accepted.
[3 : mcmc] Progress @ 2025-05-21 17:13:34 : 7 steps taken, and 0 accepted.
[1 : mcmc] Progress @ 2025-05-21 17:14:49 : 9 steps taken, and 2 accepted.
[2 : mcmc] Progress @ 2025-05-21 17:14:52 : 9 steps taken, and 6 accepted.
[0 : mcmc] Progress @ 2025-05-21 17:14:52 : 9 steps taken, and 2 accepted.
[3 : mcmc] Progress @ 2025-05-21 17:14:56 : 9 steps taken, and 1 accepted.
[1 : mcmc] Progress @ 2025-05-21 17:16:08 : 11 steps taken, and 2 accepted.
[0 : mcmc] Progress @ 2025-05-21 17:16:12 : 11 steps taken, and 3 accepted.
[2 : mcmc] Progress @ 2025-05-21 17:16:12 : 11 steps taken, and 6 accepted.
[3 : mcmc] Progress @ 2025-05-21 17:16:17 : 11 steps taken, and 1 accepted.
[1 : mcmc] Progress @ 2025-05-21 17:17:27 : 13 steps taken, and 3 accepted.
[0 : mcmc] Progress @ 2025-05-21 17:17:31 : 13 steps taken, and 4 accepted.
[2 : mcmc] Progress @ 2025-05-21 17:17:32 : 13 steps taken, and 7 accepted.
[3 : mcmc] Progress @ 2025-05-21 17:17:38 : 13 steps taken, and 2 accepted.
[1 : mcmc] Progress @ 2025-05-21 17:18:46 : 15 steps taken, and 3 accepted.
[0 : mcmc] Progress @ 2025-05-21 17:18:50 : 15 steps taken, and 4 accepted.
[2 : mcmc] Progress @ 2025-05-21 17:18:52 : 15 steps taken, and 7 accepted.
[3 : mcmc] Progress @ 2025-05-21 17:19:00 : 15 steps taken, and 2 accepted.
[1 : mcmc] Progress @ 2025-05-21 17:20:05 : 18 steps taken, and 3 accepted.
[0 : mcmc] Progress @ 2025-05-21 17:20:09 : 17 steps taken, and 5 accepted.
[2 : mcmc] Progress @ 2025-05-21 17:20:12 : 17 steps taken, and 7 accepted.
[3 : mcmc] Progress @ 2025-05-21 17:20:22 : 17 steps taken, and 2 accepted.
[1 : mcmc] Progress @ 2025-05-21 17:21:25 : 20 steps taken, and 3 accepted.
[0 : mcmc] Progress @ 2025-05-21 17:21:28 : 19 steps taken, and 5 accepted.
[2 : mcmc] Progress @ 2025-05-21 17:21:31 : 19 steps taken, and 8 accepted.
[3 : mcmc] Progress @ 2025-05-21 17:21:44 : 19 steps taken, and 2 accepted.
[1 : mcmc] Progress @ 2025-05-21 17:22:44 : 22 steps taken, and 4 accepted.
[0 : mcmc] Progress @ 2025-05-21 17:22:47 : 21 steps taken, and 5 accepted.
[2 : mcmc] Progress @ 2025-05-21 17:22:51 : 21 steps taken, and 10 accepted.
[3 : mcmc] Progress @ 2025-05-21 17:23:05 : 21 steps taken, and 2 accepted.
[1 : mcmc] Progress @ 2025-05-21 17:24:03 : 24 steps taken, and 4 accepted.
[0 : mcmc] Progress @ 2025-05-21 17:24:06 : 23 steps taken, and 5 accepted.
[2 : mcmc] Progress @ 2025-05-21 17:24:10 : 23 steps taken, and 11 accepted.
[3 : mcmc] Progress @ 2025-05-21 17:24:26 : 23 steps taken, and 2 accepted.
[1 : mcmc] Progress @ 2025-05-21 17:25:23 : 26 steps taken, and 4 accepted.
[0 : mcmc] Progress @ 2025-05-21 17:25:24 : 25 steps taken, and 5 accepted.
[2 : mcmc] Progress @ 2025-05-21 17:25:29 : 25 steps taken, and 11 accepted.
[3 : mcmc] Progress @ 2025-05-21 17:25:47 : 25 steps taken, and 3 accepted.
[1 : mcmc] Progress @ 2025-05-21 17:26:42 : 28 steps taken, and 5 accepted.
[0 : mcmc] Progress @ 2025-05-21 17:26:43 : 27 steps taken, and 6 accepted.
[2 : mcmc] Progress @ 2025-05-21 17:26:48 : 27 steps taken, and 13 accepted.
[3 : mcmc] Progress @ 2025-05-21 17:27:08 : 27 steps taken, and 3 accepted.
[0 : mcmc] Progress @ 2025-05-21 17:28:02 : 29 steps taken, and 7 accepted.
[1 : mcmc] Progress @ 2025-05-21 17:28:02 : 30 steps taken, and 5 accepted.
[2 : mcmc] Progress @ 2025-05-21 17:28:08 : 29 steps taken, and 13 accepted.
[3 : mcmc] Progress @ 2025-05-21 17:28:29 : 29 steps taken, and 3 accepted.
[1 : mcmc] Progress @ 2025-05-21 17:29:22 : 32 steps taken, and 5 accepted.
[0 : mcmc] Progress @ 2025-05-21 17:29:22 : 31 steps taken, and 8 accepted.
[2 : mcmc] Progress @ 2025-05-21 17:29:27 : 31 steps taken, and 13 accepted.
[3 : mcmc] Progress @ 2025-05-21 17:29:50 : 31 steps taken, and 3 accepted.
[1 : mcmc] Progress @ 2025-05-21 17:30:41 : 34 steps taken, and 6 accepted.
[0 : mcmc] Progress @ 2025-05-21 17:30:42 : 33 steps taken, and 9 accepted.
[2 : mcmc] Progress @ 2025-05-21 17:30:46 : 33 steps taken, and 13 accepted.
[3 : mcmc] Progress @ 2025-05-21 17:31:11 : 33 steps taken, and 3 accepted.
[1 : mcmc] Progress @ 2025-05-21 17:32:00 : 36 steps taken, and 7 accepted.
[0 : mcmc] Progress @ 2025-05-21 17:32:01 : 35 steps taken, and 10 accepted.
[2 : mcmc] Progress @ 2025-05-21 17:32:05 : 35 steps taken, and 14 accepted.
[3 : mcmc] Progress @ 2025-05-21 17:32:32 : 35 steps taken, and 3 accepted.
[1 : mcmc] Progress @ 2025-05-21 17:33:19 : 38 steps taken, and 7 accepted.
[0 : mcmc] Progress @ 2025-05-21 17:33:21 : 37 steps taken, and 10 accepted.
[2 : mcmc] Progress @ 2025-05-21 17:33:25 : 37 steps taken, and 15 accepted.
[3 : mcmc] Progress @ 2025-05-21 17:33:53 : 37 steps taken, and 3 accepted.
[1 : mcmc] Progress @ 2025-05-21 17:34:38 : 40 steps taken, and 8 accepted.
[0 : mcmc] Progress @ 2025-05-21 17:34:41 : 39 steps taken, and 10 accepted.
[2 : mcmc] Progress @ 2025-05-21 17:34:45 : 39 steps taken, and 16 accepted.
[3 : mcmc] Progress @ 2025-05-21 17:35:14 : 39 steps taken, and 3 accepted.
[1 : mcmc] Progress @ 2025-05-21 17:35:57 : 42 steps taken, and 9 accepted.
[0 : mcmc] Progress @ 2025-05-21 17:36:01 : 41 steps taken, and 10 accepted.
[2 : mcmc] Progress @ 2025-05-21 17:36:05 : 41 steps taken, and 16 accepted.
[3 : mcmc] Progress @ 2025-05-21 17:36:35 : 41 steps taken, and 3 accepted.
[1 : mcmc] Progress @ 2025-05-21 17:37:16 : 44 steps taken, and 10 accepted.
[0 : mcmc] Progress @ 2025-05-21 17:37:21 : 43 steps taken, and 10 accepted.
[2 : mcmc] Progress @ 2025-05-21 17:37:25 : 43 steps taken, and 16 accepted.
[3 : mcmc] Progress @ 2025-05-21 17:37:56 : 43 steps taken, and 4 accepted.
[1 : mcmc] Progress @ 2025-05-21 17:38:36 : 46 steps taken, and 10 accepted.
[0 : mcmc] Progress @ 2025-05-21 17:38:41 : 45 steps taken, and 10 accepted.
[2 : mcmc] Progress @ 2025-05-21 17:38:46 : 45 steps taken, and 17 accepted.
[3 : mcmc] Progress @ 2025-05-21 17:39:16 : 45 steps taken, and 4 accepted.
[1 : mcmc] Progress @ 2025-05-21 17:39:55 : 48 steps taken, and 10 accepted.
[0 : mcmc] Progress @ 2025-05-21 17:40:02 : 47 steps taken, and 10 accepted.
[2 : mcmc] Progress @ 2025-05-21 17:40:06 : 47 steps taken, and 17 accepted.
[3 : mcmc] Progress @ 2025-05-21 17:40:38 : 47 steps taken, and 4 accepted.
[1 : mcmc] Progress @ 2025-05-21 17:41:14 : 50 steps taken, and 11 accepted.
[0 : mcmc] Progress @ 2025-05-21 17:41:22 : 49 steps taken, and 11 accepted.
[2 : mcmc] Progress @ 2025-05-21 17:41:26 : 49 steps taken, and 18 accepted.
[3 : mcmc] Progress @ 2025-05-21 17:41:59 : 49 steps taken, and 4 accepted.
[1 : mcmc] Progress @ 2025-05-21 17:42:34 : 52 steps taken, and 11 accepted.
[0 : mcmc] Progress @ 2025-05-21 17:42:42 : 51 steps taken, and 11 accepted.
[2 : mcmc] Progress @ 2025-05-21 17:42:47 : 51 steps taken, and 18 accepted.
[3 : mcmc] Progress @ 2025-05-21 17:43:19 : 51 steps taken, and 4 accepted.
[1 : mcmc] Progress @ 2025-05-21 17:43:53 : 54 steps taken, and 13 accepted.
[0 : mcmc] Progress @ 2025-05-21 17:44:02 : 53 steps taken, and 11 accepted.
[2 : mcmc] Progress @ 2025-05-21 17:44:07 : 53 steps taken, and 18 accepted.
[3 : mcmc] Progress @ 2025-05-21 17:44:41 : 53 steps taken, and 5 accepted.
[1 : mcmc] Progress @ 2025-05-21 17:45:12 : 56 steps taken, and 13 accepted.
[0 : mcmc] Progress @ 2025-05-21 17:45:21 : 55 steps taken, and 11 accepted.
[2 : mcmc] Progress @ 2025-05-21 17:45:27 : 55 steps taken, and 18 accepted.
[3 : mcmc] Progress @ 2025-05-21 17:46:02 : 55 steps taken, and 6 accepted.
[1 : mcmc] Progress @ 2025-05-21 17:46:32 : 58 steps taken, and 13 accepted.
[0 : mcmc] Progress @ 2025-05-21 17:46:42 : 57 steps taken, and 13 accepted.
[2 : mcmc] Progress @ 2025-05-21 17:46:48 : 57 steps taken, and 18 accepted.
[3 : mcmc] Progress @ 2025-05-21 17:47:24 : 57 steps taken, and 7 accepted.
[1 : mcmc] Progress @ 2025-05-21 17:47:52 : 60 steps taken, and 13 accepted.
[0 : mcmc] Progress @ 2025-05-21 17:48:03 : 59 steps taken, and 14 accepted.
[2 : mcmc] Progress @ 2025-05-21 17:48:08 : 59 steps taken, and 18 accepted.
[3 : mcmc] Progress @ 2025-05-21 17:48:45 : 59 steps taken, and 8 accepted.
[1 : mcmc] Progress @ 2025-05-21 17:49:11 : 62 steps taken, and 13 accepted.
[0 : mcmc] Progress @ 2025-05-21 17:49:24 : 61 steps taken, and 14 accepted.
[2 : mcmc] Progress @ 2025-05-21 17:49:28 : 61 steps taken, and 18 accepted.
[3 : mcmc] Progress @ 2025-05-21 17:50:06 : 61 steps taken, and 8 accepted.
[1 : mcmc] Progress @ 2025-05-21 17:50:30 : 64 steps taken, and 13 accepted.
[0 : mcmc] Progress @ 2025-05-21 17:50:45 : 63 steps taken, and 14 accepted.
[2 : mcmc] Progress @ 2025-05-21 17:50:48 : 63 steps taken, and 18 accepted.
[3 : mcmc] Progress @ 2025-05-21 17:51:27 : 63 steps taken, and 10 accepted.
[1 : mcmc] Progress @ 2025-05-21 17:51:50 : 66 steps taken, and 13 accepted.
[0 : mcmc] Progress @ 2025-05-21 17:52:06 : 65 steps taken, and 14 accepted.
[2 : mcmc] Progress @ 2025-05-21 17:52:08 : 65 steps taken, and 18 accepted.
[3 : mcmc] Progress @ 2025-05-21 17:52:48 : 65 steps taken, and 10 accepted.
[1 : mcmc] Progress @ 2025-05-21 17:53:09 : 68 steps taken, and 13 accepted.
[0 : mcmc] Progress @ 2025-05-21 17:53:27 : 67 steps taken, and 14 accepted.
[2 : mcmc] Progress @ 2025-05-21 17:53:28 : 67 steps taken, and 19 accepted.
[3 : mcmc] Progress @ 2025-05-21 17:54:09 : 67 steps taken, and 10 accepted.
[1 : mcmc] Progress @ 2025-05-21 17:54:28 : 70 steps taken, and 13 accepted.
[0 : mcmc] Progress @ 2025-05-21 17:54:48 : 69 steps taken, and 15 accepted.
[2 : mcmc] Progress @ 2025-05-21 17:54:49 : 69 steps taken, and 20 accepted.
[3 : mcmc] Progress @ 2025-05-21 17:55:31 : 69 steps taken, and 11 accepted.
[1 : mcmc] Progress @ 2025-05-21 17:55:47 : 72 steps taken, and 13 accepted.
[0 : mcmc] Progress @ 2025-05-21 17:56:09 : 71 steps taken, and 15 accepted.
[2 : mcmc] Progress @ 2025-05-21 17:56:10 : 71 steps taken, and 20 accepted.
[3 : mcmc] Progress @ 2025-05-21 17:56:52 : 71 steps taken, and 12 accepted.
[1 : mcmc] Progress @ 2025-05-21 17:57:07 : 74 steps taken, and 13 accepted.
[0 : mcmc] Progress @ 2025-05-21 17:57:30 : 73 steps taken, and 17 accepted.
[2 : mcmc] Progress @ 2025-05-21 17:57:30 : 73 steps taken, and 20 accepted.
[3 : mcmc] Progress @ 2025-05-21 17:58:12 : 73 steps taken, and 13 accepted.
[1 : mcmc] Progress @ 2025-05-21 17:58:26 : 76 steps taken, and 13 accepted.
[2 : mcmc] Progress @ 2025-05-21 17:58:50 : 75 steps taken, and 20 accepted.
[0 : mcmc] Progress @ 2025-05-21 17:58:51 : 75 steps taken, and 17 accepted.
[3 : mcmc] Progress @ 2025-05-21 17:59:34 : 75 steps taken, and 13 accepted.
[1 : mcmc] Progress @ 2025-05-21 17:59:45 : 78 steps taken, and 13 accepted.
[2 : mcmc] Progress @ 2025-05-21 18:00:11 : 77 steps taken, and 20 accepted.
[0 : mcmc] Progress @ 2025-05-21 18:00:12 : 77 steps taken, and 18 accepted.
[3 : mcmc] Progress @ 2025-05-21 18:00:55 : 77 steps taken, and 13 accepted.
[1 : mcmc] Progress @ 2025-05-21 18:01:06 : 80 steps taken, and 13 accepted.
[2 : mcmc] Progress @ 2025-05-21 18:01:32 : 79 steps taken, and 21 accepted.
[0 : mcmc] Progress @ 2025-05-21 18:01:33 : 79 steps taken, and 18 accepted.
[3 : mcmc] Progress @ 2025-05-21 18:02:16 : 79 steps taken, and 13 accepted.
[1 : mcmc] Progress @ 2025-05-21 18:02:25 : 82 steps taken, and 13 accepted.
[2 : mcmc] Progress @ 2025-05-21 18:02:52 : 81 steps taken, and 22 accepted.
[0 : mcmc] Progress @ 2025-05-21 18:02:54 : 81 steps taken, and 18 accepted.
[3 : mcmc] Progress @ 2025-05-21 18:03:37 : 81 steps taken, and 13 accepted.
[1 : mcmc] Progress @ 2025-05-21 18:03:44 : 84 steps taken, and 13 accepted.
[2 : mcmc] Progress @ 2025-05-21 18:04:12 : 83 steps taken, and 22 accepted.
[0 : mcmc] Progress @ 2025-05-21 18:04:15 : 83 steps taken, and 18 accepted.
[3 : mcmc] Progress @ 2025-05-21 18:04:58 : 83 steps taken, and 13 accepted.
[1 : mcmc] Progress @ 2025-05-21 18:05:03 : 86 steps taken, and 14 accepted.
[2 : mcmc] Progress @ 2025-05-21 18:05:33 : 85 steps taken, and 22 accepted.
[0 : mcmc] Progress @ 2025-05-21 18:05:36 : 85 steps taken, and 18 accepted.
[3 : mcmc] Progress @ 2025-05-21 18:06:19 : 85 steps taken, and 13 accepted.
[1 : mcmc] Progress @ 2025-05-21 18:06:23 : 88 steps taken, and 14 accepted.
[2 : mcmc] Progress @ 2025-05-21 18:06:53 : 87 steps taken, and 22 accepted.
[0 : mcmc] Progress @ 2025-05-21 18:06:58 : 87 steps taken, and 18 accepted.
[3 : mcmc] Progress @ 2025-05-21 18:07:39 : 87 steps taken, and 14 accepted.
[1 : mcmc] Progress @ 2025-05-21 18:07:43 : 90 steps taken, and 14 accepted.
[2 : mcmc] Progress @ 2025-05-21 18:08:14 : 89 steps taken, and 23 accepted.
[0 : mcmc] Progress @ 2025-05-21 18:08:18 : 89 steps taken, and 18 accepted.
[3 : mcmc] Progress @ 2025-05-21 18:09:00 : 89 steps taken, and 14 accepted.
[1 : mcmc] Progress @ 2025-05-21 18:09:03 : 92 steps taken, and 14 accepted.
[2 : mcmc] Progress @ 2025-05-21 18:09:34 : 91 steps taken, and 24 accepted.
[0 : mcmc] Progress @ 2025-05-21 18:09:39 : 91 steps taken, and 18 accepted.
[3 : mcmc] Progress @ 2025-05-21 18:10:21 : 91 steps taken, and 15 accepted.
[1 : mcmc] Progress @ 2025-05-21 18:10:22 : 94 steps taken, and 14 accepted.
[2 : mcmc] Progress @ 2025-05-21 18:10:55 : 93 steps taken, and 24 accepted.
[0 : mcmc] Progress @ 2025-05-21 18:11:00 : 93 steps taken, and 18 accepted.
