[0 : output] Output to be read-from/written-into folder '../chains', with prefix 'cpl-planck'
[0 : prior] *WARNING* External prior 'SZ' loaded. Mind that it might not be normalized!
[0 : camb] `camb` module loaded successfully from /users/smp24dhl/cosmo/code/CAMB/camb
[0 : planck_2018_highl_plik.ttteee] `clik` module loaded successfully from /users/smp24dhl/cosmo/code/planck/clik/lib/python3.9/site-packages/clik
/users/smp24dhl/cosmo/code/act_dr6_lenslike/act_dr6_lenslike/act_dr6_lenslike.py:416: UserWarning: Hartlap correction to cinv: 0.949874686716792
  warnings.warn(f"Hartlap correction to cinv: {hartlap_correction}")
Loading ACT DR6 lensing likelihood v1.2...
[0 : minimize] Initializing
/users/smp24dhl/cosmo/code/act_dr6_lenslike/act_dr6_lenslike/act_dr6_lenslike.py:416: UserWarning: Hartlap correction to cinv: 0.949874686716792
  warnings.warn(f"Hartlap correction to cinv: {hartlap_correction}")
/users/smp24dhl/cosmo/code/act_dr6_lenslike/act_dr6_lenslike/act_dr6_lenslike.py:416: UserWarning: Hartlap correction to cinv: 0.949874686716792
  warnings.warn(f"Hartlap correction to cinv: {hartlap_correction}")
/users/smp24dhl/cosmo/code/act_dr6_lenslike/act_dr6_lenslike/act_dr6_lenslike.py:416: UserWarning: Hartlap correction to cinv: 0.949874686716792
  warnings.warn(f"Hartlap correction to cinv: {hartlap_correction}")
Loading ACT DR6 lensing likelihood v1.2...
[3 : samplecollection] Loaded 18289 sample points from '../chains/cpl-planck.4.txt'
[3 : minimize] Run 1/1 will start from best fit of previous sample:
[3 : minimize] {'logA': 3.0460177, 'ns': 0.97037354, 'theta_MC_100': 1.0412097, 'ombh2': 0.022561664, 'omch2': 0.11877206, 'w': -0.99198544, 'wa': -2.7121842, 'tau': 0.060907825, 'A_planck': 0.99593668, 'calib_100T': 0.99909671, 'calib_217T': 0.99774208, 'A_cib_217': 43.237219, 'xi_sz_cib': 0.11904373, 'A_sz': 7.6246679, 'ksz_norm': 1.135354, 'gal545_A_100': 8.5606753, 'gal545_A_143': 11.872142, 'gal545_A_143_217': 19.736758, 'gal545_A_217': 95.874164, 'ps_A_100_100': 228.56707, 'ps_A_143_143': 31.962871, 'ps_A_143_217': 33.415065, 'ps_A_217_217': 118.67556, 'galf_TE_A_100': 0.064237027, 'galf_TE_A_100_143': 0.12094463, 'galf_TE_A_100_217': 0.50163637, 'galf_TE_A_143': 0.23411551, 'galf_TE_A_143_217': 0.54455993, 'galf_TE_A_217': 2.1034149}
[0 : samplecollection] Loaded 18634 sample points from '../chains/cpl-planck.1.txt'
[0 : minimize] Run 1/1 will start from best fit of previous sample:
[0 : minimize] {'logA': 3.0323885, 'ns': 0.96667432, 'theta_MC_100': 1.0412811, 'ombh2': 0.022380981, 'omch2': 0.11923109, 'w': -1.0506131, 'wa': -1.9724348, 'tau': 0.051178264, 'A_planck': 0.99871063, 'calib_100T': 0.99876466, 'calib_217T': 0.99782786, 'A_cib_217': 47.021642, 'xi_sz_cib': 0.82847688, 'A_sz': 5.3755955, 'ksz_norm': 6.8620775, 'gal545_A_100': 6.9578687, 'gal545_A_143': 13.298859, 'gal545_A_143_217': 19.151374, 'gal545_A_217': 90.986721, 'ps_A_100_100': 248.24448, 'ps_A_143_143': 36.851456, 'ps_A_143_217': 40.002794, 'ps_A_217_217': 109.65584, 'galf_TE_A_100': 0.084796274, 'galf_TE_A_100_143': 0.16029843, 'galf_TE_A_100_217': 0.54662855, 'galf_TE_A_143': 0.27603077, 'galf_TE_A_143_217': 0.63006087, 'galf_TE_A_217': 2.0608246}
[0 : prior] *WARNING* There are unbounded parameters (['A_planck', 'calib_100T', 'calib_217T', 'gal545_A_100', 'gal545_A_143', 'gal545_A_143_217', 'gal545_A_217', 'galf_TE_A_100', 'galf_TE_A_100_143', 'galf_TE_A_100_217', 'galf_TE_A_143', 'galf_TE_A_143_217', 'galf_TE_A_217']). Prior bounds are given at 0.9999995 confidence level. Beware of likelihood modes at the edge of the prior
Loading ACT DR6 lensing likelihood v1.2...
[2 : samplecollection] Loaded 18560 sample points from '../chains/cpl-planck.3.txt'
[2 : minimize] Run 1/1 will start from best fit of previous sample:
[2 : minimize] {'logA': 3.0394812, 'ns': 0.96235414, 'theta_MC_100': 1.041113, 'ombh2': 0.022434531, 'omch2': 0.11978512, 'w': -0.56005584, 'wa': -2.9298628, 'tau': 0.052237617, 'A_planck': 1.0004317, 'calib_100T': 0.9987521, 'calib_217T': 0.99806771, 'A_cib_217': 52.267797, 'xi_sz_cib': 0.28220643, 'A_sz': 7.6480688, 'ksz_norm': 7.1075173, 'gal545_A_100': 7.6339243, 'gal545_A_143': 13.78673, 'gal545_A_143_217': 21.200602, 'gal545_A_217': 93.632678, 'ps_A_100_100': 239.59956, 'ps_A_143_143': 30.389839, 'ps_A_143_217': 28.900134, 'ps_A_217_217': 99.242068, 'galf_TE_A_100': 0.050299154, 'galf_TE_A_100_143': 0.10884517, 'galf_TE_A_100_217': 0.54181058, 'galf_TE_A_143': 0.21272116, 'galf_TE_A_143_217': 0.71259975, 'galf_TE_A_217': 2.3199898}
[0 : minimize] Covariance matrix from previous sample.
Loading ACT DR6 lensing likelihood v1.2...
[1 : samplecollection] Loaded 18442 sample points from '../chains/cpl-planck.2.txt'
[1 : minimize] Run 1/1 will start from best fit of previous sample:
[1 : minimize] {'logA': 3.043209, 'ns': 0.96662447, 'theta_MC_100': 1.0407238, 'ombh2': 0.022362548, 'omch2': 0.12003002, 'w': -2.2595343, 'wa': 1.6285355, 'tau': 0.055056617, 'A_planck': 0.99981288, 'calib_100T': 0.99815235, 'calib_217T': 0.99744672, 'A_cib_217': 43.605513, 'xi_sz_cib': 0.33420117, 'A_sz': 8.2563718, 'ksz_norm': 1.3181838, 'gal545_A_100': 6.1529224, 'gal545_A_143': 12.470095, 'gal545_A_143_217': 22.441399, 'gal545_A_217': 100.26527, 'ps_A_100_100': 230.43088, 'ps_A_143_143': 39.017569, 'ps_A_143_217': 40.699351, 'ps_A_217_217': 119.86199, 'galf_TE_A_100': 0.08819851, 'galf_TE_A_100_143': 0.14812111, 'galf_TE_A_100_217': 0.48880574, 'galf_TE_A_143': 0.27970905, 'galf_TE_A_143_217': 0.71675183, 'galf_TE_A_217': 2.2111852}
[1 : minimize] Starting run 1/1
[0 : minimize] Starting run 1/1
[2 : minimize] Starting run 1/1
[3 : minimize] Starting run 1/1
/users/smp24dhl/.conda/envs/cosmos/lib/python3.9/site-packages/numpy/core/fromnumeric.py:88: RuntimeWarning: overflow encountered in reduce
  return ufunc.reduce(obj, axis, dtype, out, **passkwargs)
