[0 : output] Output to be read-from/written-into folder '../chains', with prefix 'class'
[0 : output] Found existing info files with the requested output prefix: '../chains/class'
[0 : output] Let's try to resume/load.
[0 : output] Found an old sample. Resuming.
[0 : classy] `classy` module loaded successfully from /users/smp24dhl/cosmo/code/classy/build/lib.linux-x86_64-cpython-39
[0 : mcmc] Resuming from previous sample!
[2 : samplecollection] Loaded 1087 sample points from '../chains/class.3.txt'
[1 : samplecollection] Loaded 1031 sample points from '../chains/class.2.txt'
[3 : samplecollection] Loaded 1066 sample points from '../chains/class.4.txt'
[0 : samplecollection] Loaded 1077 sample points from '../chains/class.1.txt'
[0 : mcmc] Initial point: logA:3.099605, n_s:0.9789347, theta_s_100:1.041701, omega_b:0.02269057, omega_cdm:0.1182435, tau_reio:0.05138445, A_act:1.038205, P_act:1.001431
[3 : mcmc] Initial point: logA:3.131429, n_s:0.9771146, theta_s_100:1.041493, omega_b:0.02256962, omega_cdm:0.1188579, tau_reio:0.05139225, A_act:1.05072, P_act:1.001027
[1 : mcmc] Initial point: logA:2.980368, n_s:0.9806628, theta_s_100:1.041483, omega_b:0.02235125, omega_cdm:0.126353, tau_reio:0.05352466, A_act:0.9733733, P_act:0.9937446
[2 : mcmc] Initial point: logA:2.998264, n_s:0.9486481, theta_s_100:1.040763, omega_b:0.02286232, omega_cdm:0.1239521, tau_reio:0.05539759, A_act:0.9693691, P_act:0.9971095
[0 : mcmc] *WARNING* Parameter blocking manually/previously fixed: speeds will not be measured.
[0 : mcmc] Dragging with number of interpolating steps:
[0 : mcmc] *  1 : (['logA', 'n_s', 'theta_s_100', 'omega_b', 'omega_cdm', 'tau_reio'],)
[0 : mcmc] * 12 : (['A_act', 'P_act'],)
[0 : mcmc] Covariance matrix from previous sample.
[0 : mcmc] Sampling!
[2 : mcmc] Progress @ 2025-05-27 12:23:06 : 1 steps taken, and 1087 accepted.
[1 : mcmc] Progress @ 2025-05-27 12:23:06 : 1 steps taken, and 1031 accepted.
[0 : mcmc] Progress @ 2025-05-27 12:23:07 : 1 steps taken, and 1077 accepted.
[3 : mcmc] Progress @ 2025-05-27 12:23:07 : 1 steps taken, and 1066 accepted.
[2 : mcmc] Progress @ 2025-05-27 12:24:20 : 4 steps taken, and 1087 accepted.
[0 : mcmc] Progress @ 2025-05-27 12:24:21 : 4 steps taken, and 1077 accepted.
[1 : mcmc] Progress @ 2025-05-27 12:24:21 : 4 steps taken, and 1031 accepted.
[3 : mcmc] Progress @ 2025-05-27 12:24:22 : 4 steps taken, and 1066 accepted.
[2 : mcmc] Progress @ 2025-05-27 12:25:32 : 7 steps taken, and 1087 accepted.
[1 : mcmc] Progress @ 2025-05-27 12:25:34 : 7 steps taken, and 1032 accepted.
[0 : mcmc] Progress @ 2025-05-27 12:25:35 : 7 steps taken, and 1077 accepted.
[3 : mcmc] Progress @ 2025-05-27 12:25:36 : 7 steps taken, and 1067 accepted.
[2 : mcmc] Progress @ 2025-05-27 12:26:45 : 10 steps taken, and 1087 accepted.
[1 : mcmc] Progress @ 2025-05-27 12:26:50 : 10 steps taken, and 1033 accepted.
[0 : mcmc] Progress @ 2025-05-27 12:26:51 : 10 steps taken, and 1077 accepted.
[3 : mcmc] Progress @ 2025-05-27 12:26:52 : 10 steps taken, and 1068 accepted.
[2 : mcmc] Progress @ 2025-05-27 12:27:56 : 13 steps taken, and 1087 accepted.
[1 : mcmc] Progress @ 2025-05-27 12:28:02 : 13 steps taken, and 1033 accepted.
[0 : mcmc] Progress @ 2025-05-27 12:28:04 : 13 steps taken, and 1077 accepted.
[3 : mcmc] Progress @ 2025-05-27 12:28:05 : 13 steps taken, and 1068 accepted.
[2 : mcmc] Progress @ 2025-05-27 12:29:07 : 16 steps taken, and 1087 accepted.
[1 : mcmc] Progress @ 2025-05-27 12:29:15 : 16 steps taken, and 1033 accepted.
[3 : mcmc] Progress @ 2025-05-27 12:29:18 : 16 steps taken, and 1068 accepted.
[0 : mcmc] Progress @ 2025-05-27 12:29:18 : 16 steps taken, and 1078 accepted.
[2 : mcmc] Progress @ 2025-05-27 12:30:19 : 19 steps taken, and 1087 accepted.
[1 : mcmc] Progress @ 2025-05-27 12:30:30 : 19 steps taken, and 1034 accepted.
[3 : mcmc] Progress @ 2025-05-27 12:30:32 : 19 steps taken, and 1068 accepted.
[0 : mcmc] Progress @ 2025-05-27 12:30:33 : 19 steps taken, and 1078 accepted.
[2 : mcmc] Progress @ 2025-05-27 12:31:30 : 22 steps taken, and 1087 accepted.
[1 : mcmc] Progress @ 2025-05-27 12:31:43 : 22 steps taken, and 1035 accepted.
[3 : mcmc] Progress @ 2025-05-27 12:31:46 : 22 steps taken, and 1068 accepted.
[0 : mcmc] Progress @ 2025-05-27 12:31:46 : 22 steps taken, and 1078 accepted.
[2 : mcmc] Progress @ 2025-05-27 12:32:41 : 25 steps taken, and 1087 accepted.
[1 : mcmc] Progress @ 2025-05-27 12:32:58 : 25 steps taken, and 1035 accepted.
[0 : mcmc] Progress @ 2025-05-27 12:33:00 : 25 steps taken, and 1080 accepted.
[3 : mcmc] Progress @ 2025-05-27 12:33:00 : 25 steps taken, and 1068 accepted.
[2 : mcmc] Progress @ 2025-05-27 12:33:54 : 28 steps taken, and 1088 accepted.
[1 : mcmc] Progress @ 2025-05-27 12:34:14 : 28 steps taken, and 1036 accepted.
[0 : mcmc] Progress @ 2025-05-27 12:34:17 : 28 steps taken, and 1081 accepted.
[3 : mcmc] Progress @ 2025-05-27 12:34:17 : 28 steps taken, and 1070 accepted.
[2 : mcmc] Progress @ 2025-05-27 12:35:08 : 31 steps taken, and 1088 accepted.
[1 : mcmc] Progress @ 2025-05-27 12:35:27 : 31 steps taken, and 1036 accepted.
[0 : mcmc] Progress @ 2025-05-27 12:35:31 : 31 steps taken, and 1081 accepted.
[3 : mcmc] Progress @ 2025-05-27 12:35:31 : 31 steps taken, and 1070 accepted.
[2 : mcmc] Progress @ 2025-05-27 12:36:20 : 34 steps taken, and 1089 accepted.
[1 : mcmc] Progress @ 2025-05-27 12:36:39 : 34 steps taken, and 1036 accepted.
[3 : mcmc] Progress @ 2025-05-27 12:36:43 : 34 steps taken, and 1070 accepted.
[0 : mcmc] Progress @ 2025-05-27 12:36:43 : 34 steps taken, and 1081 accepted.
[2 : mcmc] Progress @ 2025-05-27 12:37:36 : 37 steps taken, and 1089 accepted.
[1 : mcmc] Progress @ 2025-05-27 12:37:53 : 37 steps taken, and 1036 accepted.
[0 : mcmc] Progress @ 2025-05-27 12:37:58 : 37 steps taken, and 1082 accepted.
[3 : mcmc] Progress @ 2025-05-27 12:37:59 : 37 steps taken, and 1070 accepted.
[2 : mcmc] Progress @ 2025-05-27 12:38:47 : 40 steps taken, and 1089 accepted.
[1 : mcmc] Progress @ 2025-05-27 12:39:06 : 40 steps taken, and 1036 accepted.
[3 : mcmc] Progress @ 2025-05-27 12:39:12 : 40 steps taken, and 1070 accepted.
[0 : mcmc] Progress @ 2025-05-27 12:39:13 : 40 steps taken, and 1082 accepted.
[2 : mcmc] Progress @ 2025-05-27 12:40:00 : 43 steps taken, and 1089 accepted.
[1 : mcmc] Progress @ 2025-05-27 12:40:18 : 43 steps taken, and 1036 accepted.
[0 : mcmc] Progress @ 2025-05-27 12:40:26 : 43 steps taken, and 1082 accepted.
[3 : mcmc] Progress @ 2025-05-27 12:40:26 : 43 steps taken, and 1070 accepted.
[2 : mcmc] Progress @ 2025-05-27 12:41:13 : 46 steps taken, and 1090 accepted.
[1 : mcmc] Progress @ 2025-05-27 12:41:29 : 46 steps taken, and 1036 accepted.
[3 : mcmc] Progress @ 2025-05-27 12:41:42 : 46 steps taken, and 1071 accepted.
[0 : mcmc] Progress @ 2025-05-27 12:41:42 : 46 steps taken, and 1082 accepted.
[2 : mcmc] Progress @ 2025-05-27 12:42:25 : 49 steps taken, and 1090 accepted.
[1 : mcmc] Progress @ 2025-05-27 12:42:42 : 49 steps taken, and 1036 accepted.
[3 : mcmc] Progress @ 2025-05-27 12:42:54 : 49 steps taken, and 1071 accepted.
[0 : mcmc] Progress @ 2025-05-27 12:42:56 : 49 steps taken, and 1082 accepted.
[2 : mcmc] Progress @ 2025-05-27 12:43:37 : 52 steps taken, and 1090 accepted.
[1 : mcmc] Progress @ 2025-05-27 12:43:55 : 52 steps taken, and 1037 accepted.
[3 : mcmc] Progress @ 2025-05-27 12:44:08 : 52 steps taken, and 1072 accepted.
[0 : mcmc] Progress @ 2025-05-27 12:44:08 : 52 steps taken, and 1082 accepted.
[2 : mcmc] Progress @ 2025-05-27 12:44:49 : 55 steps taken, and 1090 accepted.
[1 : mcmc] Progress @ 2025-05-27 12:45:08 : 55 steps taken, and 1037 accepted.
[3 : mcmc] Progress @ 2025-05-27 12:45:20 : 55 steps taken, and 1072 accepted.
[0 : mcmc] Progress @ 2025-05-27 12:45:21 : 55 steps taken, and 1082 accepted.
[2 : mcmc] Progress @ 2025-05-27 12:46:01 : 58 steps taken, and 1091 accepted.
[1 : mcmc] Progress @ 2025-05-27 12:46:24 : 58 steps taken, and 1037 accepted.
[3 : mcmc] Progress @ 2025-05-27 12:46:33 : 58 steps taken, and 1072 accepted.
[0 : mcmc] Progress @ 2025-05-27 12:46:35 : 58 steps taken, and 1082 accepted.
[2 : mcmc] Progress @ 2025-05-27 12:47:15 : 61 steps taken, and 1092 accepted.
[1 : mcmc] Progress @ 2025-05-27 12:47:37 : 61 steps taken, and 1037 accepted.
[3 : mcmc] Progress @ 2025-05-27 12:47:46 : 61 steps taken, and 1072 accepted.
[0 : mcmc] Progress @ 2025-05-27 12:47:47 : 61 steps taken, and 1083 accepted.
[2 : mcmc] Progress @ 2025-05-27 12:48:29 : 64 steps taken, and 1092 accepted.
[1 : mcmc] Progress @ 2025-05-27 12:48:49 : 64 steps taken, and 1038 accepted.
[3 : mcmc] Progress @ 2025-05-27 12:48:59 : 64 steps taken, and 1072 accepted.
[0 : mcmc] Progress @ 2025-05-27 12:49:00 : 64 steps taken, and 1084 accepted.
[2 : mcmc] Progress @ 2025-05-27 12:49:41 : 67 steps taken, and 1092 accepted.
[1 : mcmc] Progress @ 2025-05-27 12:50:05 : 67 steps taken, and 1038 accepted.
[0 : mcmc] Progress @ 2025-05-27 12:50:13 : 67 steps taken, and 1084 accepted.
[3 : mcmc] Progress @ 2025-05-27 12:50:13 : 67 steps taken, and 1072 accepted.
[2 : mcmc] Progress @ 2025-05-27 12:50:56 : 70 steps taken, and 1092 accepted.
[1 : mcmc] Progress @ 2025-05-27 12:51:19 : 70 steps taken, and 1038 accepted.
[0 : mcmc] Progress @ 2025-05-27 12:51:26 : 70 steps taken, and 1084 accepted.
[3 : mcmc] Progress @ 2025-05-27 12:51:27 : 70 steps taken, and 1072 accepted.
[2 : mcmc] Progress @ 2025-05-27 12:52:09 : 73 steps taken, and 1092 accepted.
[1 : mcmc] Progress @ 2025-05-27 12:52:32 : 73 steps taken, and 1039 accepted.
[0 : mcmc] Progress @ 2025-05-27 12:52:38 : 73 steps taken, and 1084 accepted.
[3 : mcmc] Progress @ 2025-05-27 12:52:40 : 74 steps taken, and 1073 accepted.
[2 : mcmc] Progress @ 2025-05-27 12:53:21 : 76 steps taken, and 1092 accepted.
[1 : mcmc] Progress @ 2025-05-27 12:53:47 : 76 steps taken, and 1040 accepted.
[0 : mcmc] Progress @ 2025-05-27 12:53:55 : 76 steps taken, and 1084 accepted.
[3 : mcmc] Progress @ 2025-05-27 12:53:56 : 77 steps taken, and 1074 accepted.
[2 : mcmc] Progress @ 2025-05-27 12:54:37 : 79 steps taken, and 1092 accepted.
[1 : mcmc] Progress @ 2025-05-27 12:55:00 : 79 steps taken, and 1041 accepted.
[0 : mcmc] Progress @ 2025-05-27 12:55:07 : 79 steps taken, and 1084 accepted.
[3 : mcmc] Progress @ 2025-05-27 12:55:09 : 80 steps taken, and 1074 accepted.
[2 : mcmc] Progress @ 2025-05-27 12:55:50 : 82 steps taken, and 1093 accepted.
[1 : mcmc] Progress @ 2025-05-27 12:56:12 : 82 steps taken, and 1042 accepted.
[0 : mcmc] Progress @ 2025-05-27 12:56:20 : 82 steps taken, and 1084 accepted.
[3 : mcmc] Progress @ 2025-05-27 12:56:22 : 83 steps taken, and 1074 accepted.
[2 : mcmc] Progress @ 2025-05-27 12:57:03 : 85 steps taken, and 1093 accepted.
[1 : mcmc] Progress @ 2025-05-27 12:57:27 : 85 steps taken, and 1042 accepted.
[0 : mcmc] Progress @ 2025-05-27 12:57:35 : 85 steps taken, and 1084 accepted.
[3 : mcmc] Progress @ 2025-05-27 12:57:37 : 86 steps taken, and 1074 accepted.
[2 : mcmc] Progress @ 2025-05-27 12:58:17 : 88 steps taken, and 1094 accepted.
[1 : mcmc] Progress @ 2025-05-27 12:58:40 : 88 steps taken, and 1042 accepted.
[0 : mcmc] Progress @ 2025-05-27 12:58:48 : 88 steps taken, and 1084 accepted.
[3 : mcmc] Progress @ 2025-05-27 12:58:50 : 89 steps taken, and 1074 accepted.
[2 : mcmc] Progress @ 2025-05-27 12:59:29 : 91 steps taken, and 1094 accepted.
[1 : mcmc] Progress @ 2025-05-27 12:59:53 : 91 steps taken, and 1042 accepted.
[0 : mcmc] Progress @ 2025-05-27 13:00:01 : 91 steps taken, and 1084 accepted.
[3 : mcmc] Progress @ 2025-05-27 13:00:03 : 92 steps taken, and 1076 accepted.
[2 : mcmc] Progress @ 2025-05-27 13:00:41 : 94 steps taken, and 1094 accepted.
[1 : mcmc] Progress @ 2025-05-27 13:01:09 : 94 steps taken, and 1043 accepted.
[0 : mcmc] Progress @ 2025-05-27 13:01:15 : 94 steps taken, and 1084 accepted.
[3 : mcmc] Progress @ 2025-05-27 13:01:18 : 95 steps taken, and 1076 accepted.
[2 : mcmc] Progress @ 2025-05-27 13:01:53 : 97 steps taken, and 1094 accepted.
[1 : mcmc] Progress @ 2025-05-27 13:02:22 : 97 steps taken, and 1044 accepted.
[0 : mcmc] Progress @ 2025-05-27 13:02:28 : 97 steps taken, and 1084 accepted.
[3 : mcmc] Progress @ 2025-05-27 13:02:30 : 98 steps taken, and 1076 accepted.
[2 : mcmc] Progress @ 2025-05-27 13:03:04 : 100 steps taken, and 1094 accepted.
[1 : mcmc] Progress @ 2025-05-27 13:03:34 : 100 steps taken, and 1044 accepted.
[0 : mcmc] Progress @ 2025-05-27 13:03:40 : 100 steps taken, and 1084 accepted.
[3 : mcmc] Progress @ 2025-05-27 13:03:44 : 101 steps taken, and 1076 accepted.
[2 : mcmc] Progress @ 2025-05-27 13:04:19 : 103 steps taken, and 1096 accepted.
[1 : mcmc] Progress @ 2025-05-27 13:04:50 : 103 steps taken, and 1044 accepted.
[0 : mcmc] Progress @ 2025-05-27 13:04:57 : 103 steps taken, and 1085 accepted.
[3 : mcmc] Progress @ 2025-05-27 13:05:00 : 104 steps taken, and 1076 accepted.
[2 : mcmc] Progress @ 2025-05-27 13:05:30 : 106 steps taken, and 1097 accepted.
[1 : mcmc] Progress @ 2025-05-27 13:06:02 : 106 steps taken, and 1044 accepted.
[0 : mcmc] Progress @ 2025-05-27 13:06:09 : 106 steps taken, and 1085 accepted.
[3 : mcmc] Progress @ 2025-05-27 13:06:14 : 107 steps taken, and 1077 accepted.
[2 : mcmc] Progress @ 2025-05-27 13:06:43 : 109 steps taken, and 1097 accepted.
[1 : mcmc] Progress @ 2025-05-27 13:07:15 : 109 steps taken, and 1044 accepted.
[0 : mcmc] Progress @ 2025-05-27 13:07:23 : 109 steps taken, and 1086 accepted.
[3 : mcmc] Progress @ 2025-05-27 13:07:28 : 110 steps taken, and 1077 accepted.
[2 : mcmc] Progress @ 2025-05-27 13:07:58 : 112 steps taken, and 1097 accepted.
[1 : mcmc] Progress @ 2025-05-27 13:08:27 : 112 steps taken, and 1045 accepted.
[0 : mcmc] Progress @ 2025-05-27 13:08:37 : 112 steps taken, and 1086 accepted.
[3 : mcmc] Progress @ 2025-05-27 13:08:43 : 113 steps taken, and 1077 accepted.
[2 : mcmc] Progress @ 2025-05-27 13:09:11 : 115 steps taken, and 1097 accepted.
[1 : mcmc] Progress @ 2025-05-27 13:09:39 : 115 steps taken, and 1045 accepted.
[0 : mcmc] Progress @ 2025-05-27 13:09:49 : 115 steps taken, and 1086 accepted.
[3 : mcmc] Progress @ 2025-05-27 13:09:57 : 116 steps taken, and 1077 accepted.
[2 : mcmc] Progress @ 2025-05-27 13:10:23 : 118 steps taken, and 1099 accepted.
[1 : mcmc] Progress @ 2025-05-27 13:10:51 : 118 steps taken, and 1046 accepted.
[0 : mcmc] Progress @ 2025-05-27 13:11:02 : 118 steps taken, and 1086 accepted.
[3 : mcmc] Progress @ 2025-05-27 13:11:10 : 119 steps taken, and 1077 accepted.
[2 : mcmc] Progress @ 2025-05-27 13:11:35 : 121 steps taken, and 1099 accepted.
[1 : mcmc] Progress @ 2025-05-27 13:12:05 : 121 steps taken, and 1046 accepted.
[0 : mcmc] Progress @ 2025-05-27 13:12:15 : 121 steps taken, and 1086 accepted.
[3 : mcmc] Progress @ 2025-05-27 13:12:24 : 122 steps taken, and 1077 accepted.
[2 : mcmc] Progress @ 2025-05-27 13:12:47 : 124 steps taken, and 1099 accepted.
[1 : mcmc] Progress @ 2025-05-27 13:13:18 : 124 steps taken, and 1046 accepted.
[0 : mcmc] Progress @ 2025-05-27 13:13:29 : 124 steps taken, and 1086 accepted.
[3 : mcmc] Progress @ 2025-05-27 13:13:37 : 125 steps taken, and 1077 accepted.
[2 : mcmc] Progress @ 2025-05-27 13:14:00 : 127 steps taken, and 1099 accepted.
[1 : mcmc] Progress @ 2025-05-27 13:14:32 : 127 steps taken, and 1046 accepted.
[0 : mcmc] Progress @ 2025-05-27 13:14:40 : 127 steps taken, and 1086 accepted.
[3 : mcmc] Progress @ 2025-05-27 13:14:51 : 128 steps taken, and 1077 accepted.
[2 : mcmc] Progress @ 2025-05-27 13:15:12 : 130 steps taken, and 1099 accepted.
[1 : mcmc] Progress @ 2025-05-27 13:15:45 : 130 steps taken, and 1047 accepted.
[0 : mcmc] Progress @ 2025-05-27 13:15:54 : 130 steps taken, and 1086 accepted.
[3 : mcmc] Progress @ 2025-05-27 13:16:06 : 131 steps taken, and 1077 accepted.
[2 : mcmc] Progress @ 2025-05-27 13:16:25 : 133 steps taken, and 1099 accepted.
[1 : mcmc] Progress @ 2025-05-27 13:16:57 : 133 steps taken, and 1047 accepted.
[0 : mcmc] Progress @ 2025-05-27 13:17:08 : 133 steps taken, and 1086 accepted.
[3 : mcmc] Progress @ 2025-05-27 13:17:19 : 134 steps taken, and 1078 accepted.
[2 : mcmc] Progress @ 2025-05-27 13:17:38 : 136 steps taken, and 1099 accepted.
[1 : mcmc] Progress @ 2025-05-27 13:18:11 : 136 steps taken, and 1047 accepted.
[0 : mcmc] Progress @ 2025-05-27 13:18:21 : 136 steps taken, and 1086 accepted.
[3 : mcmc] Progress @ 2025-05-27 13:18:33 : 137 steps taken, and 1079 accepted.
[2 : mcmc] Progress @ 2025-05-27 13:18:51 : 139 steps taken, and 1100 accepted.
[1 : mcmc] Progress @ 2025-05-27 13:19:23 : 139 steps taken, and 1047 accepted.
[0 : mcmc] Progress @ 2025-05-27 13:19:34 : 139 steps taken, and 1086 accepted.
[3 : mcmc] Progress @ 2025-05-27 13:19:49 : 140 steps taken, and 1080 accepted.
[2 : mcmc] Progress @ 2025-05-27 13:20:07 : 142 steps taken, and 1100 accepted.
[1 : mcmc] Progress @ 2025-05-27 13:20:38 : 142 steps taken, and 1047 accepted.
[0 : mcmc] Progress @ 2025-05-27 13:20:51 : 142 steps taken, and 1086 accepted.
[3 : mcmc] Progress @ 2025-05-27 13:21:01 : 143 steps taken, and 1081 accepted.
[2 : mcmc] Progress @ 2025-05-27 13:21:20 : 145 steps taken, and 1100 accepted.
[1 : mcmc] Progress @ 2025-05-27 13:21:52 : 145 steps taken, and 1047 accepted.
[0 : mcmc] Progress @ 2025-05-27 13:22:07 : 145 steps taken, and 1087 accepted.
[3 : mcmc] Progress @ 2025-05-27 13:22:15 : 146 steps taken, and 1081 accepted.
[2 : mcmc] Progress @ 2025-05-27 13:22:33 : 148 steps taken, and 1100 accepted.
[1 : mcmc] Progress @ 2025-05-27 13:23:03 : 148 steps taken, and 1047 accepted.
[0 : mcmc] Progress @ 2025-05-27 13:23:22 : 148 steps taken, and 1087 accepted.
[3 : mcmc] Progress @ 2025-05-27 13:23:28 : 149 steps taken, and 1081 accepted.
[2 : mcmc] Progress @ 2025-05-27 13:23:47 : 151 steps taken, and 1100 accepted.
[1 : mcmc] Progress @ 2025-05-27 13:24:15 : 151 steps taken, and 1047 accepted.
[0 : mcmc] Progress @ 2025-05-27 13:24:36 : 151 steps taken, and 1087 accepted.
[3 : mcmc] Progress @ 2025-05-27 13:24:43 : 152 steps taken, and 1082 accepted.
[2 : mcmc] Progress @ 2025-05-27 13:24:59 : 154 steps taken, and 1100 accepted.
[1 : mcmc] Progress @ 2025-05-27 13:25:29 : 154 steps taken, and 1047 accepted.
[0 : mcmc] Progress @ 2025-05-27 13:25:52 : 154 steps taken, and 1088 accepted.
[3 : mcmc] Progress @ 2025-05-27 13:25:56 : 155 steps taken, and 1083 accepted.
[2 : mcmc] Progress @ 2025-05-27 13:26:14 : 157 steps taken, and 1100 accepted.
[1 : mcmc] Progress @ 2025-05-27 13:26:44 : 157 steps taken, and 1048 accepted.
[0 : mcmc] Progress @ 2025-05-27 13:27:06 : 157 steps taken, and 1088 accepted.
[3 : mcmc] Progress @ 2025-05-27 13:27:11 : 158 steps taken, and 1084 accepted.
[2 : mcmc] Progress @ 2025-05-27 13:27:27 : 160 steps taken, and 1102 accepted.
[1 : mcmc] Progress @ 2025-05-27 13:27:56 : 160 steps taken, and 1048 accepted.
[0 : mcmc] Progress @ 2025-05-27 13:28:19 : 160 steps taken, and 1088 accepted.
[3 : mcmc] Progress @ 2025-05-27 13:28:24 : 161 steps taken, and 1085 accepted.
[2 : mcmc] Progress @ 2025-05-27 13:28:39 : 163 steps taken, and 1104 accepted.
[1 : mcmc] Progress @ 2025-05-27 13:29:10 : 163 steps taken, and 1048 accepted.
[0 : mcmc] Progress @ 2025-05-27 13:29:33 : 163 steps taken, and 1088 accepted.
[3 : mcmc] Progress @ 2025-05-27 13:29:36 : 164 steps taken, and 1085 accepted.
[2 : mcmc] Progress @ 2025-05-27 13:29:53 : 166 steps taken, and 1104 accepted.
[1 : mcmc] Progress @ 2025-05-27 13:30:22 : 166 steps taken, and 1048 accepted.
[0 : mcmc] Progress @ 2025-05-27 13:30:47 : 166 steps taken, and 1088 accepted.
[3 : mcmc] Progress @ 2025-05-27 13:30:50 : 167 steps taken, and 1085 accepted.
[2 : mcmc] Progress @ 2025-05-27 13:31:06 : 169 steps taken, and 1104 accepted.
[1 : mcmc] Progress @ 2025-05-27 13:31:34 : 169 steps taken, and 1048 accepted.
[0 : mcmc] Progress @ 2025-05-27 13:32:01 : 169 steps taken, and 1088 accepted.
[3 : mcmc] Progress @ 2025-05-27 13:32:03 : 170 steps taken, and 1085 accepted.
[2 : mcmc] Progress @ 2025-05-27 13:32:19 : 172 steps taken, and 1105 accepted.
[1 : mcmc] Progress @ 2025-05-27 13:32:47 : 172 steps taken, and 1048 accepted.
[0 : mcmc] Progress @ 2025-05-27 13:33:16 : 172 steps taken, and 1088 accepted.
[3 : mcmc] Progress @ 2025-05-27 13:33:17 : 173 steps taken, and 1085 accepted.
[2 : mcmc] Progress @ 2025-05-27 13:33:32 : 175 steps taken, and 1105 accepted.
[1 : mcmc] Progress @ 2025-05-27 13:34:01 : 175 steps taken, and 1048 accepted.
[3 : mcmc] Progress @ 2025-05-27 13:34:30 : 176 steps taken, and 1085 accepted.
[0 : mcmc] Progress @ 2025-05-27 13:34:30 : 175 steps taken, and 1088 accepted.
[2 : mcmc] Progress @ 2025-05-27 13:34:46 : 178 steps taken, and 1106 accepted.
[1 : mcmc] Progress @ 2025-05-27 13:35:14 : 178 steps taken, and 1048 accepted.
[0 : mcmc] Progress @ 2025-05-27 13:35:44 : 178 steps taken, and 1088 accepted.
[3 : mcmc] Progress @ 2025-05-27 13:35:45 : 179 steps taken, and 1086 accepted.
[2 : mcmc] Progress @ 2025-05-27 13:36:00 : 181 steps taken, and 1106 accepted.
[1 : mcmc] Progress @ 2025-05-27 13:36:28 : 181 steps taken, and 1048 accepted.
[0 : mcmc] Progress @ 2025-05-27 13:36:57 : 181 steps taken, and 1088 accepted.
[3 : mcmc] Progress @ 2025-05-27 13:36:57 : 182 steps taken, and 1086 accepted.
[2 : mcmc] Progress @ 2025-05-27 13:37:15 : 184 steps taken, and 1106 accepted.
[1 : mcmc] Progress @ 2025-05-27 13:37:42 : 184 steps taken, and 1048 accepted.
[0 : mcmc] Progress @ 2025-05-27 13:38:10 : 184 steps taken, and 1088 accepted.
[3 : mcmc] Progress @ 2025-05-27 13:38:11 : 185 steps taken, and 1087 accepted.
[2 : mcmc] Progress @ 2025-05-27 13:38:27 : 187 steps taken, and 1106 accepted.
[1 : mcmc] Progress @ 2025-05-27 13:38:55 : 187 steps taken, and 1048 accepted.
[0 : mcmc] Progress @ 2025-05-27 13:39:23 : 187 steps taken, and 1088 accepted.
[3 : mcmc] Progress @ 2025-05-27 13:39:24 : 188 steps taken, and 1088 accepted.
[2 : mcmc] Progress @ 2025-05-27 13:39:40 : 190 steps taken, and 1106 accepted.
[1 : mcmc] Progress @ 2025-05-27 13:40:09 : 190 steps taken, and 1048 accepted.
[3 : mcmc] Progress @ 2025-05-27 13:40:37 : 192 steps taken, and 1089 accepted.
[0 : mcmc] Progress @ 2025-05-27 13:40:41 : 190 steps taken, and 1088 accepted.
[2 : mcmc] Progress @ 2025-05-27 13:40:53 : 193 steps taken, and 1106 accepted.
[1 : mcmc] Progress @ 2025-05-27 13:41:22 : 193 steps taken, and 1048 accepted.
[3 : mcmc] Progress @ 2025-05-27 13:41:50 : 195 steps taken, and 1089 accepted.
[0 : mcmc] Progress @ 2025-05-27 13:41:54 : 193 steps taken, and 1089 accepted.
[2 : mcmc] Progress @ 2025-05-27 13:42:07 : 196 steps taken, and 1107 accepted.
[1 : mcmc] Progress @ 2025-05-27 13:42:36 : 196 steps taken, and 1049 accepted.
[3 : mcmc] Progress @ 2025-05-27 13:43:02 : 198 steps taken, and 1089 accepted.
[0 : mcmc] Progress @ 2025-05-27 13:43:08 : 196 steps taken, and 1089 accepted.
[2 : mcmc] Progress @ 2025-05-27 13:43:19 : 199 steps taken, and 1108 accepted.
[1 : mcmc] Progress @ 2025-05-27 13:43:49 : 199 steps taken, and 1049 accepted.
[3 : mcmc] Progress @ 2025-05-27 13:44:16 : 201 steps taken, and 1089 accepted.
[0 : mcmc] Progress @ 2025-05-27 13:44:21 : 199 steps taken, and 1089 accepted.
[2 : mcmc] Progress @ 2025-05-27 13:44:32 : 202 steps taken, and 1108 accepted.
[1 : mcmc] Progress @ 2025-05-27 13:45:04 : 202 steps taken, and 1049 accepted.
[0 : mcmc] Progress @ 2025-05-27 13:45:35 : 202 steps taken, and 1089 accepted.
[3 : mcmc] Progress @ 2025-05-27 13:45:35 : 204 steps taken, and 1089 accepted.
[2 : mcmc] Progress @ 2025-05-27 13:45:44 : 205 steps taken, and 1108 accepted.
[1 : mcmc] Progress @ 2025-05-27 13:46:16 : 205 steps taken, and 1050 accepted.
[0 : mcmc] Progress @ 2025-05-27 13:46:49 : 205 steps taken, and 1090 accepted.
[3 : mcmc] Progress @ 2025-05-27 13:46:49 : 207 steps taken, and 1090 accepted.
[2 : mcmc] Progress @ 2025-05-27 13:46:58 : 208 steps taken, and 1108 accepted.
[1 : mcmc] Progress @ 2025-05-27 13:47:29 : 208 steps taken, and 1051 accepted.
[3 : mcmc] Progress @ 2025-05-27 13:48:01 : 210 steps taken, and 1090 accepted.
[0 : mcmc] Progress @ 2025-05-27 13:48:02 : 208 steps taken, and 1090 accepted.
[2 : mcmc] Progress @ 2025-05-27 13:48:11 : 211 steps taken, and 1108 accepted.
[1 : mcmc] Progress @ 2025-05-27 13:48:42 : 211 steps taken, and 1051 accepted.
[0 : mcmc] Progress @ 2025-05-27 13:49:16 : 211 steps taken, and 1090 accepted.
[3 : mcmc] Progress @ 2025-05-27 13:49:18 : 213 steps taken, and 1090 accepted.
[2 : mcmc] Progress @ 2025-05-27 13:49:24 : 214 steps taken, and 1108 accepted.
[1 : mcmc] Progress @ 2025-05-27 13:49:54 : 214 steps taken, and 1051 accepted.
[0 : mcmc] Progress @ 2025-05-27 13:50:30 : 214 steps taken, and 1090 accepted.
[3 : mcmc] Progress @ 2025-05-27 13:50:35 : 216 steps taken, and 1090 accepted.
[2 : mcmc] Progress @ 2025-05-27 13:50:36 : 217 steps taken, and 1109 accepted.
[1 : mcmc] Progress @ 2025-05-27 13:51:07 : 217 steps taken, and 1051 accepted.
[0 : mcmc] Progress @ 2025-05-27 13:51:43 : 217 steps taken, and 1091 accepted.
[3 : mcmc] Progress @ 2025-05-27 13:51:49 : 219 steps taken, and 1090 accepted.
[2 : mcmc] Progress @ 2025-05-27 13:51:50 : 220 steps taken, and 1109 accepted.
[1 : mcmc] Progress @ 2025-05-27 13:52:22 : 220 steps taken, and 1051 accepted.
[0 : mcmc] Progress @ 2025-05-27 13:52:56 : 220 steps taken, and 1091 accepted.
[2 : mcmc] Progress @ 2025-05-27 13:53:04 : 223 steps taken, and 1111 accepted.
[3 : mcmc] Progress @ 2025-05-27 13:53:04 : 222 steps taken, and 1091 accepted.
[1 : mcmc] Progress @ 2025-05-27 13:53:35 : 223 steps taken, and 1052 accepted.
[0 : mcmc] Progress @ 2025-05-27 13:54:09 : 223 steps taken, and 1091 accepted.
[2 : mcmc] Progress @ 2025-05-27 13:54:17 : 226 steps taken, and 1111 accepted.
[3 : mcmc] Progress @ 2025-05-27 13:54:17 : 225 steps taken, and 1091 accepted.
[1 : mcmc] Progress @ 2025-05-27 13:54:47 : 226 steps taken, and 1052 accepted.
[0 : mcmc] Progress @ 2025-05-27 13:55:23 : 226 steps taken, and 1092 accepted.
[2 : mcmc] Progress @ 2025-05-27 13:55:30 : 229 steps taken, and 1111 accepted.
[3 : mcmc] Progress @ 2025-05-27 13:55:32 : 228 steps taken, and 1091 accepted.
[1 : mcmc] Progress @ 2025-05-27 13:56:02 : 229 steps taken, and 1052 accepted.
[0 : mcmc] Progress @ 2025-05-27 13:56:36 : 229 steps taken, and 1092 accepted.
[2 : mcmc] Progress @ 2025-05-27 13:56:44 : 232 steps taken, and 1111 accepted.
[3 : mcmc] Progress @ 2025-05-27 13:56:44 : 231 steps taken, and 1091 accepted.
[1 : mcmc] Progress @ 2025-05-27 13:57:15 : 232 steps taken, and 1052 accepted.
[0 : mcmc] Progress @ 2025-05-27 13:57:49 : 232 steps taken, and 1092 accepted.
[2 : mcmc] Progress @ 2025-05-27 13:57:57 : 235 steps taken, and 1111 accepted.
[3 : mcmc] Progress @ 2025-05-27 13:57:59 : 234 steps taken, and 1092 accepted.
[1 : mcmc] Progress @ 2025-05-27 13:58:28 : 235 steps taken, and 1052 accepted.
[0 : mcmc] Progress @ 2025-05-27 13:59:06 : 235 steps taken, and 1093 accepted.
[2 : mcmc] Progress @ 2025-05-27 13:59:10 : 238 steps taken, and 1112 accepted.
[3 : mcmc] Progress @ 2025-05-27 13:59:13 : 237 steps taken, and 1093 accepted.
[1 : mcmc] Progress @ 2025-05-27 13:59:39 : 238 steps taken, and 1052 accepted.
[0 : mcmc] Progress @ 2025-05-27 14:00:20 : 238 steps taken, and 1093 accepted.
[2 : mcmc] Progress @ 2025-05-27 14:00:23 : 241 steps taken, and 1112 accepted.
[3 : mcmc] Progress @ 2025-05-27 14:00:25 : 240 steps taken, and 1093 accepted.
[1 : mcmc] Progress @ 2025-05-27 14:00:53 : 241 steps taken, and 1052 accepted.
[0 : mcmc] Progress @ 2025-05-27 14:01:32 : 241 steps taken, and 1093 accepted.
[2 : mcmc] Progress @ 2025-05-27 14:01:37 : 244 steps taken, and 1112 accepted.
[3 : mcmc] Progress @ 2025-05-27 14:01:40 : 243 steps taken, and 1093 accepted.
[1 : mcmc] Progress @ 2025-05-27 14:02:05 : 244 steps taken, and 1053 accepted.
[0 : mcmc] Progress @ 2025-05-27 14:02:50 : 244 steps taken, and 1094 accepted.
[2 : mcmc] Progress @ 2025-05-27 14:02:53 : 247 steps taken, and 1112 accepted.
[3 : mcmc] Progress @ 2025-05-27 14:02:58 : 246 steps taken, and 1093 accepted.
[1 : mcmc] Progress @ 2025-05-27 14:03:23 : 247 steps taken, and 1053 accepted.
[0 : mcmc] Progress @ 2025-05-27 14:04:03 : 247 steps taken, and 1094 accepted.
[2 : mcmc] Progress @ 2025-05-27 14:04:08 : 250 steps taken, and 1113 accepted.
[3 : mcmc] Progress @ 2025-05-27 14:04:11 : 249 steps taken, and 1093 accepted.
[1 : mcmc] Progress @ 2025-05-27 14:04:34 : 250 steps taken, and 1053 accepted.
[0 : mcmc] Progress @ 2025-05-27 14:05:16 : 250 steps taken, and 1094 accepted.
[2 : mcmc] Progress @ 2025-05-27 14:05:20 : 253 steps taken, and 1113 accepted.
[3 : mcmc] Progress @ 2025-05-27 14:05:24 : 252 steps taken, and 1093 accepted.
[1 : mcmc] Progress @ 2025-05-27 14:05:47 : 253 steps taken, and 1054 accepted.
[0 : mcmc] Progress @ 2025-05-27 14:06:32 : 253 steps taken, and 1094 accepted.
[2 : mcmc] Progress @ 2025-05-27 14:06:33 : 256 steps taken, and 1113 accepted.
[3 : mcmc] Progress @ 2025-05-27 14:06:37 : 255 steps taken, and 1094 accepted.
[1 : mcmc] Progress @ 2025-05-27 14:07:00 : 256 steps taken, and 1056 accepted.
[0 : mcmc] Progress @ 2025-05-27 14:07:45 : 256 steps taken, and 1095 accepted.
[2 : mcmc] Progress @ 2025-05-27 14:07:47 : 259 steps taken, and 1113 accepted.
[3 : mcmc] Progress @ 2025-05-27 14:07:51 : 258 steps taken, and 1094 accepted.
[1 : mcmc] Progress @ 2025-05-27 14:08:14 : 259 steps taken, and 1056 accepted.
[0 : mcmc] Progress @ 2025-05-27 14:09:00 : 259 steps taken, and 1095 accepted.
[2 : mcmc] Progress @ 2025-05-27 14:09:00 : 262 steps taken, and 1113 accepted.
[3 : mcmc] Progress @ 2025-05-27 14:09:06 : 261 steps taken, and 1094 accepted.
[1 : mcmc] Progress @ 2025-05-27 14:09:26 : 262 steps taken, and 1057 accepted.
[2 : mcmc] Progress @ 2025-05-27 14:10:13 : 265 steps taken, and 1113 accepted.
[0 : mcmc] Progress @ 2025-05-27 14:10:14 : 262 steps taken, and 1095 accepted.
[3 : mcmc] Progress @ 2025-05-27 14:10:20 : 264 steps taken, and 1095 accepted.
[1 : mcmc] Progress @ 2025-05-27 14:10:40 : 265 steps taken, and 1057 accepted.
[2 : mcmc] Progress @ 2025-05-27 14:11:26 : 268 steps taken, and 1113 accepted.
[0 : mcmc] Progress @ 2025-05-27 14:11:28 : 265 steps taken, and 1095 accepted.
[3 : mcmc] Progress @ 2025-05-27 14:11:34 : 267 steps taken, and 1095 accepted.
[1 : mcmc] Progress @ 2025-05-27 14:11:52 : 268 steps taken, and 1057 accepted.
[2 : mcmc] Progress @ 2025-05-27 14:12:40 : 271 steps taken, and 1113 accepted.
[0 : mcmc] Progress @ 2025-05-27 14:12:42 : 268 steps taken, and 1095 accepted.
[3 : mcmc] Progress @ 2025-05-27 14:12:47 : 270 steps taken, and 1095 accepted.
[1 : mcmc] Progress @ 2025-05-27 14:13:05 : 271 steps taken, and 1057 accepted.
[2 : mcmc] Progress @ 2025-05-27 14:13:53 : 274 steps taken, and 1113 accepted.
[0 : mcmc] Progress @ 2025-05-27 14:13:56 : 271 steps taken, and 1095 accepted.
[3 : mcmc] Progress @ 2025-05-27 14:14:00 : 273 steps taken, and 1095 accepted.
[1 : mcmc] Progress @ 2025-05-27 14:14:17 : 274 steps taken, and 1058 accepted.
[2 : mcmc] Progress @ 2025-05-27 14:15:06 : 277 steps taken, and 1114 accepted.
[0 : mcmc] Progress @ 2025-05-27 14:15:10 : 274 steps taken, and 1095 accepted.
[3 : mcmc] Progress @ 2025-05-27 14:15:14 : 276 steps taken, and 1095 accepted.
[1 : mcmc] Progress @ 2025-05-27 14:15:31 : 277 steps taken, and 1058 accepted.
[2 : mcmc] Progress @ 2025-05-27 14:16:19 : 280 steps taken, and 1114 accepted.
[0 : mcmc] Progress @ 2025-05-27 14:16:24 : 277 steps taken, and 1096 accepted.
[3 : mcmc] Progress @ 2025-05-27 14:16:27 : 279 steps taken, and 1095 accepted.
[1 : mcmc] Progress @ 2025-05-27 14:16:44 : 280 steps taken, and 1058 accepted.
[2 : mcmc] Progress @ 2025-05-27 14:17:32 : 283 steps taken, and 1114 accepted.
[0 : mcmc] Progress @ 2025-05-27 14:17:37 : 280 steps taken, and 1096 accepted.
[3 : mcmc] Progress @ 2025-05-27 14:17:41 : 282 steps taken, and 1095 accepted.
[1 : mcmc] Progress @ 2025-05-27 14:17:58 : 283 steps taken, and 1058 accepted.
