[0 : output] Output to be read-from/written-into folder '../chains', with prefix 'old-tau'
[0 : prior] *WARNING* External prior 'cal_dip_prior' loaded. Mind that it might not be normalized!
[0 : camb] `camb` module loaded successfully from /users/smp24dhl/cosmo/code/CAMB/camb
[1 : mcmc] Getting initial point... (this may take a few seconds)
[2 : mcmc] Getting initial point... (this may take a few seconds)
[3 : mcmc] Getting initial point... (this may take a few seconds)
[0 : mcmc] Getting initial point... (this may take a few seconds)
[2 : mcmc] Initial point: logA:3.051959, ns:0.9670957, theta_MC_100:1.040563, ombh2:0.02258595, omch2:0.1182627, tau:0.09462713, A_act:0.9590793, P_act:0.9876173
[3 : mcmc] Initial point: logA:3.05097, ns:0.9688832, theta_MC_100:1.040706, ombh2:0.02239113, omch2:0.1193742, tau:0.04287362, A_act:0.9391112, P_act:0.913732
[0 : mcmc] Initial point: logA:3.050773, ns:0.9669575, theta_MC_100:1.040963, ombh2:0.02238589, omch2:0.1208525, tau:0.07531401, A_act:1.07301, P_act:0.9799176
[1 : mcmc] Initial point: logA:3.047808, ns:0.971202, theta_MC_100:1.040486, ombh2:0.02235078, omch2:0.1193299, tau:0.07930882, A_act:1.137041, P_act:1.021788
[0 : model] Measuring speeds... (this may take a few seconds)
[0 : model] Setting measured speeds (per sec): {act_dr6_cmbonly: 181.0, camb.transfers: 0.133, camb: 0.152}
[0 : mcmc] Dragging with number of interpolating steps:
[0 : mcmc] * 1 : [['theta_MC_100', 'ombh2', 'omch2', 'tau'], ['logA', 'ns']]
[0 : mcmc] * 7 : [['A_act', 'P_act']]
[0 : autoselect_covmat] No cached covmat database present, not usable or not up-to-date. Will be re-created and cached.
[0 : mcmc] Covariance matrix selected automatically: /users/smp24dhl/cosmo/data/planck_supp_data_and_covmats/covmats/base_WMAP.covmat
[0 : mcmc] Covariance matrix loaded for params ['ombh2', 'omch2', 'theta_MC_100', 'tau', 'logA', 'ns']
[0 : mcmc] Missing proposal covariance for params ['A_act', 'P_act']
[0 : mcmc] Covariance matrix not complete. We will start learning the covariance of the proposal earlier: R-1 = 30 (would be 2 if all params loaded).
[0 : mcmc] *WARNING* The initial points are widely dispersed compared to the proposal covariance, it may take a long time to burn in (max dist to start mean: [15.316496851680128, 36.66032920574539, 22.660397745948043, 29.316428311477367])
[0 : mcmc] Sampling!
[1 : mcmc] Progress @ 2025-04-16 20:09:44 : 1 steps taken, and 0 accepted.
[2 : mcmc] Progress @ 2025-04-16 20:09:51 : 1 steps taken, and 0 accepted.
[0 : mcmc] Progress @ 2025-04-16 20:09:52 : 1 steps taken, and 0 accepted.
[3 : mcmc] Progress @ 2025-04-16 20:09:52 : 1 steps taken, and 0 accepted.
[1 : mcmc] Progress @ 2025-04-16 20:10:44 : 6 steps taken, and 3 accepted.
[0 : mcmc] Progress @ 2025-04-16 20:10:56 : 7 steps taken, and 2 accepted.
[2 : mcmc] Progress @ 2025-04-16 20:11:03 : 7 steps taken, and 0 accepted.
[3 : mcmc] Progress @ 2025-04-16 20:11:04 : 8 steps taken, and 4 accepted.
[1 : mcmc] Progress @ 2025-04-16 20:11:50 : 12 steps taken, and 7 accepted.
[0 : mcmc] Progress @ 2025-04-16 20:12:01 : 13 steps taken, and 4 accepted.
[3 : mcmc] Progress @ 2025-04-16 20:12:08 : 14 steps taken, and 4 accepted.
[2 : mcmc] Progress @ 2025-04-16 20:12:14 : 14 steps taken, and 2 accepted.
[1 : mcmc] Progress @ 2025-04-16 20:12:54 : 18 steps taken, and 10 accepted.
[0 : mcmc] Progress @ 2025-04-16 20:13:05 : 19 steps taken, and 6 accepted.
 Warning: xe at redshift zero is < 1
 Check input parameters an Reionization_xe
 function in the Reionization module
[3 : mcmc] Progress @ 2025-04-16 20:13:19 : 20 steps taken, and 4 accepted.
[2 : mcmc] Progress @ 2025-04-16 20:13:26 : 20 steps taken, and 3 accepted.
[1 : mcmc] Progress @ 2025-04-16 20:13:58 : 24 steps taken, and 11 accepted.
[0 : mcmc] Progress @ 2025-04-16 20:14:08 : 25 steps taken, and 8 accepted.
[3 : mcmc] Progress @ 2025-04-16 20:14:22 : 26 steps taken, and 5 accepted.
 Warning: xe at redshift zero is < 1
 Check input parameters an Reionization_xe
 function in the Reionization module
[2 : mcmc] Progress @ 2025-04-16 20:14:30 : 26 steps taken, and 4 accepted.
[1 : mcmc] Progress @ 2025-04-16 20:15:02 : 30 steps taken, and 15 accepted.
[0 : mcmc] Progress @ 2025-04-16 20:15:09 : 32 steps taken, and 9 accepted.
[3 : mcmc] Progress @ 2025-04-16 20:15:28 : 33 steps taken, and 7 accepted.
[2 : mcmc] Progress @ 2025-04-16 20:15:39 : 33 steps taken, and 4 accepted.
[1 : mcmc] Progress @ 2025-04-16 20:16:07 : 36 steps taken, and 16 accepted.
[0 : mcmc] Progress @ 2025-04-16 20:16:14 : 37 steps taken, and 9 accepted.
[3 : mcmc] Progress @ 2025-04-16 20:16:30 : 39 steps taken, and 8 accepted.
[2 : mcmc] Progress @ 2025-04-16 20:16:42 : 39 steps taken, and 5 accepted.
[1 : mcmc] Progress @ 2025-04-16 20:17:09 : 42 steps taken, and 18 accepted.
[0 : mcmc] Progress @ 2025-04-16 20:17:18 : 43 steps taken, and 10 accepted.
[3 : mcmc] Progress @ 2025-04-16 20:17:38 : 46 steps taken, and 9 accepted.
[2 : mcmc] Progress @ 2025-04-16 20:17:46 : 45 steps taken, and 6 accepted.
[1 : mcmc] Progress @ 2025-04-16 20:18:12 : 48 steps taken, and 20 accepted.
[0 : mcmc] Progress @ 2025-04-16 20:18:21 : 49 steps taken, and 12 accepted.
[3 : mcmc] Progress @ 2025-04-16 20:18:40 : 52 steps taken, and 11 accepted.
[2 : mcmc] Progress @ 2025-04-16 20:18:55 : 52 steps taken, and 6 accepted.
[1 : mcmc] Progress @ 2025-04-16 20:19:15 : 54 steps taken, and 21 accepted.
[0 : mcmc] Progress @ 2025-04-16 20:19:25 : 55 steps taken, and 14 accepted.
[3 : mcmc] Progress @ 2025-04-16 20:19:51 : 58 steps taken, and 13 accepted.
[2 : mcmc] Progress @ 2025-04-16 20:20:01 : 57 steps taken, and 8 accepted.
[1 : mcmc] Progress @ 2025-04-16 20:20:18 : 60 steps taken, and 21 accepted.
[0 : mcmc] Progress @ 2025-04-16 20:20:33 : 62 steps taken, and 17 accepted.
[3 : mcmc] Progress @ 2025-04-16 20:21:01 : 65 steps taken, and 17 accepted.
[2 : mcmc] Progress @ 2025-04-16 20:21:05 : 63 steps taken, and 9 accepted.
[1 : mcmc] Progress @ 2025-04-16 20:21:21 : 66 steps taken, and 22 accepted.
[0 : mcmc] Progress @ 2025-04-16 20:21:44 : 68 steps taken, and 18 accepted.
[2 : mcmc] Progress @ 2025-04-16 20:22:05 : 70 steps taken, and 9 accepted.
[3 : mcmc] Progress @ 2025-04-16 20:22:06 : 70 steps taken, and 17 accepted.
[1 : mcmc] Progress @ 2025-04-16 20:22:24 : 72 steps taken, and 23 accepted.
[0 : mcmc] Progress @ 2025-04-16 20:22:47 : 74 steps taken, and 19 accepted.
[3 : mcmc] Progress @ 2025-04-16 20:23:11 : 76 steps taken, and 18 accepted.
[2 : mcmc] Progress @ 2025-04-16 20:23:17 : 76 steps taken, and 9 accepted.
[1 : mcmc] Progress @ 2025-04-16 20:23:26 : 78 steps taken, and 24 accepted.
[0 : mcmc] Progress @ 2025-04-16 20:23:48 : 81 steps taken, and 20 accepted.
[3 : mcmc] Progress @ 2025-04-16 20:24:14 : 83 steps taken, and 21 accepted.
[2 : mcmc] Progress @ 2025-04-16 20:24:27 : 83 steps taken, and 11 accepted.
[1 : mcmc] Progress @ 2025-04-16 20:24:29 : 84 steps taken, and 24 accepted.
[0 : mcmc] Progress @ 2025-04-16 20:25:00 : 87 steps taken, and 21 accepted.
[3 : mcmc] Progress @ 2025-04-16 20:25:19 : 89 steps taken, and 22 accepted.
[2 : mcmc] Progress @ 2025-04-16 20:25:31 : 89 steps taken, and 11 accepted.
[1 : mcmc] Progress @ 2025-04-16 20:25:35 : 90 steps taken, and 24 accepted.
[0 : mcmc] Progress @ 2025-04-16 20:26:06 : 93 steps taken, and 21 accepted.
[3 : mcmc] Progress @ 2025-04-16 20:26:29 : 95 steps taken, and 23 accepted.
[1 : mcmc] Progress @ 2025-04-16 20:26:40 : 96 steps taken, and 26 accepted.
[2 : mcmc] Progress @ 2025-04-16 20:26:44 : 95 steps taken, and 13 accepted.
[0 : mcmc] Progress @ 2025-04-16 20:27:18 : 99 steps taken, and 22 accepted.
[3 : mcmc] Progress @ 2025-04-16 20:27:42 : 102 steps taken, and 24 accepted.
[1 : mcmc] Progress @ 2025-04-16 20:27:45 : 102 steps taken, and 27 accepted.
[2 : mcmc] Progress @ 2025-04-16 20:27:55 : 102 steps taken, and 14 accepted.
[0 : mcmc] Progress @ 2025-04-16 20:28:30 : 106 steps taken, and 23 accepted.
[3 : mcmc] Progress @ 2025-04-16 20:28:47 : 108 steps taken, and 25 accepted.
[1 : mcmc] Progress @ 2025-04-16 20:28:53 : 108 steps taken, and 28 accepted.
[2 : mcmc] Progress @ 2025-04-16 20:28:57 : 107 steps taken, and 15 accepted.
[0 : mcmc] Progress @ 2025-04-16 20:29:34 : 112 steps taken, and 25 accepted.
[3 : mcmc] Progress @ 2025-04-16 20:29:54 : 114 steps taken, and 25 accepted.
[1 : mcmc] Progress @ 2025-04-16 20:29:57 : 114 steps taken, and 30 accepted.
[2 : mcmc] Progress @ 2025-04-16 20:30:10 : 114 steps taken, and 17 accepted.
[0 : mcmc] Progress @ 2025-04-16 20:30:41 : 118 steps taken, and 25 accepted.
[3 : mcmc] Progress @ 2025-04-16 20:31:01 : 120 steps taken, and 27 accepted.
[1 : mcmc] Progress @ 2025-04-16 20:31:02 : 120 steps taken, and 31 accepted.
[2 : mcmc] Progress @ 2025-04-16 20:31:13 : 119 steps taken, and 18 accepted.
[0 : mcmc] Progress @ 2025-04-16 20:31:53 : 124 steps taken, and 26 accepted.
[3 : mcmc] Progress @ 2025-04-16 20:32:02 : 125 steps taken, and 27 accepted.
[1 : mcmc] Progress @ 2025-04-16 20:32:07 : 126 steps taken, and 32 accepted.
[2 : mcmc] Progress @ 2025-04-16 20:32:19 : 125 steps taken, and 20 accepted.
[0 : mcmc] Progress @ 2025-04-16 20:33:02 : 131 steps taken, and 27 accepted.
[3 : mcmc] Progress @ 2025-04-16 20:33:12 : 132 steps taken, and 28 accepted.
[1 : mcmc] Progress @ 2025-04-16 20:33:12 : 132 steps taken, and 33 accepted.
[2 : mcmc] Progress @ 2025-04-16 20:33:31 : 132 steps taken, and 20 accepted.
[0 : mcmc] Progress @ 2025-04-16 20:34:07 : 137 steps taken, and 28 accepted.
[3 : mcmc] Progress @ 2025-04-16 20:34:18 : 138 steps taken, and 29 accepted.
[1 : mcmc] Progress @ 2025-04-16 20:34:20 : 138 steps taken, and 34 accepted.
[2 : mcmc] Progress @ 2025-04-16 20:34:38 : 138 steps taken, and 20 accepted.
[0 : mcmc] Progress @ 2025-04-16 20:35:19 : 144 steps taken, and 29 accepted.
[3 : mcmc] Progress @ 2025-04-16 20:35:21 : 144 steps taken, and 31 accepted.
[1 : mcmc] Progress @ 2025-04-16 20:35:24 : 144 steps taken, and 37 accepted.
[2 : mcmc] Progress @ 2025-04-16 20:35:39 : 143 steps taken, and 20 accepted.
[0 : mcmc] Progress @ 2025-04-16 20:36:22 : 150 steps taken, and 31 accepted.
[3 : mcmc] Progress @ 2025-04-16 20:36:26 : 150 steps taken, and 32 accepted.
[1 : mcmc] Progress @ 2025-04-16 20:36:31 : 150 steps taken, and 37 accepted.
[2 : mcmc] Progress @ 2025-04-16 20:36:49 : 150 steps taken, and 21 accepted.
[0 : mcmc] Progress @ 2025-04-16 20:37:26 : 156 steps taken, and 32 accepted.
[3 : mcmc] Progress @ 2025-04-16 20:37:32 : 156 steps taken, and 32 accepted.
[1 : mcmc] Progress @ 2025-04-16 20:37:36 : 156 steps taken, and 39 accepted.
[2 : mcmc] Progress @ 2025-04-16 20:37:51 : 155 steps taken, and 21 accepted.
[0 : mcmc] Progress @ 2025-04-16 20:38:29 : 162 steps taken, and 34 accepted.
[3 : mcmc] Progress @ 2025-04-16 20:38:37 : 162 steps taken, and 32 accepted.
[1 : mcmc] Progress @ 2025-04-16 20:38:40 : 162 steps taken, and 40 accepted.
[2 : mcmc] Progress @ 2025-04-16 20:38:58 : 161 steps taken, and 21 accepted.
[0 : mcmc] Progress @ 2025-04-16 20:39:33 : 168 steps taken, and 35 accepted.
[3 : mcmc] Progress @ 2025-04-16 20:39:42 : 168 steps taken, and 33 accepted.
[1 : mcmc] Progress @ 2025-04-16 20:39:46 : 168 steps taken, and 41 accepted.
[2 : mcmc] Progress @ 2025-04-16 20:40:10 : 168 steps taken, and 23 accepted.
[0 : mcmc] Progress @ 2025-04-16 20:40:38 : 174 steps taken, and 35 accepted.
[3 : mcmc] Progress @ 2025-04-16 20:40:47 : 174 steps taken, and 34 accepted.
[1 : mcmc] Progress @ 2025-04-16 20:40:53 : 174 steps taken, and 41 accepted.
[2 : mcmc] Progress @ 2025-04-16 20:41:14 : 174 steps taken, and 24 accepted.
[0 : mcmc] Progress @ 2025-04-16 20:41:42 : 180 steps taken, and 36 accepted.
[3 : mcmc] Progress @ 2025-04-16 20:41:52 : 180 steps taken, and 34 accepted.
[1 : mcmc] Progress @ 2025-04-16 20:41:55 : 179 steps taken, and 41 accepted.
[2 : mcmc] Progress @ 2025-04-16 20:42:18 : 180 steps taken, and 25 accepted.
[0 : mcmc] Progress @ 2025-04-16 20:42:46 : 186 steps taken, and 37 accepted.
[1 : mcmc] Progress @ 2025-04-16 20:42:55 : 185 steps taken, and 42 accepted.
[3 : mcmc] Progress @ 2025-04-16 20:42:58 : 186 steps taken, and 35 accepted.
 Warning: xe at redshift zero is < 1
 Check input parameters an Reionization_xe
 function in the Reionization module
[2 : mcmc] Progress @ 2025-04-16 20:43:25 : 186 steps taken, and 26 accepted.
[0 : mcmc] Progress @ 2025-04-16 20:43:52 : 192 steps taken, and 37 accepted.
[1 : mcmc] Progress @ 2025-04-16 20:44:00 : 191 steps taken, and 43 accepted.
[3 : mcmc] Progress @ 2025-04-16 20:44:02 : 192 steps taken, and 36 accepted.
[2 : mcmc] Progress @ 2025-04-16 20:44:31 : 192 steps taken, and 27 accepted.
[0 : mcmc] Progress @ 2025-04-16 20:44:59 : 198 steps taken, and 38 accepted.
[3 : mcmc] Progress @ 2025-04-16 20:45:03 : 197 steps taken, and 36 accepted.
[1 : mcmc] Progress @ 2025-04-16 20:45:06 : 197 steps taken, and 45 accepted.
[2 : mcmc] Progress @ 2025-04-16 20:45:36 : 198 steps taken, and 27 accepted.
[0 : mcmc] Progress @ 2025-04-16 20:46:03 : 204 steps taken, and 39 accepted.
[1 : mcmc] Progress @ 2025-04-16 20:46:07 : 202 steps taken, and 45 accepted.
[3 : mcmc] Progress @ 2025-04-16 20:46:15 : 204 steps taken, and 36 accepted.
[2 : mcmc] Progress @ 2025-04-16 20:46:41 : 204 steps taken, and 29 accepted.
[0 : mcmc] Progress @ 2025-04-16 20:47:06 : 209 steps taken, and 40 accepted.
[1 : mcmc] Progress @ 2025-04-16 20:47:12 : 208 steps taken, and 45 accepted.
[3 : mcmc] Progress @ 2025-04-16 20:47:21 : 210 steps taken, and 36 accepted.
[2 : mcmc] Progress @ 2025-04-16 20:47:45 : 210 steps taken, and 30 accepted.
[0 : mcmc] Progress @ 2025-04-16 20:48:12 : 215 steps taken, and 42 accepted.
[1 : mcmc] Progress @ 2025-04-16 20:48:26 : 215 steps taken, and 45 accepted.
[3 : mcmc] Progress @ 2025-04-16 20:48:29 : 216 steps taken, and 37 accepted.
[2 : mcmc] Progress @ 2025-04-16 20:48:49 : 216 steps taken, and 30 accepted.
[0 : mcmc] Progress @ 2025-04-16 20:49:23 : 222 steps taken, and 44 accepted.
[1 : mcmc] Progress @ 2025-04-16 20:49:30 : 221 steps taken, and 45 accepted.
[3 : mcmc] Progress @ 2025-04-16 20:49:35 : 222 steps taken, and 39 accepted.
[2 : mcmc] Progress @ 2025-04-16 20:49:54 : 222 steps taken, and 31 accepted.
[0 : mcmc] Progress @ 2025-04-16 20:50:24 : 227 steps taken, and 44 accepted.
[1 : mcmc] Progress @ 2025-04-16 20:50:37 : 227 steps taken, and 45 accepted.
[3 : mcmc] Progress @ 2025-04-16 20:50:40 : 228 steps taken, and 41 accepted.
[2 : mcmc] Progress @ 2025-04-16 20:50:59 : 228 steps taken, and 31 accepted.
[0 : mcmc] Progress @ 2025-04-16 20:51:28 : 233 steps taken, and 46 accepted.
[1 : mcmc] Progress @ 2025-04-16 20:51:44 : 233 steps taken, and 45 accepted.
[3 : mcmc] Progress @ 2025-04-16 20:51:47 : 234 steps taken, and 41 accepted.
[2 : mcmc] Progress @ 2025-04-16 20:52:04 : 234 steps taken, and 32 accepted.
[0 : mcmc] Progress @ 2025-04-16 20:52:34 : 239 steps taken, and 47 accepted.
[3 : mcmc] Progress @ 2025-04-16 20:52:56 : 240 steps taken, and 42 accepted.
[1 : mcmc] Progress @ 2025-04-16 20:52:56 : 239 steps taken, and 45 accepted.
[2 : mcmc] Progress @ 2025-04-16 20:53:09 : 240 steps taken, and 33 accepted.
[0 : mcmc] Progress @ 2025-04-16 20:53:43 : 246 steps taken, and 48 accepted.
[3 : mcmc] Progress @ 2025-04-16 20:54:00 : 246 steps taken, and 44 accepted.
[1 : mcmc] Progress @ 2025-04-16 20:54:02 : 245 steps taken, and 48 accepted.
[2 : mcmc] Progress @ 2025-04-16 20:54:17 : 246 steps taken, and 33 accepted.
[0 : mcmc] Progress @ 2025-04-16 20:54:48 : 252 steps taken, and 48 accepted.
[3 : mcmc] Progress @ 2025-04-16 20:55:05 : 252 steps taken, and 45 accepted.
[1 : mcmc] Progress @ 2025-04-16 20:55:13 : 252 steps taken, and 49 accepted.
[2 : mcmc] Progress @ 2025-04-16 20:55:23 : 252 steps taken, and 34 accepted.
[0 : mcmc] Progress @ 2025-04-16 20:55:52 : 258 steps taken, and 48 accepted.
[3 : mcmc] Progress @ 2025-04-16 20:56:07 : 257 steps taken, and 45 accepted.
[1 : mcmc] Progress @ 2025-04-16 20:56:19 : 258 steps taken, and 49 accepted.
[2 : mcmc] Progress @ 2025-04-16 20:56:29 : 258 steps taken, and 34 accepted.
[0 : mcmc] Progress @ 2025-04-16 20:56:58 : 264 steps taken, and 49 accepted.
[3 : mcmc] Progress @ 2025-04-16 20:57:17 : 264 steps taken, and 46 accepted.
[1 : mcmc] Progress @ 2025-04-16 20:57:27 : 264 steps taken, and 49 accepted.
[2 : mcmc] Progress @ 2025-04-16 20:57:34 : 264 steps taken, and 35 accepted.
[0 : mcmc] Progress @ 2025-04-16 20:58:03 : 270 steps taken, and 50 accepted.
[3 : mcmc] Progress @ 2025-04-16 20:58:23 : 270 steps taken, and 48 accepted.
[1 : mcmc] Progress @ 2025-04-16 20:58:31 : 270 steps taken, and 51 accepted.
[2 : mcmc] Progress @ 2025-04-16 20:58:39 : 270 steps taken, and 35 accepted.
[0 : mcmc] Progress @ 2025-04-16 20:59:05 : 275 steps taken, and 50 accepted.
[3 : mcmc] Progress @ 2025-04-16 20:59:26 : 275 steps taken, and 48 accepted.
[1 : mcmc] Progress @ 2025-04-16 20:59:35 : 276 steps taken, and 52 accepted.
[2 : mcmc] Progress @ 2025-04-16 20:59:44 : 276 steps taken, and 36 accepted.
[0 : mcmc] Progress @ 2025-04-16 21:00:17 : 282 steps taken, and 51 accepted.
[3 : mcmc] Progress @ 2025-04-16 21:00:35 : 281 steps taken, and 49 accepted.
[1 : mcmc] Progress @ 2025-04-16 21:00:40 : 282 steps taken, and 52 accepted.
[2 : mcmc] Progress @ 2025-04-16 21:00:50 : 282 steps taken, and 37 accepted.
[0 : mcmc] Progress @ 2025-04-16 21:01:23 : 288 steps taken, and 51 accepted.
[1 : mcmc] Progress @ 2025-04-16 21:01:44 : 288 steps taken, and 52 accepted.
[3 : mcmc] Progress @ 2025-04-16 21:01:46 : 288 steps taken, and 51 accepted.
[2 : mcmc] Progress @ 2025-04-16 21:01:56 : 288 steps taken, and 37 accepted.
[0 : mcmc] Progress @ 2025-04-16 21:02:29 : 294 steps taken, and 52 accepted.
[1 : mcmc] Progress @ 2025-04-16 21:02:48 : 294 steps taken, and 52 accepted.
[3 : mcmc] Progress @ 2025-04-16 21:02:52 : 294 steps taken, and 51 accepted.
[2 : mcmc] Progress @ 2025-04-16 21:03:03 : 294 steps taken, and 38 accepted.
[0 : mcmc] Progress @ 2025-04-16 21:03:34 : 300 steps taken, and 52 accepted.
[1 : mcmc] Progress @ 2025-04-16 21:03:53 : 300 steps taken, and 53 accepted.
[3 : mcmc] Progress @ 2025-04-16 21:03:55 : 300 steps taken, and 52 accepted.
[2 : mcmc] Progress @ 2025-04-16 21:04:09 : 300 steps taken, and 41 accepted.
[0 : mcmc] Progress @ 2025-04-16 21:04:39 : 306 steps taken, and 53 accepted.
[1 : mcmc] Progress @ 2025-04-16 21:04:59 : 306 steps taken, and 53 accepted.
[3 : mcmc] Progress @ 2025-04-16 21:04:59 : 306 steps taken, and 56 accepted.
[2 : mcmc] Progress @ 2025-04-16 21:05:10 : 305 steps taken, and 42 accepted.
[0 : mcmc] Progress @ 2025-04-16 21:05:42 : 312 steps taken, and 54 accepted.
[3 : mcmc] Progress @ 2025-04-16 21:06:01 : 311 steps taken, and 57 accepted.
[1 : mcmc] Progress @ 2025-04-16 21:06:03 : 312 steps taken, and 54 accepted.
[2 : mcmc] Progress @ 2025-04-16 21:06:15 : 311 steps taken, and 43 accepted.
[0 : mcmc] Progress @ 2025-04-16 21:06:48 : 318 steps taken, and 55 accepted.
[1 : mcmc] Progress @ 2025-04-16 21:07:11 : 318 steps taken, and 55 accepted.
[3 : mcmc] Progress @ 2025-04-16 21:07:14 : 318 steps taken, and 58 accepted.
[2 : mcmc] Progress @ 2025-04-16 21:07:27 : 318 steps taken, and 46 accepted.
[0 : mcmc] Progress @ 2025-04-16 21:07:50 : 323 steps taken, and 55 accepted.
[1 : mcmc] Progress @ 2025-04-16 21:08:15 : 324 steps taken, and 55 accepted.
[3 : mcmc] Progress @ 2025-04-16 21:08:20 : 324 steps taken, and 58 accepted.
[2 : mcmc] Progress @ 2025-04-16 21:08:31 : 324 steps taken, and 46 accepted.
[0 : mcmc] Progress @ 2025-04-16 21:08:58 : 329 steps taken, and 56 accepted.
[1 : mcmc] Progress @ 2025-04-16 21:09:19 : 330 steps taken, and 55 accepted.
[3 : mcmc] Progress @ 2025-04-16 21:09:25 : 330 steps taken, and 59 accepted.
[2 : mcmc] Progress @ 2025-04-16 21:09:38 : 330 steps taken, and 46 accepted.
[0 : mcmc] Progress @ 2025-04-16 21:10:02 : 335 steps taken, and 56 accepted.
[1 : mcmc] Progress @ 2025-04-16 21:10:23 : 336 steps taken, and 55 accepted.
[3 : mcmc] Progress @ 2025-04-16 21:10:31 : 336 steps taken, and 61 accepted.
[2 : mcmc] Progress @ 2025-04-16 21:10:46 : 336 steps taken, and 46 accepted.
[0 : mcmc] Progress @ 2025-04-16 21:11:13 : 342 steps taken, and 57 accepted.
[1 : mcmc] Progress @ 2025-04-16 21:11:28 : 342 steps taken, and 56 accepted.
[3 : mcmc] Progress @ 2025-04-16 21:11:35 : 342 steps taken, and 61 accepted.
[2 : mcmc] Progress @ 2025-04-16 21:11:50 : 342 steps taken, and 47 accepted.
[0 : mcmc] Progress @ 2025-04-16 21:12:15 : 348 steps taken, and 57 accepted.
[1 : mcmc] Progress @ 2025-04-16 21:12:33 : 348 steps taken, and 56 accepted.
[3 : mcmc] Progress @ 2025-04-16 21:12:40 : 348 steps taken, and 61 accepted.
[2 : mcmc] Progress @ 2025-04-16 21:12:56 : 348 steps taken, and 48 accepted.
[0 : mcmc] Progress @ 2025-04-16 21:13:18 : 354 steps taken, and 58 accepted.
[1 : mcmc] Progress @ 2025-04-16 21:13:39 : 354 steps taken, and 58 accepted.
[3 : mcmc] Progress @ 2025-04-16 21:13:46 : 354 steps taken, and 61 accepted.
[2 : mcmc] Progress @ 2025-04-16 21:14:00 : 354 steps taken, and 49 accepted.
[0 : mcmc] Progress @ 2025-04-16 21:14:23 : 360 steps taken, and 60 accepted.
[1 : mcmc] Progress @ 2025-04-16 21:14:44 : 360 steps taken, and 58 accepted.
[3 : mcmc] Progress @ 2025-04-16 21:14:52 : 360 steps taken, and 63 accepted.
[2 : mcmc] Progress @ 2025-04-16 21:15:04 : 360 steps taken, and 49 accepted.
[0 : mcmc] Progress @ 2025-04-16 21:15:24 : 365 steps taken, and 62 accepted.
[1 : mcmc] Progress @ 2025-04-16 21:15:46 : 366 steps taken, and 58 accepted.
[3 : mcmc] Progress @ 2025-04-16 21:15:55 : 366 steps taken, and 63 accepted.
[2 : mcmc] Progress @ 2025-04-16 21:16:09 : 366 steps taken, and 49 accepted.
[0 : mcmc] Progress @ 2025-04-16 21:16:28 : 371 steps taken, and 63 accepted.
[1 : mcmc] Progress @ 2025-04-16 21:16:49 : 372 steps taken, and 60 accepted.
[3 : mcmc] Progress @ 2025-04-16 21:16:58 : 372 steps taken, and 64 accepted.
[2 : mcmc] Progress @ 2025-04-16 21:17:13 : 372 steps taken, and 50 accepted.
[0 : mcmc] Progress @ 2025-04-16 21:17:36 : 378 steps taken, and 66 accepted.
[1 : mcmc] Progress @ 2025-04-16 21:17:53 : 378 steps taken, and 63 accepted.
[3 : mcmc] Progress @ 2025-04-16 21:18:00 : 378 steps taken, and 65 accepted.
[2 : mcmc] Progress @ 2025-04-16 21:18:17 : 378 steps taken, and 51 accepted.
[0 : mcmc] Progress @ 2025-04-16 21:18:39 : 384 steps taken, and 66 accepted.
[1 : mcmc] Progress @ 2025-04-16 21:18:57 : 384 steps taken, and 64 accepted.
[3 : mcmc] Progress @ 2025-04-16 21:19:04 : 384 steps taken, and 65 accepted.
[2 : mcmc] Progress @ 2025-04-16 21:19:21 : 384 steps taken, and 51 accepted.
[0 : mcmc] Progress @ 2025-04-16 21:19:44 : 390 steps taken, and 67 accepted.
[1 : mcmc] Progress @ 2025-04-16 21:20:01 : 390 steps taken, and 65 accepted.
[3 : mcmc] Progress @ 2025-04-16 21:20:08 : 390 steps taken, and 65 accepted.
[2 : mcmc] Progress @ 2025-04-16 21:20:24 : 390 steps taken, and 51 accepted.
[0 : mcmc] Progress @ 2025-04-16 21:20:48 : 396 steps taken, and 69 accepted.
[1 : mcmc] Progress @ 2025-04-16 21:21:05 : 396 steps taken, and 65 accepted.
[3 : mcmc] Progress @ 2025-04-16 21:21:11 : 396 steps taken, and 66 accepted.
[2 : mcmc] Progress @ 2025-04-16 21:21:27 : 396 steps taken, and 51 accepted.
[0 : mcmc] Progress @ 2025-04-16 21:21:52 : 402 steps taken, and 71 accepted.
[1 : mcmc] Progress @ 2025-04-16 21:22:09 : 402 steps taken, and 65 accepted.
[3 : mcmc] Progress @ 2025-04-16 21:22:14 : 402 steps taken, and 67 accepted.
[2 : mcmc] Progress @ 2025-04-16 21:22:30 : 402 steps taken, and 51 accepted.
[0 : mcmc] Progress @ 2025-04-16 21:22:55 : 408 steps taken, and 72 accepted.
[1 : mcmc] Progress @ 2025-04-16 21:23:12 : 408 steps taken, and 65 accepted.
[3 : mcmc] Progress @ 2025-04-16 21:23:17 : 408 steps taken, and 67 accepted.
[2 : mcmc] Progress @ 2025-04-16 21:23:33 : 408 steps taken, and 52 accepted.
[0 : mcmc] Progress @ 2025-04-16 21:23:59 : 414 steps taken, and 72 accepted.
[1 : mcmc] Progress @ 2025-04-16 21:24:15 : 414 steps taken, and 65 accepted.
[3 : mcmc] Progress @ 2025-04-16 21:24:20 : 414 steps taken, and 68 accepted.
[2 : mcmc] Progress @ 2025-04-16 21:24:36 : 414 steps taken, and 56 accepted.
[0 : mcmc] Progress @ 2025-04-16 21:25:03 : 420 steps taken, and 74 accepted.
[1 : mcmc] Progress @ 2025-04-16 21:25:19 : 420 steps taken, and 66 accepted.
[3 : mcmc] Progress @ 2025-04-16 21:25:23 : 420 steps taken, and 68 accepted.
[2 : mcmc] Progress @ 2025-04-16 21:25:39 : 420 steps taken, and 56 accepted.
[0 : mcmc] Progress @ 2025-04-16 21:26:06 : 426 steps taken, and 76 accepted.
[1 : mcmc] Progress @ 2025-04-16 21:26:20 : 426 steps taken, and 66 accepted.
[3 : mcmc] Progress @ 2025-04-16 21:26:25 : 426 steps taken, and 70 accepted.
[2 : mcmc] Progress @ 2025-04-16 21:26:42 : 426 steps taken, and 58 accepted.
[0 : mcmc] Progress @ 2025-04-16 21:27:10 : 432 steps taken, and 76 accepted.
[1 : mcmc] Progress @ 2025-04-16 21:27:25 : 432 steps taken, and 67 accepted.
[3 : mcmc] Progress @ 2025-04-16 21:27:30 : 432 steps taken, and 71 accepted.
[2 : mcmc] Progress @ 2025-04-16 21:27:45 : 432 steps taken, and 58 accepted.
[0 : mcmc] Progress @ 2025-04-16 21:28:13 : 438 steps taken, and 76 accepted.
[1 : mcmc] Progress @ 2025-04-16 21:28:28 : 438 steps taken, and 69 accepted.
[3 : mcmc] Progress @ 2025-04-16 21:28:33 : 438 steps taken, and 72 accepted.
[2 : mcmc] Progress @ 2025-04-16 21:28:48 : 438 steps taken, and 59 accepted.
[0 : mcmc] Progress @ 2025-04-16 21:29:16 : 444 steps taken, and 76 accepted.
[1 : mcmc] Progress @ 2025-04-16 21:29:32 : 444 steps taken, and 69 accepted.
[3 : mcmc] Progress @ 2025-04-16 21:29:36 : 444 steps taken, and 72 accepted.
[2 : mcmc] Progress @ 2025-04-16 21:29:52 : 444 steps taken, and 59 accepted.
[0 : mcmc] Progress @ 2025-04-16 21:30:19 : 450 steps taken, and 76 accepted.
[1 : mcmc] Progress @ 2025-04-16 21:30:35 : 450 steps taken, and 69 accepted.
[3 : mcmc] Progress @ 2025-04-16 21:30:38 : 450 steps taken, and 74 accepted.
[2 : mcmc] Progress @ 2025-04-16 21:30:57 : 450 steps taken, and 60 accepted.
[0 : mcmc] Progress @ 2025-04-16 21:31:22 : 456 steps taken, and 77 accepted.
[1 : mcmc] Progress @ 2025-04-16 21:31:38 : 456 steps taken, and 69 accepted.
[3 : mcmc] Progress @ 2025-04-16 21:31:42 : 456 steps taken, and 75 accepted.
[2 : mcmc] Progress @ 2025-04-16 21:32:01 : 456 steps taken, and 61 accepted.
[0 : mcmc] Progress @ 2025-04-16 21:32:26 : 462 steps taken, and 79 accepted.
[1 : mcmc] Progress @ 2025-04-16 21:32:41 : 462 steps taken, and 70 accepted.
[3 : mcmc] Progress @ 2025-04-16 21:32:47 : 462 steps taken, and 76 accepted.
[2 : mcmc] Progress @ 2025-04-16 21:33:03 : 462 steps taken, and 61 accepted.
[0 : mcmc] Progress @ 2025-04-16 21:33:30 : 468 steps taken, and 81 accepted.
[1 : mcmc] Progress @ 2025-04-16 21:33:45 : 468 steps taken, and 70 accepted.
[3 : mcmc] Progress @ 2025-04-16 21:33:51 : 468 steps taken, and 76 accepted.
[2 : mcmc] Progress @ 2025-04-16 21:34:07 : 468 steps taken, and 62 accepted.
[0 : mcmc] Progress @ 2025-04-16 21:34:34 : 474 steps taken, and 81 accepted.
[1 : mcmc] Progress @ 2025-04-16 21:34:48 : 474 steps taken, and 70 accepted.
[3 : mcmc] Progress @ 2025-04-16 21:34:55 : 474 steps taken, and 78 accepted.
[2 : mcmc] Progress @ 2025-04-16 21:35:11 : 474 steps taken, and 63 accepted.
[0 : mcmc] Progress @ 2025-04-16 21:35:37 : 480 steps taken, and 81 accepted.
[1 : mcmc] Progress @ 2025-04-16 21:35:52 : 480 steps taken, and 72 accepted.
[3 : mcmc] Progress @ 2025-04-16 21:35:59 : 480 steps taken, and 78 accepted.
[2 : mcmc] Progress @ 2025-04-16 21:36:16 : 480 steps taken, and 64 accepted.
[0 : mcmc] Progress @ 2025-04-16 21:36:41 : 486 steps taken, and 82 accepted.
[1 : mcmc] Progress @ 2025-04-16 21:36:56 : 486 steps taken, and 72 accepted.
[3 : mcmc] Progress @ 2025-04-16 21:37:03 : 486 steps taken, and 79 accepted.
[2 : mcmc] Progress @ 2025-04-16 21:37:20 : 486 steps taken, and 66 accepted.
[0 : mcmc] Progress @ 2025-04-16 21:37:45 : 492 steps taken, and 83 accepted.
[1 : mcmc] Progress @ 2025-04-16 21:38:01 : 492 steps taken, and 72 accepted.
[3 : mcmc] Progress @ 2025-04-16 21:38:07 : 492 steps taken, and 79 accepted.
[2 : mcmc] Progress @ 2025-04-16 21:38:24 : 492 steps taken, and 68 accepted.
[0 : mcmc] Progress @ 2025-04-16 21:38:49 : 498 steps taken, and 83 accepted.
[1 : mcmc] Progress @ 2025-04-16 21:39:03 : 498 steps taken, and 72 accepted.
[3 : mcmc] Progress @ 2025-04-16 21:39:09 : 498 steps taken, and 81 accepted.
[2 : mcmc] Progress @ 2025-04-16 21:39:27 : 498 steps taken, and 69 accepted.
[0 : mcmc] Progress @ 2025-04-16 21:39:50 : 504 steps taken, and 83 accepted.
[1 : mcmc] Progress @ 2025-04-16 21:40:06 : 504 steps taken, and 72 accepted.
[3 : mcmc] Progress @ 2025-04-16 21:40:12 : 504 steps taken, and 81 accepted.
[2 : mcmc] Progress @ 2025-04-16 21:40:32 : 504 steps taken, and 70 accepted.
[0 : mcmc] Progress @ 2025-04-16 21:40:53 : 510 steps taken, and 84 accepted.
[1 : mcmc] Progress @ 2025-04-16 21:41:10 : 510 steps taken, and 73 accepted.
[3 : mcmc] Progress @ 2025-04-16 21:41:17 : 510 steps taken, and 82 accepted.
[2 : mcmc] Progress @ 2025-04-16 21:41:35 : 510 steps taken, and 70 accepted.
[0 : mcmc] Progress @ 2025-04-16 21:41:56 : 516 steps taken, and 85 accepted.
[1 : mcmc] Progress @ 2025-04-16 21:42:14 : 516 steps taken, and 74 accepted.
[3 : mcmc] Progress @ 2025-04-16 21:42:21 : 516 steps taken, and 82 accepted.
[2 : mcmc] Progress @ 2025-04-16 21:42:41 : 516 steps taken, and 70 accepted.
[0 : mcmc] Progress @ 2025-04-16 21:43:00 : 522 steps taken, and 85 accepted.
[1 : mcmc] Progress @ 2025-04-16 21:43:18 : 522 steps taken, and 77 accepted.
[3 : mcmc] Progress @ 2025-04-16 21:43:25 : 522 steps taken, and 83 accepted.
[2 : mcmc] Progress @ 2025-04-16 21:43:46 : 522 steps taken, and 71 accepted.
[0 : mcmc] Progress @ 2025-04-16 21:44:04 : 528 steps taken, and 86 accepted.
[1 : mcmc] Progress @ 2025-04-16 21:44:21 : 528 steps taken, and 77 accepted.
[3 : mcmc] Progress @ 2025-04-16 21:44:29 : 528 steps taken, and 85 accepted.
[2 : mcmc] Progress @ 2025-04-16 21:44:49 : 528 steps taken, and 72 accepted.
[0 : mcmc] Progress @ 2025-04-16 21:45:08 : 534 steps taken, and 87 accepted.
[1 : mcmc] Progress @ 2025-04-16 21:45:23 : 534 steps taken, and 78 accepted.
[3 : mcmc] Progress @ 2025-04-16 21:45:33 : 534 steps taken, and 85 accepted.
[2 : mcmc] Progress @ 2025-04-16 21:45:54 : 534 steps taken, and 73 accepted.
[0 : mcmc] Progress @ 2025-04-16 21:46:11 : 540 steps taken, and 88 accepted.
[1 : mcmc] Progress @ 2025-04-16 21:46:26 : 540 steps taken, and 79 accepted.
[3 : mcmc] Progress @ 2025-04-16 21:46:37 : 540 steps taken, and 86 accepted.
[2 : mcmc] Progress @ 2025-04-16 21:46:57 : 540 steps taken, and 74 accepted.
[0 : mcmc] Progress @ 2025-04-16 21:47:14 : 546 steps taken, and 89 accepted.
[1 : mcmc] Progress @ 2025-04-16 21:47:30 : 546 steps taken, and 81 accepted.
[3 : mcmc] Progress @ 2025-04-16 21:47:41 : 546 steps taken, and 88 accepted.
[2 : mcmc] Progress @ 2025-04-16 21:48:01 : 546 steps taken, and 75 accepted.
[0 : mcmc] Progress @ 2025-04-16 21:48:18 : 552 steps taken, and 89 accepted.
[1 : mcmc] Progress @ 2025-04-16 21:48:33 : 552 steps taken, and 81 accepted.
[3 : mcmc] Progress @ 2025-04-16 21:48:44 : 552 steps taken, and 89 accepted.
[2 : mcmc] Progress @ 2025-04-16 21:49:05 : 552 steps taken, and 77 accepted.
[0 : mcmc] Progress @ 2025-04-16 21:49:21 : 558 steps taken, and 89 accepted.
[1 : mcmc] Progress @ 2025-04-16 21:49:37 : 558 steps taken, and 82 accepted.
[3 : mcmc] Progress @ 2025-04-16 21:49:46 : 558 steps taken, and 89 accepted.
[2 : mcmc] Progress @ 2025-04-16 21:50:08 : 558 steps taken, and 77 accepted.
[0 : mcmc] Progress @ 2025-04-16 21:50:24 : 564 steps taken, and 89 accepted.
[1 : mcmc] Progress @ 2025-04-16 21:50:41 : 564 steps taken, and 82 accepted.
[3 : mcmc] Progress @ 2025-04-16 21:50:50 : 564 steps taken, and 89 accepted.
[2 : mcmc] Progress @ 2025-04-16 21:51:12 : 564 steps taken, and 78 accepted.
[0 : mcmc] Progress @ 2025-04-16 21:51:27 : 570 steps taken, and 90 accepted.
[1 : mcmc] Progress @ 2025-04-16 21:51:45 : 570 steps taken, and 84 accepted.
[3 : mcmc] Progress @ 2025-04-16 21:51:52 : 570 steps taken, and 90 accepted.
[2 : mcmc] Progress @ 2025-04-16 21:52:16 : 570 steps taken, and 80 accepted.
[0 : mcmc] Progress @ 2025-04-16 21:52:30 : 576 steps taken, and 91 accepted.
[1 : mcmc] Progress @ 2025-04-16 21:52:48 : 576 steps taken, and 84 accepted.
[3 : mcmc] Progress @ 2025-04-16 21:52:55 : 576 steps taken, and 91 accepted.
[2 : mcmc] Progress @ 2025-04-16 21:53:20 : 576 steps taken, and 82 accepted.
[0 : mcmc] Progress @ 2025-04-16 21:53:35 : 582 steps taken, and 91 accepted.
[1 : mcmc] Progress @ 2025-04-16 21:53:52 : 582 steps taken, and 85 accepted.
[3 : mcmc] Progress @ 2025-04-16 21:53:59 : 582 steps taken, and 92 accepted.
[2 : mcmc] Progress @ 2025-04-16 21:54:24 : 582 steps taken, and 84 accepted.
[0 : mcmc] Progress @ 2025-04-16 21:54:39 : 588 steps taken, and 91 accepted.
[1 : mcmc] Progress @ 2025-04-16 21:54:55 : 588 steps taken, and 87 accepted.
[3 : mcmc] Progress @ 2025-04-16 21:55:02 : 588 steps taken, and 93 accepted.
[2 : mcmc] Progress @ 2025-04-16 21:55:29 : 588 steps taken, and 84 accepted.
[0 : mcmc] Progress @ 2025-04-16 21:55:43 : 594 steps taken, and 93 accepted.
 Warning: xe at redshift zero is < 1
 Check input parameters an Reionization_xe
 function in the Reionization module
[1 : mcmc] Progress @ 2025-04-16 21:55:58 : 594 steps taken, and 88 accepted.
[3 : mcmc] Progress @ 2025-04-16 21:56:04 : 594 steps taken, and 96 accepted.
[2 : mcmc] Progress @ 2025-04-16 21:56:32 : 594 steps taken, and 84 accepted.
[0 : mcmc] Progress @ 2025-04-16 21:56:47 : 600 steps taken, and 94 accepted.
[1 : mcmc] Progress @ 2025-04-16 21:57:02 : 600 steps taken, and 91 accepted.
[3 : mcmc] Progress @ 2025-04-16 21:57:08 : 600 steps taken, and 97 accepted.
[2 : mcmc] Progress @ 2025-04-16 21:57:36 : 600 steps taken, and 85 accepted.
[0 : mcmc] Progress @ 2025-04-16 21:57:50 : 606 steps taken, and 95 accepted.
[1 : mcmc] Progress @ 2025-04-16 21:58:05 : 606 steps taken, and 91 accepted.
[3 : mcmc] Progress @ 2025-04-16 21:58:11 : 606 steps taken, and 99 accepted.
[2 : mcmc] Progress @ 2025-04-16 21:58:41 : 606 steps taken, and 86 accepted.
[0 : mcmc] Progress @ 2025-04-16 21:58:53 : 612 steps taken, and 95 accepted.
[1 : mcmc] Progress @ 2025-04-16 21:59:08 : 612 steps taken, and 92 accepted.
[3 : mcmc] Progress @ 2025-04-16 21:59:14 : 612 steps taken, and 99 accepted.
[2 : mcmc] Progress @ 2025-04-16 21:59:45 : 612 steps taken, and 87 accepted.
[0 : mcmc] Progress @ 2025-04-16 21:59:58 : 618 steps taken, and 97 accepted.
[1 : mcmc] Progress @ 2025-04-16 22:00:13 : 618 steps taken, and 93 accepted.
[3 : mcmc] Progress @ 2025-04-16 22:00:18 : 618 steps taken, and 101 accepted.
[2 : mcmc] Progress @ 2025-04-16 22:00:48 : 618 steps taken, and 89 accepted.
[0 : mcmc] Progress @ 2025-04-16 22:01:02 : 624 steps taken, and 98 accepted.
[1 : mcmc] Progress @ 2025-04-16 22:01:17 : 624 steps taken, and 93 accepted.
[3 : mcmc] Progress @ 2025-04-16 22:01:22 : 624 steps taken, and 102 accepted.
[2 : mcmc] Progress @ 2025-04-16 22:01:54 : 624 steps taken, and 90 accepted.
[0 : mcmc] Progress @ 2025-04-16 22:02:07 : 630 steps taken, and 98 accepted.
[1 : mcmc] Progress @ 2025-04-16 22:02:21 : 630 steps taken, and 96 accepted.
[3 : mcmc] Progress @ 2025-04-16 22:02:27 : 630 steps taken, and 103 accepted.
[2 : mcmc] Progress @ 2025-04-16 22:02:57 : 630 steps taken, and 92 accepted.
[0 : mcmc] Progress @ 2025-04-16 22:03:11 : 636 steps taken, and 98 accepted.
[1 : mcmc] Progress @ 2025-04-16 22:03:24 : 636 steps taken, and 96 accepted.
[3 : mcmc] Progress @ 2025-04-16 22:03:31 : 636 steps taken, and 103 accepted.
[2 : mcmc] Progress @ 2025-04-16 22:04:01 : 636 steps taken, and 93 accepted.
[0 : mcmc] Progress @ 2025-04-16 22:04:16 : 642 steps taken, and 98 accepted.
[1 : mcmc] Progress @ 2025-04-16 22:04:30 : 642 steps taken, and 97 accepted.
[3 : mcmc] Progress @ 2025-04-16 22:04:35 : 642 steps taken, and 104 accepted.
[2 : mcmc] Progress @ 2025-04-16 22:05:05 : 642 steps taken, and 93 accepted.
[0 : mcmc] Progress @ 2025-04-16 22:05:20 : 648 steps taken, and 98 accepted.
[1 : mcmc] Progress @ 2025-04-16 22:05:34 : 648 steps taken, and 98 accepted.
[3 : mcmc] Progress @ 2025-04-16 22:05:39 : 648 steps taken, and 104 accepted.
[2 : mcmc] Progress @ 2025-04-16 22:06:08 : 648 steps taken, and 94 accepted.
[0 : mcmc] Progress @ 2025-04-16 22:06:23 : 654 steps taken, and 98 accepted.
[1 : mcmc] Progress @ 2025-04-16 22:06:37 : 654 steps taken, and 98 accepted.
[3 : mcmc] Progress @ 2025-04-16 22:06:42 : 654 steps taken, and 105 accepted.
[2 : mcmc] Progress @ 2025-04-16 22:07:13 : 654 steps taken, and 96 accepted.
[0 : mcmc] Progress @ 2025-04-16 22:07:28 : 660 steps taken, and 98 accepted.
[1 : mcmc] Progress @ 2025-04-16 22:07:41 : 660 steps taken, and 99 accepted.
[3 : mcmc] Progress @ 2025-04-16 22:07:47 : 660 steps taken, and 105 accepted.
[2 : mcmc] Progress @ 2025-04-16 22:08:18 : 660 steps taken, and 99 accepted.
[0 : mcmc] Progress @ 2025-04-16 22:08:32 : 666 steps taken, and 98 accepted.
[1 : mcmc] Progress @ 2025-04-16 22:08:45 : 666 steps taken, and 100 accepted.
[3 : mcmc] Progress @ 2025-04-16 22:08:52 : 666 steps taken, and 108 accepted.
[2 : mcmc] Progress @ 2025-04-16 22:09:22 : 666 steps taken, and 100 accepted.
[0 : mcmc] Progress @ 2025-04-16 22:09:37 : 672 steps taken, and 99 accepted.
[1 : mcmc] Progress @ 2025-04-16 22:09:50 : 672 steps taken, and 102 accepted.
[3 : mcmc] Progress @ 2025-04-16 22:09:56 : 672 steps taken, and 108 accepted.
[2 : mcmc] Progress @ 2025-04-16 22:10:25 : 672 steps taken, and 102 accepted.
[0 : mcmc] Progress @ 2025-04-16 22:10:40 : 678 steps taken, and 99 accepted.
[1 : mcmc] Progress @ 2025-04-16 22:10:54 : 678 steps taken, and 102 accepted.
[3 : mcmc] Progress @ 2025-04-16 22:11:00 : 678 steps taken, and 109 accepted.
[2 : mcmc] Progress @ 2025-04-16 22:11:28 : 678 steps taken, and 103 accepted.
[0 : mcmc] Progress @ 2025-04-16 22:11:44 : 684 steps taken, and 100 accepted.
[1 : mcmc] Progress @ 2025-04-16 22:11:56 : 684 steps taken, and 102 accepted.
[3 : mcmc] Progress @ 2025-04-16 22:12:02 : 684 steps taken, and 111 accepted.
[2 : mcmc] Progress @ 2025-04-16 22:12:31 : 684 steps taken, and 104 accepted.
[0 : mcmc] Progress @ 2025-04-16 22:12:48 : 690 steps taken, and 100 accepted.
[1 : mcmc] Progress @ 2025-04-16 22:13:00 : 690 steps taken, and 102 accepted.
[3 : mcmc] Progress @ 2025-04-16 22:13:06 : 690 steps taken, and 112 accepted.
[2 : mcmc] Progress @ 2025-04-16 22:13:34 : 690 steps taken, and 105 accepted.
[0 : mcmc] Progress @ 2025-04-16 22:13:52 : 696 steps taken, and 100 accepted.
[1 : mcmc] Progress @ 2025-04-16 22:14:03 : 696 steps taken, and 102 accepted.
[3 : mcmc] Progress @ 2025-04-16 22:14:08 : 696 steps taken, and 114 accepted.
[2 : mcmc] Progress @ 2025-04-16 22:14:37 : 696 steps taken, and 106 accepted.
[0 : mcmc] Progress @ 2025-04-16 22:14:56 : 702 steps taken, and 100 accepted.
[1 : mcmc] Progress @ 2025-04-16 22:15:08 : 702 steps taken, and 103 accepted.
[3 : mcmc] Progress @ 2025-04-16 22:15:12 : 702 steps taken, and 114 accepted.
[2 : mcmc] Progress @ 2025-04-16 22:15:40 : 702 steps taken, and 106 accepted.
[0 : mcmc] Progress @ 2025-04-16 22:15:59 : 708 steps taken, and 100 accepted.
[1 : mcmc] Progress @ 2025-04-16 22:16:12 : 708 steps taken, and 103 accepted.
[3 : mcmc] Progress @ 2025-04-16 22:16:15 : 708 steps taken, and 115 accepted.
[2 : mcmc] Progress @ 2025-04-16 22:16:43 : 708 steps taken, and 106 accepted.
[0 : mcmc] Progress @ 2025-04-16 22:17:03 : 714 steps taken, and 100 accepted.
[1 : mcmc] Progress @ 2025-04-16 22:17:17 : 714 steps taken, and 104 accepted.
[3 : mcmc] Progress @ 2025-04-16 22:17:19 : 714 steps taken, and 117 accepted.
[2 : mcmc] Progress @ 2025-04-16 22:17:47 : 714 steps taken, and 107 accepted.
[0 : mcmc] Progress @ 2025-04-16 22:18:06 : 720 steps taken, and 100 accepted.
[1 : mcmc] Progress @ 2025-04-16 22:18:21 : 720 steps taken, and 104 accepted.
[3 : mcmc] Progress @ 2025-04-16 22:18:22 : 720 steps taken, and 119 accepted.
[2 : mcmc] Progress @ 2025-04-16 22:18:50 : 720 steps taken, and 108 accepted.
[0 : mcmc] Progress @ 2025-04-16 22:19:10 : 726 steps taken, and 101 accepted.
[1 : mcmc] Progress @ 2025-04-16 22:19:24 : 726 steps taken, and 107 accepted.
[3 : mcmc] Progress @ 2025-04-16 22:19:25 : 726 steps taken, and 120 accepted.
[2 : mcmc] Progress @ 2025-04-16 22:19:55 : 726 steps taken, and 108 accepted.
[0 : mcmc] Progress @ 2025-04-16 22:20:14 : 732 steps taken, and 102 accepted.
[1 : mcmc] Progress @ 2025-04-16 22:20:28 : 732 steps taken, and 108 accepted.
[3 : mcmc] Progress @ 2025-04-16 22:20:29 : 732 steps taken, and 122 accepted.
[2 : mcmc] Progress @ 2025-04-16 22:20:58 : 732 steps taken, and 108 accepted.
[0 : mcmc] Progress @ 2025-04-16 22:21:17 : 738 steps taken, and 102 accepted.
[1 : mcmc] Progress @ 2025-04-16 22:21:32 : 738 steps taken, and 110 accepted.
[3 : mcmc] Progress @ 2025-04-16 22:21:34 : 738 steps taken, and 122 accepted.
[2 : mcmc] Progress @ 2025-04-16 22:22:02 : 738 steps taken, and 109 accepted.
[0 : mcmc] Progress @ 2025-04-16 22:22:20 : 744 steps taken, and 104 accepted.
[1 : mcmc] Progress @ 2025-04-16 22:22:36 : 744 steps taken, and 110 accepted.
[3 : mcmc] Progress @ 2025-04-16 22:22:37 : 744 steps taken, and 123 accepted.
[2 : mcmc] Progress @ 2025-04-16 22:23:06 : 744 steps taken, and 110 accepted.
[0 : mcmc] Progress @ 2025-04-16 22:23:24 : 750 steps taken, and 104 accepted.
[1 : mcmc] Progress @ 2025-04-16 22:23:39 : 750 steps taken, and 110 accepted.
[3 : mcmc] Progress @ 2025-04-16 22:23:41 : 750 steps taken, and 123 accepted.
[2 : mcmc] Progress @ 2025-04-16 22:24:10 : 750 steps taken, and 110 accepted.
[0 : mcmc] Progress @ 2025-04-16 22:24:28 : 756 steps taken, and 104 accepted.
[1 : mcmc] Progress @ 2025-04-16 22:24:42 : 756 steps taken, and 110 accepted.
[3 : mcmc] Progress @ 2025-04-16 22:24:44 : 756 steps taken, and 124 accepted.
 Warning: xe at redshift zero is < 1
 Check input parameters an Reionization_xe
 function in the Reionization module
[2 : mcmc] Progress @ 2025-04-16 22:25:13 : 756 steps taken, and 111 accepted.
[0 : mcmc] Progress @ 2025-04-16 22:25:30 : 762 steps taken, and 104 accepted.
[1 : mcmc] Progress @ 2025-04-16 22:25:46 : 762 steps taken, and 111 accepted.
[3 : mcmc] Progress @ 2025-04-16 22:25:48 : 762 steps taken, and 125 accepted.
[2 : mcmc] Progress @ 2025-04-16 22:26:18 : 762 steps taken, and 112 accepted.
[0 : mcmc] Progress @ 2025-04-16 22:26:34 : 768 steps taken, and 104 accepted.
[1 : mcmc] Progress @ 2025-04-16 22:26:52 : 768 steps taken, and 114 accepted.
[3 : mcmc] Progress @ 2025-04-16 22:26:53 : 768 steps taken, and 126 accepted.
[2 : mcmc] Progress @ 2025-04-16 22:27:21 : 768 steps taken, and 113 accepted.
[0 : mcmc] Progress @ 2025-04-16 22:27:38 : 774 steps taken, and 105 accepted.
[1 : mcmc] Progress @ 2025-04-16 22:27:55 : 774 steps taken, and 116 accepted.
[3 : mcmc] Progress @ 2025-04-16 22:27:57 : 774 steps taken, and 127 accepted.
[2 : mcmc] Progress @ 2025-04-16 22:28:25 : 774 steps taken, and 114 accepted.
[0 : mcmc] Progress @ 2025-04-16 22:28:41 : 780 steps taken, and 105 accepted.
[1 : mcmc] Progress @ 2025-04-16 22:28:58 : 780 steps taken, and 118 accepted.
[3 : mcmc] Progress @ 2025-04-16 22:29:00 : 780 steps taken, and 128 accepted.
[2 : mcmc] Progress @ 2025-04-16 22:29:27 : 780 steps taken, and 114 accepted.
[0 : mcmc] Progress @ 2025-04-16 22:29:44 : 786 steps taken, and 107 accepted.
[1 : mcmc] Progress @ 2025-04-16 22:30:01 : 786 steps taken, and 118 accepted.
[3 : mcmc] Progress @ 2025-04-16 22:30:04 : 786 steps taken, and 129 accepted.
[2 : mcmc] Progress @ 2025-04-16 22:30:31 : 786 steps taken, and 115 accepted.
[0 : mcmc] Progress @ 2025-04-16 22:30:47 : 792 steps taken, and 108 accepted.
[1 : mcmc] Progress @ 2025-04-16 22:31:05 : 792 steps taken, and 118 accepted.
[3 : mcmc] Progress @ 2025-04-16 22:31:08 : 792 steps taken, and 129 accepted.
[2 : mcmc] Progress @ 2025-04-16 22:31:35 : 792 steps taken, and 115 accepted.
[0 : mcmc] Progress @ 2025-04-16 22:31:51 : 798 steps taken, and 109 accepted.
[1 : mcmc] Progress @ 2025-04-16 22:32:08 : 798 steps taken, and 119 accepted.
[3 : mcmc] Progress @ 2025-04-16 22:32:11 : 798 steps taken, and 129 accepted.
[2 : mcmc] Progress @ 2025-04-16 22:32:37 : 798 steps taken, and 117 accepted.
[0 : mcmc] Progress @ 2025-04-16 22:32:55 : 804 steps taken, and 109 accepted.
[1 : mcmc] Progress @ 2025-04-16 22:33:10 : 804 steps taken, and 121 accepted.
[3 : mcmc] Progress @ 2025-04-16 22:33:15 : 804 steps taken, and 129 accepted.
[2 : mcmc] Progress @ 2025-04-16 22:33:41 : 804 steps taken, and 120 accepted.
[0 : mcmc] Progress @ 2025-04-16 22:33:58 : 810 steps taken, and 110 accepted.
[1 : mcmc] Progress @ 2025-04-16 22:34:15 : 810 steps taken, and 121 accepted.
[3 : mcmc] Progress @ 2025-04-16 22:34:18 : 810 steps taken, and 129 accepted.
[2 : mcmc] Progress @ 2025-04-16 22:34:45 : 810 steps taken, and 121 accepted.
[0 : mcmc] Progress @ 2025-04-16 22:35:02 : 816 steps taken, and 111 accepted.
[1 : mcmc] Progress @ 2025-04-16 22:35:18 : 816 steps taken, and 121 accepted.
[3 : mcmc] Progress @ 2025-04-16 22:35:21 : 816 steps taken, and 130 accepted.
[2 : mcmc] Progress @ 2025-04-16 22:35:49 : 816 steps taken, and 121 accepted.
[0 : mcmc] Progress @ 2025-04-16 22:36:06 : 822 steps taken, and 111 accepted.
[1 : mcmc] Progress @ 2025-04-16 22:36:21 : 822 steps taken, and 121 accepted.
[3 : mcmc] Progress @ 2025-04-16 22:36:24 : 822 steps taken, and 130 accepted.
[2 : mcmc] Progress @ 2025-04-16 22:36:52 : 822 steps taken, and 121 accepted.
[0 : mcmc] Progress @ 2025-04-16 22:37:10 : 828 steps taken, and 112 accepted.
[1 : mcmc] Progress @ 2025-04-16 22:37:25 : 828 steps taken, and 123 accepted.
[3 : mcmc] Progress @ 2025-04-16 22:37:27 : 828 steps taken, and 131 accepted.
[2 : mcmc] Progress @ 2025-04-16 22:37:55 : 828 steps taken, and 121 accepted.
[0 : mcmc] Progress @ 2025-04-16 22:38:14 : 834 steps taken, and 114 accepted.
[1 : mcmc] Progress @ 2025-04-16 22:38:28 : 834 steps taken, and 124 accepted.
[3 : mcmc] Progress @ 2025-04-16 22:38:30 : 834 steps taken, and 132 accepted.
[2 : mcmc] Progress @ 2025-04-16 22:38:59 : 834 steps taken, and 122 accepted.
[0 : mcmc] Progress @ 2025-04-16 22:39:18 : 840 steps taken, and 115 accepted.
[1 : mcmc] Progress @ 2025-04-16 22:39:32 : 840 steps taken, and 124 accepted.
[3 : mcmc] Progress @ 2025-04-16 22:39:33 : 840 steps taken, and 133 accepted.
[2 : mcmc] Progress @ 2025-04-16 22:40:02 : 840 steps taken, and 122 accepted.
[0 : mcmc] Progress @ 2025-04-16 22:40:23 : 846 steps taken, and 116 accepted.
[1 : mcmc] Progress @ 2025-04-16 22:40:35 : 846 steps taken, and 125 accepted.
[3 : mcmc] Progress @ 2025-04-16 22:40:37 : 846 steps taken, and 133 accepted.
[2 : mcmc] Progress @ 2025-04-16 22:41:06 : 846 steps taken, and 123 accepted.
[0 : mcmc] Progress @ 2025-04-16 22:41:27 : 852 steps taken, and 119 accepted.
[1 : mcmc] Progress @ 2025-04-16 22:41:39 : 852 steps taken, and 126 accepted.
[3 : mcmc] Progress @ 2025-04-16 22:41:40 : 852 steps taken, and 134 accepted.
[2 : mcmc] Progress @ 2025-04-16 22:42:10 : 852 steps taken, and 123 accepted.
[0 : mcmc] Progress @ 2025-04-16 22:42:31 : 858 steps taken, and 120 accepted.
[1 : mcmc] Progress @ 2025-04-16 22:42:42 : 858 steps taken, and 127 accepted.
[3 : mcmc] Progress @ 2025-04-16 22:42:44 : 858 steps taken, and 135 accepted.
[2 : mcmc] Progress @ 2025-04-16 22:43:13 : 858 steps taken, and 123 accepted.
[0 : mcmc] Progress @ 2025-04-16 22:43:35 : 864 steps taken, and 120 accepted.
[1 : mcmc] Progress @ 2025-04-16 22:43:46 : 864 steps taken, and 127 accepted.
[3 : mcmc] Progress @ 2025-04-16 22:43:47 : 864 steps taken, and 135 accepted.
[2 : mcmc] Progress @ 2025-04-16 22:44:17 : 864 steps taken, and 123 accepted.
[0 : mcmc] Progress @ 2025-04-16 22:44:39 : 870 steps taken, and 121 accepted.
[1 : mcmc] Progress @ 2025-04-16 22:44:49 : 870 steps taken, and 128 accepted.
[3 : mcmc] Progress @ 2025-04-16 22:44:51 : 870 steps taken, and 137 accepted.
[2 : mcmc] Progress @ 2025-04-16 22:45:20 : 870 steps taken, and 123 accepted.
[0 : mcmc] Progress @ 2025-04-16 22:45:43 : 876 steps taken, and 122 accepted.
[1 : mcmc] Progress @ 2025-04-16 22:45:52 : 876 steps taken, and 130 accepted.
[3 : mcmc] Progress @ 2025-04-16 22:45:53 : 876 steps taken, and 137 accepted.
[2 : mcmc] Progress @ 2025-04-16 22:46:23 : 876 steps taken, and 124 accepted.
[0 : mcmc] Progress @ 2025-04-16 22:46:48 : 882 steps taken, and 122 accepted.
[1 : mcmc] Progress @ 2025-04-16 22:46:56 : 882 steps taken, and 130 accepted.
[3 : mcmc] Progress @ 2025-04-16 22:46:56 : 882 steps taken, and 137 accepted.
[2 : mcmc] Progress @ 2025-04-16 22:47:27 : 882 steps taken, and 126 accepted.
[0 : mcmc] Progress @ 2025-04-16 22:47:52 : 888 steps taken, and 123 accepted.
[1 : mcmc] Progress @ 2025-04-16 22:48:00 : 888 steps taken, and 131 accepted.
[3 : mcmc] Progress @ 2025-04-16 22:48:01 : 888 steps taken, and 137 accepted.
[2 : mcmc] Progress @ 2025-04-16 22:48:29 : 888 steps taken, and 129 accepted.
[0 : mcmc] Progress @ 2025-04-16 22:48:55 : 894 steps taken, and 123 accepted.
[1 : mcmc] Progress @ 2025-04-16 22:49:04 : 894 steps taken, and 131 accepted.
[3 : mcmc] Progress @ 2025-04-16 22:49:05 : 894 steps taken, and 137 accepted.
[2 : mcmc] Progress @ 2025-04-16 22:49:34 : 894 steps taken, and 129 accepted.
[0 : mcmc] Progress @ 2025-04-16 22:50:00 : 900 steps taken, and 124 accepted.
[3 : mcmc] Progress @ 2025-04-16 22:50:07 : 900 steps taken, and 137 accepted.
[1 : mcmc] Progress @ 2025-04-16 22:50:08 : 900 steps taken, and 132 accepted.
[2 : mcmc] Progress @ 2025-04-16 22:50:37 : 900 steps taken, and 130 accepted.
[0 : mcmc] Progress @ 2025-04-16 22:51:02 : 906 steps taken, and 125 accepted.
[3 : mcmc] Progress @ 2025-04-16 22:51:11 : 906 steps taken, and 139 accepted.
[1 : mcmc] Progress @ 2025-04-16 22:51:12 : 906 steps taken, and 132 accepted.
[2 : mcmc] Progress @ 2025-04-16 22:51:40 : 906 steps taken, and 130 accepted.
[0 : mcmc] Progress @ 2025-04-16 22:52:06 : 912 steps taken, and 125 accepted.
[3 : mcmc] Progress @ 2025-04-16 22:52:13 : 912 steps taken, and 140 accepted.
[1 : mcmc] Progress @ 2025-04-16 22:52:15 : 912 steps taken, and 132 accepted.
[2 : mcmc] Progress @ 2025-04-16 22:52:43 : 912 steps taken, and 130 accepted.
[0 : mcmc] Progress @ 2025-04-16 22:53:09 : 918 steps taken, and 125 accepted.
[3 : mcmc] Progress @ 2025-04-16 22:53:17 : 918 steps taken, and 141 accepted.
[1 : mcmc] Progress @ 2025-04-16 22:53:19 : 918 steps taken, and 132 accepted.
[2 : mcmc] Progress @ 2025-04-16 22:53:46 : 918 steps taken, and 130 accepted.
[0 : mcmc] Progress @ 2025-04-16 22:54:13 : 924 steps taken, and 125 accepted.
[1 : mcmc] Progress @ 2025-04-16 22:54:21 : 924 steps taken, and 132 accepted.
[3 : mcmc] Progress @ 2025-04-16 22:54:21 : 924 steps taken, and 141 accepted.
[2 : mcmc] Progress @ 2025-04-16 22:54:49 : 924 steps taken, and 130 accepted.
[0 : mcmc] Progress @ 2025-04-16 22:55:17 : 930 steps taken, and 127 accepted.
[1 : mcmc] Progress @ 2025-04-16 22:55:24 : 930 steps taken, and 133 accepted.
[3 : mcmc] Progress @ 2025-04-16 22:55:26 : 930 steps taken, and 143 accepted.
[2 : mcmc] Progress @ 2025-04-16 22:55:52 : 930 steps taken, and 131 accepted.
[0 : mcmc] Progress @ 2025-04-16 22:56:20 : 936 steps taken, and 127 accepted.
[1 : mcmc] Progress @ 2025-04-16 22:56:28 : 936 steps taken, and 135 accepted.
[3 : mcmc] Progress @ 2025-04-16 22:56:29 : 936 steps taken, and 143 accepted.
[2 : mcmc] Progress @ 2025-04-16 22:56:56 : 936 steps taken, and 132 accepted.
[0 : mcmc] Progress @ 2025-04-16 22:57:22 : 942 steps taken, and 128 accepted.
[1 : mcmc] Progress @ 2025-04-16 22:57:31 : 942 steps taken, and 136 accepted.
[3 : mcmc] Progress @ 2025-04-16 22:57:33 : 942 steps taken, and 144 accepted.
[2 : mcmc] Progress @ 2025-04-16 22:58:00 : 942 steps taken, and 132 accepted.
[0 : mcmc] Progress @ 2025-04-16 22:58:26 : 948 steps taken, and 128 accepted.
[1 : mcmc] Progress @ 2025-04-16 22:58:34 : 948 steps taken, and 137 accepted.
[3 : mcmc] Progress @ 2025-04-16 22:58:35 : 948 steps taken, and 145 accepted.
[2 : mcmc] Progress @ 2025-04-16 22:59:04 : 948 steps taken, and 132 accepted.
[0 : mcmc] Progress @ 2025-04-16 22:59:29 : 954 steps taken, and 130 accepted.
[1 : mcmc] Progress @ 2025-04-16 22:59:37 : 954 steps taken, and 139 accepted.
[3 : mcmc] Progress @ 2025-04-16 22:59:38 : 954 steps taken, and 146 accepted.
[2 : mcmc] Progress @ 2025-04-16 23:00:07 : 954 steps taken, and 134 accepted.
[0 : mcmc] Progress @ 2025-04-16 23:00:32 : 960 steps taken, and 130 accepted.
[3 : mcmc] Progress @ 2025-04-16 23:00:41 : 960 steps taken, and 146 accepted.
[1 : mcmc] Progress @ 2025-04-16 23:00:41 : 960 steps taken, and 140 accepted.
[2 : mcmc] Progress @ 2025-04-16 23:01:12 : 960 steps taken, and 135 accepted.
[0 : mcmc] Progress @ 2025-04-16 23:01:35 : 966 steps taken, and 130 accepted.
[1 : mcmc] Progress @ 2025-04-16 23:01:44 : 966 steps taken, and 140 accepted.
[3 : mcmc] Progress @ 2025-04-16 23:01:45 : 966 steps taken, and 147 accepted.
[2 : mcmc] Progress @ 2025-04-16 23:02:16 : 966 steps taken, and 135 accepted.
[0 : mcmc] Progress @ 2025-04-16 23:02:36 : 972 steps taken, and 130 accepted.
[1 : mcmc] Progress @ 2025-04-16 23:02:47 : 972 steps taken, and 141 accepted.
[3 : mcmc] Progress @ 2025-04-16 23:02:47 : 972 steps taken, and 148 accepted.
[2 : mcmc] Progress @ 2025-04-16 23:03:21 : 972 steps taken, and 135 accepted.
[0 : mcmc] Progress @ 2025-04-16 23:03:40 : 978 steps taken, and 131 accepted.
[3 : mcmc] Progress @ 2025-04-16 23:03:52 : 978 steps taken, and 148 accepted.
[1 : mcmc] Progress @ 2025-04-16 23:03:52 : 978 steps taken, and 141 accepted.
[2 : mcmc] Progress @ 2025-04-16 23:04:25 : 978 steps taken, and 136 accepted.
[0 : mcmc] Progress @ 2025-04-16 23:04:43 : 984 steps taken, and 133 accepted.
[1 : mcmc] Progress @ 2025-04-16 23:04:56 : 984 steps taken, and 143 accepted.
[3 : mcmc] Progress @ 2025-04-16 23:04:57 : 984 steps taken, and 148 accepted.
[2 : mcmc] Progress @ 2025-04-16 23:05:29 : 984 steps taken, and 137 accepted.
[0 : mcmc] Progress @ 2025-04-16 23:05:48 : 990 steps taken, and 133 accepted.
[3 : mcmc] Progress @ 2025-04-16 23:06:00 : 990 steps taken, and 148 accepted.
[1 : mcmc] Progress @ 2025-04-16 23:06:00 : 990 steps taken, and 144 accepted.
[2 : mcmc] Progress @ 2025-04-16 23:06:33 : 990 steps taken, and 139 accepted.
[0 : mcmc] Progress @ 2025-04-16 23:06:52 : 996 steps taken, and 133 accepted.
[3 : mcmc] Progress @ 2025-04-16 23:07:03 : 996 steps taken, and 148 accepted.
[1 : mcmc] Progress @ 2025-04-16 23:07:04 : 996 steps taken, and 146 accepted.
[2 : mcmc] Progress @ 2025-04-16 23:07:37 : 996 steps taken, and 139 accepted.
[0 : mcmc] Progress @ 2025-04-16 23:07:56 : 1002 steps taken, and 134 accepted.
[3 : mcmc] Progress @ 2025-04-16 23:08:07 : 1002 steps taken, and 149 accepted.
[1 : mcmc] Progress @ 2025-04-16 23:08:08 : 1002 steps taken, and 146 accepted.
[2 : mcmc] Progress @ 2025-04-16 23:08:40 : 1002 steps taken, and 139 accepted.
[0 : mcmc] Progress @ 2025-04-16 23:09:00 : 1008 steps taken, and 134 accepted.
[3 : mcmc] Progress @ 2025-04-16 23:09:11 : 1008 steps taken, and 150 accepted.
[1 : mcmc] Progress @ 2025-04-16 23:09:13 : 1008 steps taken, and 146 accepted.
[2 : mcmc] Progress @ 2025-04-16 23:09:45 : 1008 steps taken, and 139 accepted.
[0 : mcmc] Progress @ 2025-04-16 23:10:04 : 1014 steps taken, and 134 accepted.
[3 : mcmc] Progress @ 2025-04-16 23:10:14 : 1014 steps taken, and 151 accepted.
[1 : mcmc] Progress @ 2025-04-16 23:10:16 : 1014 steps taken, and 146 accepted.
