[0 : output] Output to be read-from/written-into folder '../chains', with prefix 'act6-lcdm'
[0 : prior] *WARNING* External prior 'cal_dip_prior' loaded. Mind that it might not be normalized!
[0 : camb] `camb` module loaded successfully from /users/smp24dhl/cosmo/code/CAMB/camb
[0 : mcmc] Getting initial point... (this may take a few seconds)
[2 : mcmc] Getting initial point... (this may take a few seconds)
[3 : mcmc] Getting initial point... (this may take a few seconds)
[1 : mcmc] Getting initial point... (this may take a few seconds)
[3 : mcmc] Initial point: logA:3.048924, ns:0.9696202, theta_MC_100:1.040674, ombh2:0.02236418, omch2:0.1238832, tau:0.05960023, A_act:0.9386546, P_act:1.024375
[1 : mcmc] Initial point: logA:3.049328, ns:0.9675663, theta_MC_100:1.040793, ombh2:0.02232251, omch2:0.1202595, tau:0.05962512, A_act:1.021396, P_act:1.019917
[0 : mcmc] Initial point: logA:3.049339, ns:0.9679483, theta_MC_100:1.041048, ombh2:0.02240707, omch2:0.1186061, tau:0.06264184, A_act:1.152899, P_act:1.068919
[2 : mcmc] Initial point: logA:3.051551, ns:0.9645057, theta_MC_100:1.041709, ombh2:0.0225037, omch2:0.1201166, tau:0.06753235, A_act:1.12215, P_act:0.9914177
[0 : model] Measuring speeds... (this may take a few seconds)
[0 : model] Setting measured speeds (per sec): {act_dr6_cmbonly: 244.0, planck_2018_lowl.EE_sroll2: 2790.0, camb.transfers: 0.205, camb: 0.238}
[0 : mcmc] Dragging with number of interpolating steps:
[0 : mcmc] * 1 : [['theta_MC_100', 'ombh2', 'omch2', 'tau'], ['logA', 'ns']]
[0 : mcmc] * 7 : [['A_act', 'P_act']]
[0 : autoselect_covmat] No cached covmat database present, not usable or not up-to-date. Will be re-created and cached.
[0 : mcmc] Covariance matrix selected automatically: /users/smp24dhl/cosmo/data/planck_supp_data_and_covmats/covmats/base_plikHM_EE_lowE.covmat
[0 : mcmc] Covariance matrix loaded for params ['ombh2', 'omch2', 'theta_MC_100', 'tau', 'logA', 'ns']
[0 : mcmc] Missing proposal covariance for params ['A_act', 'P_act']
[0 : mcmc] Covariance matrix not complete. We will start learning the covariance of the proposal earlier: R-1 = 30 (would be 2 if all params loaded).
[0 : mcmc] *WARNING* The initial points are widely dispersed compared to the proposal covariance, it may take a long time to burn in (max dist to start mean: [31.374735807481255, 12.459773485777204, 21.125137965400274, 40.0401002871044])
[0 : mcmc] Sampling!
[2 : mcmc] Progress @ 2025-04-16 20:09:13 : 1 steps taken, and 0 accepted.
[0 : mcmc] Progress @ 2025-04-16 20:09:15 : 1 steps taken, and 0 accepted.
[1 : mcmc] Progress @ 2025-04-16 20:09:15 : 1 steps taken, and 0 accepted.
[3 : mcmc] Progress @ 2025-04-16 20:09:18 : 1 steps taken, and 0 accepted.
[2 : mcmc] Progress @ 2025-04-16 20:10:19 : 10 steps taken, and 3 accepted.
[1 : mcmc] Progress @ 2025-04-16 20:10:20 : 10 steps taken, and 3 accepted.
[0 : mcmc] Progress @ 2025-04-16 20:10:20 : 10 steps taken, and 4 accepted.
[3 : mcmc] Progress @ 2025-04-16 20:10:24 : 10 steps taken, and 3 accepted.
[1 : mcmc] Progress @ 2025-04-16 20:11:21 : 19 steps taken, and 5 accepted.
[2 : mcmc] Progress @ 2025-04-16 20:11:23 : 18 steps taken, and 7 accepted.
[0 : mcmc] Progress @ 2025-04-16 20:11:27 : 19 steps taken, and 4 accepted.
[3 : mcmc] Progress @ 2025-04-16 20:11:27 : 18 steps taken, and 7 accepted.
[1 : mcmc] Progress @ 2025-04-16 20:12:23 : 27 steps taken, and 6 accepted.
[2 : mcmc] Progress @ 2025-04-16 20:12:27 : 27 steps taken, and 12 accepted.
[0 : mcmc] Progress @ 2025-04-16 20:12:28 : 27 steps taken, and 8 accepted.
[3 : mcmc] Progress @ 2025-04-16 20:12:35 : 27 steps taken, and 9 accepted.
[0 : mcmc] Progress @ 2025-04-16 20:13:31 : 36 steps taken, and 9 accepted.
[1 : mcmc] Progress @ 2025-04-16 20:13:31 : 36 steps taken, and 7 accepted.
[2 : mcmc] Progress @ 2025-04-16 20:13:32 : 36 steps taken, and 15 accepted.
[3 : mcmc] Progress @ 2025-04-16 20:13:37 : 35 steps taken, and 10 accepted.
[2 : mcmc] Progress @ 2025-04-16 20:14:32 : 45 steps taken, and 16 accepted.
[0 : mcmc] Progress @ 2025-04-16 20:14:32 : 45 steps taken, and 10 accepted.
[1 : mcmc] Progress @ 2025-04-16 20:14:36 : 45 steps taken, and 7 accepted.
[3 : mcmc] Progress @ 2025-04-16 20:14:39 : 43 steps taken, and 14 accepted.
[0 : mcmc] Progress @ 2025-04-16 20:15:33 : 53 steps taken, and 11 accepted.
[2 : mcmc] Progress @ 2025-04-16 20:15:34 : 53 steps taken, and 17 accepted.
[3 : mcmc] Progress @ 2025-04-16 20:15:39 : 51 steps taken, and 14 accepted.
[1 : mcmc] Progress @ 2025-04-16 20:15:40 : 54 steps taken, and 9 accepted.
[0 : mcmc] Progress @ 2025-04-16 20:16:35 : 61 steps taken, and 12 accepted.
[2 : mcmc] Progress @ 2025-04-16 20:16:36 : 63 steps taken, and 20 accepted.
[1 : mcmc] Progress @ 2025-04-16 20:16:47 : 63 steps taken, and 9 accepted.
[3 : mcmc] Progress @ 2025-04-16 20:16:48 : 60 steps taken, and 14 accepted.
[0 : mcmc] Progress @ 2025-04-16 20:17:40 : 70 steps taken, and 15 accepted.
[2 : mcmc] Progress @ 2025-04-16 20:17:43 : 71 steps taken, and 21 accepted.
[1 : mcmc] Progress @ 2025-04-16 20:17:49 : 71 steps taken, and 10 accepted.
[3 : mcmc] Progress @ 2025-04-16 20:17:52 : 68 steps taken, and 16 accepted.
[0 : mcmc] Progress @ 2025-04-16 20:18:45 : 79 steps taken, and 16 accepted.
[2 : mcmc] Progress @ 2025-04-16 20:18:49 : 80 steps taken, and 22 accepted.
[1 : mcmc] Progress @ 2025-04-16 20:18:50 : 80 steps taken, and 12 accepted.
[3 : mcmc] Progress @ 2025-04-16 20:18:56 : 77 steps taken, and 16 accepted.
[0 : mcmc] Progress @ 2025-04-16 20:19:46 : 88 steps taken, and 16 accepted.
[2 : mcmc] Progress @ 2025-04-16 20:19:52 : 89 steps taken, and 24 accepted.
[1 : mcmc] Progress @ 2025-04-16 20:19:56 : 89 steps taken, and 12 accepted.
[3 : mcmc] Progress @ 2025-04-16 20:20:01 : 85 steps taken, and 18 accepted.
[0 : mcmc] Progress @ 2025-04-16 20:20:47 : 96 steps taken, and 17 accepted.
[1 : mcmc] Progress @ 2025-04-16 20:20:57 : 97 steps taken, and 15 accepted.
[2 : mcmc] Progress @ 2025-04-16 20:20:59 : 97 steps taken, and 25 accepted.
[3 : mcmc] Progress @ 2025-04-16 20:21:01 : 93 steps taken, and 18 accepted.
[0 : mcmc] Progress @ 2025-04-16 20:21:53 : 105 steps taken, and 17 accepted.
[1 : mcmc] Progress @ 2025-04-16 20:21:58 : 106 steps taken, and 15 accepted.
[3 : mcmc] Progress @ 2025-04-16 20:22:04 : 101 steps taken, and 19 accepted.
[2 : mcmc] Progress @ 2025-04-16 20:22:06 : 106 steps taken, and 26 accepted.
[0 : mcmc] Progress @ 2025-04-16 20:22:53 : 113 steps taken, and 19 accepted.
[1 : mcmc] Progress @ 2025-04-16 20:22:59 : 114 steps taken, and 16 accepted.
[3 : mcmc] Progress @ 2025-04-16 20:23:07 : 110 steps taken, and 21 accepted.
[2 : mcmc] Progress @ 2025-04-16 20:23:15 : 115 steps taken, and 28 accepted.
[0 : mcmc] Progress @ 2025-04-16 20:23:58 : 123 steps taken, and 21 accepted.
[1 : mcmc] Progress @ 2025-04-16 20:24:05 : 123 steps taken, and 18 accepted.
[3 : mcmc] Progress @ 2025-04-16 20:24:14 : 118 steps taken, and 22 accepted.
[2 : mcmc] Progress @ 2025-04-16 20:24:20 : 123 steps taken, and 30 accepted.
[0 : mcmc] Progress @ 2025-04-16 20:25:01 : 130 steps taken, and 21 accepted.
[1 : mcmc] Progress @ 2025-04-16 20:25:06 : 131 steps taken, and 19 accepted.
[3 : mcmc] Progress @ 2025-04-16 20:25:16 : 126 steps taken, and 23 accepted.
[2 : mcmc] Progress @ 2025-04-16 20:25:23 : 132 steps taken, and 32 accepted.
[0 : mcmc] Progress @ 2025-04-16 20:26:03 : 139 steps taken, and 23 accepted.
[1 : mcmc] Progress @ 2025-04-16 20:26:06 : 140 steps taken, and 20 accepted.
[3 : mcmc] Progress @ 2025-04-16 20:26:21 : 134 steps taken, and 23 accepted.
[2 : mcmc] Progress @ 2025-04-16 20:26:24 : 140 steps taken, and 33 accepted.
[0 : mcmc] Progress @ 2025-04-16 20:27:09 : 148 steps taken, and 26 accepted.
[1 : mcmc] Progress @ 2025-04-16 20:27:10 : 149 steps taken, and 22 accepted.
[3 : mcmc] Progress @ 2025-04-16 20:27:25 : 143 steps taken, and 23 accepted.
[2 : mcmc] Progress @ 2025-04-16 20:27:32 : 149 steps taken, and 33 accepted.
[0 : mcmc] Progress @ 2025-04-16 20:28:12 : 157 steps taken, and 27 accepted.
[1 : mcmc] Progress @ 2025-04-16 20:28:12 : 157 steps taken, and 23 accepted.
[3 : mcmc] Progress @ 2025-04-16 20:28:31 : 151 steps taken, and 24 accepted.
[2 : mcmc] Progress @ 2025-04-16 20:28:37 : 157 steps taken, and 34 accepted.
[0 : mcmc] Progress @ 2025-04-16 20:29:19 : 165 steps taken, and 29 accepted.
[1 : mcmc] Progress @ 2025-04-16 20:29:21 : 166 steps taken, and 23 accepted.
[3 : mcmc] Progress @ 2025-04-16 20:29:35 : 160 steps taken, and 25 accepted.
[2 : planck_2018_lowl.ee_sroll2] *WARNING* low EE multipole out of range, rejecting point
[2 : mcmc] Progress @ 2025-04-16 20:29:45 : 165 steps taken, and 36 accepted.
[1 : mcmc] Progress @ 2025-04-16 20:30:22 : 175 steps taken, and 24 accepted.
[0 : mcmc] Progress @ 2025-04-16 20:30:27 : 175 steps taken, and 31 accepted.
[3 : mcmc] Progress @ 2025-04-16 20:30:38 : 168 steps taken, and 25 accepted.
[2 : mcmc] Progress @ 2025-04-16 20:30:54 : 174 steps taken, and 36 accepted.
[1 : mcmc] Progress @ 2025-04-16 20:31:23 : 183 steps taken, and 25 accepted.
[0 : mcmc] Progress @ 2025-04-16 20:31:28 : 183 steps taken, and 32 accepted.
[3 : mcmc] Progress @ 2025-04-16 20:31:43 : 177 steps taken, and 26 accepted.
[2 : mcmc] Progress @ 2025-04-16 20:31:56 : 183 steps taken, and 37 accepted.
[1 : mcmc] Progress @ 2025-04-16 20:32:24 : 192 steps taken, and 27 accepted.
[0 : mcmc] Progress @ 2025-04-16 20:32:34 : 193 steps taken, and 34 accepted.
[3 : mcmc] Progress @ 2025-04-16 20:32:46 : 185 steps taken, and 27 accepted.
[2 : mcmc] Progress @ 2025-04-16 20:33:02 : 191 steps taken, and 38 accepted.
[1 : mcmc] Progress @ 2025-04-16 20:33:34 : 201 steps taken, and 27 accepted.
[0 : mcmc] Progress @ 2025-04-16 20:33:34 : 202 steps taken, and 36 accepted.
[3 : mcmc] Progress @ 2025-04-16 20:33:48 : 193 steps taken, and 27 accepted.
[2 : mcmc] Progress @ 2025-04-16 20:34:10 : 200 steps taken, and 39 accepted.
[1 : mcmc] Progress @ 2025-04-16 20:34:37 : 211 steps taken, and 27 accepted.
[0 : mcmc] Progress @ 2025-04-16 20:34:43 : 211 steps taken, and 38 accepted.
[3 : mcmc] Progress @ 2025-04-16 20:34:52 : 201 steps taken, and 29 accepted.
[2 : mcmc] Progress @ 2025-04-16 20:35:18 : 210 steps taken, and 42 accepted.
[1 : mcmc] Progress @ 2025-04-16 20:35:39 : 220 steps taken, and 27 accepted.
[0 : mcmc] Progress @ 2025-04-16 20:35:47 : 220 steps taken, and 38 accepted.
[3 : mcmc] Progress @ 2025-04-16 20:36:01 : 210 steps taken, and 29 accepted.
[2 : mcmc] Progress @ 2025-04-16 20:36:21 : 218 steps taken, and 44 accepted.
[1 : mcmc] Progress @ 2025-04-16 20:36:41 : 228 steps taken, and 27 accepted.
[0 : mcmc] Progress @ 2025-04-16 20:36:52 : 229 steps taken, and 38 accepted.
[3 : mcmc] Progress @ 2025-04-16 20:37:03 : 218 steps taken, and 31 accepted.
[2 : mcmc] Progress @ 2025-04-16 20:37:23 : 227 steps taken, and 44 accepted.
[1 : mcmc] Progress @ 2025-04-16 20:37:47 : 237 steps taken, and 29 accepted.
[0 : mcmc] Progress @ 2025-04-16 20:37:52 : 238 steps taken, and 38 accepted.
[3 : mcmc] Progress @ 2025-04-16 20:38:04 : 226 steps taken, and 32 accepted.
[2 : mcmc] Progress @ 2025-04-16 20:38:33 : 236 steps taken, and 46 accepted.
[1 : mcmc] Progress @ 2025-04-16 20:38:49 : 246 steps taken, and 33 accepted.
[0 : mcmc] Progress @ 2025-04-16 20:38:56 : 247 steps taken, and 39 accepted.
[3 : mcmc] Progress @ 2025-04-16 20:39:08 : 234 steps taken, and 34 accepted.
[2 : mcmc] Progress @ 2025-04-16 20:39:38 : 244 steps taken, and 47 accepted.
[1 : mcmc] Progress @ 2025-04-16 20:39:54 : 255 steps taken, and 34 accepted.
[0 : mcmc] Progress @ 2025-04-16 20:39:57 : 255 steps taken, and 41 accepted.
[3 : mcmc] Progress @ 2025-04-16 20:40:16 : 242 steps taken, and 34 accepted.
[2 : mcmc] Progress @ 2025-04-16 20:40:40 : 254 steps taken, and 48 accepted.
[1 : mcmc] Progress @ 2025-04-16 20:40:55 : 263 steps taken, and 34 accepted.
[0 : mcmc] Progress @ 2025-04-16 20:41:01 : 264 steps taken, and 42 accepted.
[3 : mcmc] Progress @ 2025-04-16 20:41:19 : 250 steps taken, and 37 accepted.
[2 : mcmc] Progress @ 2025-04-16 20:41:45 : 262 steps taken, and 51 accepted.
[1 : mcmc] Progress @ 2025-04-16 20:41:55 : 272 steps taken, and 37 accepted.
[0 : mcmc] Progress @ 2025-04-16 20:42:04 : 273 steps taken, and 42 accepted.
[3 : mcmc] Progress @ 2025-04-16 20:42:21 : 258 steps taken, and 38 accepted.
[2 : mcmc] Progress @ 2025-04-16 20:42:46 : 270 steps taken, and 52 accepted.
[1 : mcmc] Progress @ 2025-04-16 20:43:01 : 281 steps taken, and 38 accepted.
[0 : mcmc] Progress @ 2025-04-16 20:43:10 : 282 steps taken, and 43 accepted.
[3 : mcmc] Progress @ 2025-04-16 20:43:22 : 267 steps taken, and 39 accepted.
[2 : mcmc] Progress @ 2025-04-16 20:43:48 : 278 steps taken, and 52 accepted.
[1 : mcmc] Progress @ 2025-04-16 20:44:02 : 289 steps taken, and 40 accepted.
[0 : mcmc] Progress @ 2025-04-16 20:44:18 : 292 steps taken, and 43 accepted.
[3 : mcmc] Progress @ 2025-04-16 20:44:26 : 275 steps taken, and 39 accepted.
[2 : mcmc] Progress @ 2025-04-16 20:44:55 : 287 steps taken, and 54 accepted.
[1 : mcmc] Progress @ 2025-04-16 20:45:07 : 298 steps taken, and 40 accepted.
[0 : mcmc] Progress @ 2025-04-16 20:45:19 : 300 steps taken, and 45 accepted.
[3 : mcmc] Progress @ 2025-04-16 20:45:28 : 283 steps taken, and 39 accepted.
[2 : mcmc] Progress @ 2025-04-16 20:45:59 : 296 steps taken, and 54 accepted.
[1 : mcmc] Progress @ 2025-04-16 20:46:09 : 307 steps taken, and 41 accepted.
[0 : mcmc] Progress @ 2025-04-16 20:46:20 : 308 steps taken, and 46 accepted.
[3 : mcmc] Progress @ 2025-04-16 20:46:34 : 291 steps taken, and 42 accepted.
[2 : mcmc] Progress @ 2025-04-16 20:47:07 : 304 steps taken, and 54 accepted.
[1 : mcmc] Progress @ 2025-04-16 20:47:17 : 316 steps taken, and 41 accepted.
[0 : mcmc] Progress @ 2025-04-16 20:47:23 : 317 steps taken, and 46 accepted.
[3 : mcmc] Progress @ 2025-04-16 20:47:35 : 299 steps taken, and 42 accepted.
[2 : mcmc] Progress @ 2025-04-16 20:48:07 : 313 steps taken, and 57 accepted.
[1 : mcmc] Progress @ 2025-04-16 20:48:20 : 325 steps taken, and 42 accepted.
[0 : mcmc] Progress @ 2025-04-16 20:48:26 : 326 steps taken, and 47 accepted.
[3 : mcmc] Progress @ 2025-04-16 20:48:36 : 308 steps taken, and 42 accepted.
[2 : mcmc] Progress @ 2025-04-16 20:49:17 : 322 steps taken, and 60 accepted.
[1 : mcmc] Progress @ 2025-04-16 20:49:21 : 334 steps taken, and 44 accepted.
[0 : mcmc] Progress @ 2025-04-16 20:49:27 : 334 steps taken, and 48 accepted.
[3 : mcmc] Progress @ 2025-04-16 20:49:42 : 316 steps taken, and 45 accepted.
[2 : mcmc] Progress @ 2025-04-16 20:50:17 : 330 steps taken, and 60 accepted.
[1 : mcmc] Progress @ 2025-04-16 20:50:23 : 342 steps taken, and 44 accepted.
[0 : mcmc] Progress @ 2025-04-16 20:50:32 : 343 steps taken, and 49 accepted.
[3 : mcmc] Progress @ 2025-04-16 20:50:45 : 325 steps taken, and 45 accepted.
[2 : mcmc] Progress @ 2025-04-16 20:51:23 : 339 steps taken, and 60 accepted.
[1 : mcmc] Progress @ 2025-04-16 20:51:23 : 350 steps taken, and 45 accepted.
[0 : mcmc] Progress @ 2025-04-16 20:51:37 : 352 steps taken, and 51 accepted.
[3 : mcmc] Progress @ 2025-04-16 20:51:49 : 333 steps taken, and 45 accepted.
[2 : mcmc] Progress @ 2025-04-16 20:52:25 : 346 steps taken, and 60 accepted.
[1 : mcmc] Progress @ 2025-04-16 20:52:29 : 359 steps taken, and 45 accepted.
[0 : mcmc] Progress @ 2025-04-16 20:52:38 : 361 steps taken, and 53 accepted.
[3 : mcmc] Progress @ 2025-04-16 20:52:56 : 342 steps taken, and 46 accepted.
[2 : mcmc] Progress @ 2025-04-16 20:53:25 : 354 steps taken, and 62 accepted.
[1 : mcmc] Progress @ 2025-04-16 20:53:34 : 368 steps taken, and 47 accepted.
[0 : mcmc] Progress @ 2025-04-16 20:53:39 : 369 steps taken, and 54 accepted.
[3 : mcmc] Progress @ 2025-04-16 20:54:03 : 351 steps taken, and 47 accepted.
[2 : mcmc] Progress @ 2025-04-16 20:54:27 : 362 steps taken, and 62 accepted.
[0 : mcmc] Progress @ 2025-04-16 20:54:41 : 378 steps taken, and 55 accepted.
[1 : mcmc] Progress @ 2025-04-16 20:54:42 : 378 steps taken, and 47 accepted.
[3 : mcmc] Progress @ 2025-04-16 20:55:06 : 359 steps taken, and 48 accepted.
[2 : mcmc] Progress @ 2025-04-16 20:55:38 : 371 steps taken, and 63 accepted.
[0 : mcmc] Progress @ 2025-04-16 20:55:42 : 386 steps taken, and 56 accepted.
[1 : mcmc] Progress @ 2025-04-16 20:55:43 : 387 steps taken, and 47 accepted.
[3 : mcmc] Progress @ 2025-04-16 20:56:13 : 368 steps taken, and 48 accepted.
[2 : mcmc] Progress @ 2025-04-16 20:56:38 : 380 steps taken, and 64 accepted.
[0 : mcmc] Progress @ 2025-04-16 20:56:46 : 395 steps taken, and 57 accepted.
[1 : mcmc] Progress @ 2025-04-16 20:56:47 : 395 steps taken, and 48 accepted.
[3 : mcmc] Progress @ 2025-04-16 20:57:21 : 377 steps taken, and 49 accepted.
[2 : mcmc] Progress @ 2025-04-16 20:57:46 : 389 steps taken, and 64 accepted.
[0 : mcmc] Progress @ 2025-04-16 20:57:47 : 404 steps taken, and 58 accepted.
[1 : mcmc] Progress @ 2025-04-16 20:57:50 : 404 steps taken, and 48 accepted.
[3 : mcmc] Progress @ 2025-04-16 20:58:29 : 386 steps taken, and 50 accepted.
[0 : mcmc] Progress @ 2025-04-16 20:58:49 : 412 steps taken, and 59 accepted.
[1 : mcmc] Progress @ 2025-04-16 20:58:51 : 413 steps taken, and 51 accepted.
[2 : mcmc] Progress @ 2025-04-16 20:58:53 : 398 steps taken, and 64 accepted.
[3 : mcmc] Progress @ 2025-04-16 20:59:31 : 395 steps taken, and 51 accepted.
[1 : mcmc] Progress @ 2025-04-16 20:59:52 : 422 steps taken, and 51 accepted.
[0 : mcmc] Progress @ 2025-04-16 20:59:53 : 421 steps taken, and 59 accepted.
[2 : mcmc] Progress @ 2025-04-16 21:00:01 : 407 steps taken, and 65 accepted.
[3 : mcmc] Progress @ 2025-04-16 21:00:33 : 403 steps taken, and 52 accepted.
[0 : mcmc] Progress @ 2025-04-16 21:00:56 : 430 steps taken, and 59 accepted.
[1 : mcmc] Progress @ 2025-04-16 21:00:57 : 430 steps taken, and 52 accepted.
[2 : mcmc] Progress @ 2025-04-16 21:01:01 : 415 steps taken, and 65 accepted.
[3 : mcmc] Progress @ 2025-04-16 21:01:41 : 412 steps taken, and 52 accepted.
[0 : mcmc] Progress @ 2025-04-16 21:01:57 : 439 steps taken, and 62 accepted.
[1 : mcmc] Progress @ 2025-04-16 21:01:59 : 439 steps taken, and 53 accepted.
[2 : mcmc] Progress @ 2025-04-16 21:02:02 : 423 steps taken, and 66 accepted.
[3 : mcmc] Progress @ 2025-04-16 21:02:48 : 421 steps taken, and 54 accepted.
[0 : mcmc] Progress @ 2025-04-16 21:02:57 : 447 steps taken, and 64 accepted.
[1 : mcmc] Progress @ 2025-04-16 21:03:00 : 447 steps taken, and 54 accepted.
[2 : mcmc] Progress @ 2025-04-16 21:03:10 : 432 steps taken, and 66 accepted.
[3 : mcmc] Progress @ 2025-04-16 21:03:56 : 430 steps taken, and 57 accepted.
[0 : mcmc] Progress @ 2025-04-16 21:04:01 : 456 steps taken, and 64 accepted.
[1 : mcmc] Progress @ 2025-04-16 21:04:03 : 456 steps taken, and 55 accepted.
[2 : mcmc] Progress @ 2025-04-16 21:04:12 : 440 steps taken, and 66 accepted.
[0 : mcmc] Progress @ 2025-04-16 21:05:01 : 465 steps taken, and 65 accepted.
[1 : mcmc] Progress @ 2025-04-16 21:05:04 : 465 steps taken, and 57 accepted.
[3 : mcmc] Progress @ 2025-04-16 21:05:05 : 439 steps taken, and 59 accepted.
[2 : mcmc] Progress @ 2025-04-16 21:05:12 : 447 steps taken, and 66 accepted.
[0 : mcmc] Progress @ 2025-04-16 21:06:02 : 473 steps taken, and 67 accepted.
[3 : mcmc] Progress @ 2025-04-16 21:06:09 : 447 steps taken, and 59 accepted.
[1 : mcmc] Progress @ 2025-04-16 21:06:12 : 474 steps taken, and 58 accepted.
[2 : mcmc] Progress @ 2025-04-16 21:06:19 : 456 steps taken, and 67 accepted.
[0 : mcmc] Progress @ 2025-04-16 21:07:02 : 481 steps taken, and 69 accepted.
[3 : mcmc] Progress @ 2025-04-16 21:07:11 : 456 steps taken, and 61 accepted.
[1 : mcmc] Progress @ 2025-04-16 21:07:12 : 483 steps taken, and 60 accepted.
[2 : mcmc] Progress @ 2025-04-16 21:07:29 : 465 steps taken, and 68 accepted.
[0 : mcmc] Progress @ 2025-04-16 21:08:07 : 490 steps taken, and 69 accepted.
[3 : mcmc] Progress @ 2025-04-16 21:08:13 : 465 steps taken, and 63 accepted.
[1 : mcmc] Progress @ 2025-04-16 21:08:21 : 492 steps taken, and 61 accepted.
[2 : mcmc] Progress @ 2025-04-16 21:08:33 : 473 steps taken, and 68 accepted.
[0 : mcmc] Progress @ 2025-04-16 21:09:07 : 499 steps taken, and 70 accepted.
[3 : mcmc] Progress @ 2025-04-16 21:09:15 : 472 steps taken, and 63 accepted.
[1 : mcmc] Progress @ 2025-04-16 21:09:27 : 501 steps taken, and 62 accepted.
[2 : mcmc] Progress @ 2025-04-16 21:09:40 : 482 steps taken, and 70 accepted.
[0 : mcmc] Progress @ 2025-04-16 21:10:11 : 507 steps taken, and 71 accepted.
[3 : mcmc] Progress @ 2025-04-16 21:10:16 : 481 steps taken, and 65 accepted.
[1 : mcmc] Progress @ 2025-04-16 21:10:30 : 510 steps taken, and 65 accepted.
[2 : mcmc] Progress @ 2025-04-16 21:10:40 : 491 steps taken, and 71 accepted.
[0 : mcmc] Progress @ 2025-04-16 21:11:11 : 516 steps taken, and 71 accepted.
[3 : mcmc] Progress @ 2025-04-16 21:11:19 : 489 steps taken, and 68 accepted.
[1 : mcmc] Progress @ 2025-04-16 21:11:31 : 519 steps taken, and 66 accepted.
[2 : mcmc] Progress @ 2025-04-16 21:11:46 : 499 steps taken, and 71 accepted.
[0 : mcmc] Progress @ 2025-04-16 21:12:12 : 524 steps taken, and 72 accepted.
[3 : mcmc] Progress @ 2025-04-16 21:12:20 : 497 steps taken, and 69 accepted.
[1 : mcmc] Progress @ 2025-04-16 21:12:38 : 528 steps taken, and 68 accepted.
[2 : mcmc] Progress @ 2025-04-16 21:12:54 : 508 steps taken, and 73 accepted.
[0 : mcmc] Progress @ 2025-04-16 21:13:17 : 533 steps taken, and 73 accepted.
[3 : mcmc] Progress @ 2025-04-16 21:13:23 : 505 steps taken, and 70 accepted.
[1 : mcmc] Progress @ 2025-04-16 21:13:40 : 536 steps taken, and 69 accepted.
[2 : mcmc] Progress @ 2025-04-16 21:13:57 : 517 steps taken, and 75 accepted.
[0 : mcmc] Progress @ 2025-04-16 21:14:22 : 542 steps taken, and 76 accepted.
[3 : mcmc] Progress @ 2025-04-16 21:14:29 : 514 steps taken, and 72 accepted.
[1 : mcmc] Progress @ 2025-04-16 21:14:41 : 545 steps taken, and 70 accepted.
[2 : mcmc] Progress @ 2025-04-16 21:14:59 : 525 steps taken, and 75 accepted.
[0 : mcmc] Progress @ 2025-04-16 21:15:22 : 551 steps taken, and 78 accepted.
[3 : mcmc] Progress @ 2025-04-16 21:15:32 : 522 steps taken, and 73 accepted.
[1 : mcmc] Progress @ 2025-04-16 21:15:44 : 554 steps taken, and 72 accepted.
[2 : mcmc] Progress @ 2025-04-16 21:16:08 : 534 steps taken, and 76 accepted.
[0 : mcmc] Progress @ 2025-04-16 21:16:23 : 559 steps taken, and 78 accepted.
[3 : mcmc] Progress @ 2025-04-16 21:16:37 : 530 steps taken, and 74 accepted.
[1 : mcmc] Progress @ 2025-04-16 21:16:44 : 562 steps taken, and 72 accepted.
[2 : mcmc] Progress @ 2025-04-16 21:17:12 : 542 steps taken, and 78 accepted.
[0 : mcmc] Progress @ 2025-04-16 21:17:27 : 568 steps taken, and 80 accepted.
[3 : mcmc] Progress @ 2025-04-16 21:17:44 : 539 steps taken, and 74 accepted.
[1 : mcmc] Progress @ 2025-04-16 21:17:47 : 571 steps taken, and 73 accepted.
[2 : mcmc] Progress @ 2025-04-16 21:18:16 : 551 steps taken, and 79 accepted.
[0 : mcmc] Progress @ 2025-04-16 21:18:32 : 577 steps taken, and 81 accepted.
[1 : mcmc] Progress @ 2025-04-16 21:18:51 : 580 steps taken, and 74 accepted.
[3 : mcmc] Progress @ 2025-04-16 21:18:51 : 548 steps taken, and 74 accepted.
[2 : mcmc] Progress @ 2025-04-16 21:19:17 : 559 steps taken, and 79 accepted.
[0 : mcmc] Progress @ 2025-04-16 21:19:38 : 586 steps taken, and 81 accepted.
[1 : mcmc] Progress @ 2025-04-16 21:19:53 : 590 steps taken, and 76 accepted.
[3 : mcmc] Progress @ 2025-04-16 21:19:59 : 557 steps taken, and 74 accepted.
[2 : mcmc] Progress @ 2025-04-16 21:20:18 : 567 steps taken, and 80 accepted.
[0 : mcmc] Progress @ 2025-04-16 21:20:40 : 595 steps taken, and 82 accepted.
[1 : mcmc] Progress @ 2025-04-16 21:20:54 : 598 steps taken, and 76 accepted.
[3 : mcmc] Progress @ 2025-04-16 21:21:09 : 566 steps taken, and 76 accepted.
[2 : mcmc] Progress @ 2025-04-16 21:21:22 : 574 steps taken, and 80 accepted.
[0 : mcmc] Progress @ 2025-04-16 21:21:44 : 603 steps taken, and 82 accepted.
[1 : mcmc] Progress @ 2025-04-16 21:21:54 : 606 steps taken, and 78 accepted.
[3 : mcmc] Progress @ 2025-04-16 21:22:13 : 575 steps taken, and 76 accepted.
[2 : mcmc] Progress @ 2025-04-16 21:22:26 : 583 steps taken, and 81 accepted.
[0 : mcmc] Progress @ 2025-04-16 21:22:49 : 612 steps taken, and 84 accepted.
[1 : mcmc] Progress @ 2025-04-16 21:22:58 : 615 steps taken, and 79 accepted.
[3 : mcmc] Progress @ 2025-04-16 21:23:22 : 584 steps taken, and 78 accepted.
[2 : mcmc] Progress @ 2025-04-16 21:23:26 : 591 steps taken, and 82 accepted.
[0 : mcmc] Progress @ 2025-04-16 21:23:50 : 620 steps taken, and 85 accepted.
[1 : mcmc] Progress @ 2025-04-16 21:23:59 : 623 steps taken, and 81 accepted.
[3 : mcmc] Progress @ 2025-04-16 21:24:23 : 591 steps taken, and 79 accepted.
[2 : mcmc] Progress @ 2025-04-16 21:24:30 : 599 steps taken, and 83 accepted.
[0 : mcmc] Progress @ 2025-04-16 21:24:55 : 629 steps taken, and 86 accepted.
[1 : mcmc] Progress @ 2025-04-16 21:25:03 : 632 steps taken, and 81 accepted.
[3 : mcmc] Progress @ 2025-04-16 21:25:25 : 600 steps taken, and 81 accepted.
[2 : mcmc] Progress @ 2025-04-16 21:25:33 : 608 steps taken, and 85 accepted.
[0 : mcmc] Progress @ 2025-04-16 21:25:59 : 638 steps taken, and 88 accepted.
[1 : mcmc] Progress @ 2025-04-16 21:26:11 : 642 steps taken, and 82 accepted.
[3 : mcmc] Progress @ 2025-04-16 21:26:30 : 609 steps taken, and 83 accepted.
[2 : mcmc] Progress @ 2025-04-16 21:26:42 : 617 steps taken, and 87 accepted.
[0 : mcmc] Progress @ 2025-04-16 21:27:07 : 648 steps taken, and 90 accepted.
[1 : mcmc] Progress @ 2025-04-16 21:27:18 : 652 steps taken, and 83 accepted.
[3 : mcmc] Progress @ 2025-04-16 21:27:40 : 618 steps taken, and 84 accepted.
[2 : mcmc] Progress @ 2025-04-16 21:27:45 : 626 steps taken, and 88 accepted.
[0 : mcmc] Progress @ 2025-04-16 21:28:10 : 657 steps taken, and 91 accepted.
[1 : mcmc] Progress @ 2025-04-16 21:28:21 : 661 steps taken, and 83 accepted.
[3 : mcmc] Progress @ 2025-04-16 21:28:46 : 626 steps taken, and 84 accepted.
[2 : mcmc] Progress @ 2025-04-16 21:28:48 : 633 steps taken, and 88 accepted.
[0 : mcmc] Progress @ 2025-04-16 21:29:12 : 665 steps taken, and 93 accepted.
[1 : mcmc] Progress @ 2025-04-16 21:29:28 : 669 steps taken, and 83 accepted.
[2 : mcmc] Progress @ 2025-04-16 21:29:49 : 641 steps taken, and 88 accepted.
[3 : mcmc] Progress @ 2025-04-16 21:29:49 : 635 steps taken, and 85 accepted.
[0 : mcmc] Progress @ 2025-04-16 21:30:15 : 675 steps taken, and 95 accepted.
[1 : mcmc] Progress @ 2025-04-16 21:30:30 : 679 steps taken, and 84 accepted.
[2 : mcmc] Progress @ 2025-04-16 21:30:52 : 649 steps taken, and 91 accepted.
[3 : mcmc] Progress @ 2025-04-16 21:30:57 : 643 steps taken, and 86 accepted.
[0 : mcmc] Progress @ 2025-04-16 21:31:17 : 683 steps taken, and 95 accepted.
[1 : mcmc] Progress @ 2025-04-16 21:31:33 : 688 steps taken, and 84 accepted.
[2 : mcmc] Progress @ 2025-04-16 21:31:56 : 657 steps taken, and 92 accepted.
[3 : mcmc] Progress @ 2025-04-16 21:31:59 : 651 steps taken, and 88 accepted.
[0 : mcmc] Progress @ 2025-04-16 21:32:18 : 691 steps taken, and 96 accepted.
[1 : mcmc] Progress @ 2025-04-16 21:32:34 : 696 steps taken, and 85 accepted.
[2 : mcmc] Progress @ 2025-04-16 21:32:56 : 665 steps taken, and 92 accepted.
[3 : mcmc] Progress @ 2025-04-16 21:33:07 : 660 steps taken, and 89 accepted.
[0 : mcmc] Progress @ 2025-04-16 21:33:26 : 701 steps taken, and 97 accepted.
[1 : mcmc] Progress @ 2025-04-16 21:33:36 : 705 steps taken, and 85 accepted.
[2 : mcmc] Progress @ 2025-04-16 21:34:01 : 674 steps taken, and 92 accepted.
[3 : mcmc] Progress @ 2025-04-16 21:34:13 : 668 steps taken, and 89 accepted.
[0 : mcmc] Progress @ 2025-04-16 21:34:34 : 711 steps taken, and 99 accepted.
[1 : mcmc] Progress @ 2025-04-16 21:34:39 : 714 steps taken, and 85 accepted.
[2 : mcmc] Progress @ 2025-04-16 21:35:07 : 682 steps taken, and 93 accepted.
[3 : mcmc] Progress @ 2025-04-16 21:35:14 : 679 steps taken, and 89 accepted.
[0 : mcmc] Progress @ 2025-04-16 21:35:41 : 719 steps taken, and 101 accepted.
[1 : mcmc] Progress @ 2025-04-16 21:35:41 : 722 steps taken, and 86 accepted.
[2 : mcmc] Progress @ 2025-04-16 21:36:16 : 691 steps taken, and 94 accepted.
[3 : mcmc] Progress @ 2025-04-16 21:36:20 : 687 steps taken, and 90 accepted.
[0 : mcmc] Progress @ 2025-04-16 21:36:45 : 728 steps taken, and 103 accepted.
[1 : mcmc] Progress @ 2025-04-16 21:36:50 : 732 steps taken, and 86 accepted.
[2 : mcmc] Progress @ 2025-04-16 21:37:18 : 699 steps taken, and 98 accepted.
[3 : mcmc] Progress @ 2025-04-16 21:37:24 : 697 steps taken, and 90 accepted.
[0 : mcmc] Progress @ 2025-04-16 21:37:46 : 737 steps taken, and 105 accepted.
[1 : mcmc] Progress @ 2025-04-16 21:37:58 : 741 steps taken, and 87 accepted.
[2 : mcmc] Progress @ 2025-04-16 21:38:25 : 708 steps taken, and 99 accepted.
[3 : mcmc] Progress @ 2025-04-16 21:38:27 : 705 steps taken, and 91 accepted.
[0 : mcmc] Progress @ 2025-04-16 21:38:54 : 747 steps taken, and 107 accepted.
[1 : mcmc] Progress @ 2025-04-16 21:39:06 : 751 steps taken, and 89 accepted.
[2 : mcmc] Progress @ 2025-04-16 21:39:27 : 716 steps taken, and 100 accepted.
[3 : mcmc] Progress @ 2025-04-16 21:39:29 : 714 steps taken, and 91 accepted.
[0 : mcmc] Progress @ 2025-04-16 21:39:55 : 754 steps taken, and 109 accepted.
[1 : mcmc] Progress @ 2025-04-16 21:40:06 : 759 steps taken, and 89 accepted.
[2 : mcmc] Progress @ 2025-04-16 21:40:29 : 725 steps taken, and 103 accepted.
[3 : mcmc] Progress @ 2025-04-16 21:40:32 : 722 steps taken, and 92 accepted.
[0 : mcmc] Progress @ 2025-04-16 21:41:03 : 764 steps taken, and 110 accepted.
[1 : mcmc] Progress @ 2025-04-16 21:41:10 : 769 steps taken, and 89 accepted.
[3 : mcmc] Progress @ 2025-04-16 21:41:33 : 729 steps taken, and 93 accepted.
[2 : mcmc] Progress @ 2025-04-16 21:41:36 : 733 steps taken, and 103 accepted.
[0 : mcmc] Progress @ 2025-04-16 21:42:03 : 773 steps taken, and 110 accepted.
[1 : mcmc] Progress @ 2025-04-16 21:42:11 : 777 steps taken, and 89 accepted.
[3 : mcmc] Progress @ 2025-04-16 21:42:33 : 737 steps taken, and 95 accepted.
[2 : mcmc] Progress @ 2025-04-16 21:42:41 : 742 steps taken, and 105 accepted.
[0 : mcmc] Progress @ 2025-04-16 21:43:11 : 782 steps taken, and 112 accepted.
[1 : mcmc] Progress @ 2025-04-16 21:43:12 : 785 steps taken, and 89 accepted.
[3 : mcmc] Progress @ 2025-04-16 21:43:40 : 746 steps taken, and 96 accepted.
[2 : mcmc] Progress @ 2025-04-16 21:43:46 : 750 steps taken, and 105 accepted.
[1 : mcmc] Progress @ 2025-04-16 21:44:17 : 794 steps taken, and 90 accepted.
[0 : mcmc] Progress @ 2025-04-16 21:44:19 : 792 steps taken, and 112 accepted.
[3 : mcmc] Progress @ 2025-04-16 21:44:43 : 754 steps taken, and 97 accepted.
[2 : mcmc] Progress @ 2025-04-16 21:44:51 : 758 steps taken, and 107 accepted.
[1 : mcmc] Progress @ 2025-04-16 21:45:22 : 803 steps taken, and 92 accepted.
[0 : mcmc] Progress @ 2025-04-16 21:45:28 : 802 steps taken, and 112 accepted.
[3 : mcmc] Progress @ 2025-04-16 21:45:51 : 763 steps taken, and 99 accepted.
[2 : mcmc] Progress @ 2025-04-16 21:45:54 : 767 steps taken, and 109 accepted.
[1 : mcmc] Progress @ 2025-04-16 21:46:25 : 813 steps taken, and 96 accepted.
[0 : mcmc] Progress @ 2025-04-16 21:46:36 : 811 steps taken, and 113 accepted.
[3 : mcmc] Progress @ 2025-04-16 21:46:59 : 772 steps taken, and 101 accepted.
[2 : mcmc] Progress @ 2025-04-16 21:47:01 : 775 steps taken, and 109 accepted.
[1 : mcmc] Progress @ 2025-04-16 21:47:25 : 821 steps taken, and 96 accepted.
[0 : mcmc] Progress @ 2025-04-16 21:47:37 : 820 steps taken, and 116 accepted.
[3 : mcmc] Progress @ 2025-04-16 21:48:05 : 781 steps taken, and 101 accepted.
[2 : mcmc] Progress @ 2025-04-16 21:48:08 : 784 steps taken, and 110 accepted.
[1 : mcmc] Progress @ 2025-04-16 21:48:26 : 829 steps taken, and 97 accepted.
[0 : mcmc] Progress @ 2025-04-16 21:48:45 : 829 steps taken, and 116 accepted.
[2 : mcmc] Progress @ 2025-04-16 21:49:09 : 793 steps taken, and 110 accepted.
[3 : mcmc] Progress @ 2025-04-16 21:49:12 : 790 steps taken, and 102 accepted.
[1 : mcmc] Progress @ 2025-04-16 21:49:34 : 839 steps taken, and 98 accepted.
[0 : mcmc] Progress @ 2025-04-16 21:49:53 : 839 steps taken, and 116 accepted.
[2 : mcmc] Progress @ 2025-04-16 21:50:11 : 801 steps taken, and 110 accepted.
[3 : mcmc] Progress @ 2025-04-16 21:50:14 : 799 steps taken, and 102 accepted.
[1 : mcmc] Progress @ 2025-04-16 21:50:36 : 847 steps taken, and 98 accepted.
[0 : mcmc] Progress @ 2025-04-16 21:50:53 : 847 steps taken, and 116 accepted.
[3 : mcmc] Progress @ 2025-04-16 21:51:16 : 807 steps taken, and 103 accepted.
[2 : mcmc] Progress @ 2025-04-16 21:51:19 : 809 steps taken, and 111 accepted.
[1 : mcmc] Progress @ 2025-04-16 21:51:41 : 856 steps taken, and 101 accepted.
[0 : mcmc] Progress @ 2025-04-16 21:51:59 : 856 steps taken, and 117 accepted.
[3 : mcmc] Progress @ 2025-04-16 21:52:17 : 815 steps taken, and 104 accepted.
[2 : mcmc] Progress @ 2025-04-16 21:52:23 : 818 steps taken, and 114 accepted.
[1 : mcmc] Progress @ 2025-04-16 21:52:44 : 865 steps taken, and 102 accepted.
[0 : mcmc] Progress @ 2025-04-16 21:52:59 : 865 steps taken, and 120 accepted.
[3 : mcmc] Progress @ 2025-04-16 21:53:21 : 823 steps taken, and 104 accepted.
[2 : mcmc] Progress @ 2025-04-16 21:53:24 : 827 steps taken, and 115 accepted.
[1 : mcmc] Progress @ 2025-04-16 21:53:44 : 873 steps taken, and 102 accepted.
[0 : mcmc] Progress @ 2025-04-16 21:54:00 : 873 steps taken, and 121 accepted.
[3 : mcmc] Progress @ 2025-04-16 21:54:26 : 832 steps taken, and 105 accepted.
[2 : mcmc] Progress @ 2025-04-16 21:54:28 : 835 steps taken, and 115 accepted.
[1 : mcmc] Progress @ 2025-04-16 21:54:45 : 882 steps taken, and 104 accepted.
[0 : mcmc] Progress @ 2025-04-16 21:55:04 : 882 steps taken, and 122 accepted.
[3 : mcmc] Progress @ 2025-04-16 21:55:29 : 840 steps taken, and 106 accepted.
[2 : mcmc] Progress @ 2025-04-16 21:55:32 : 843 steps taken, and 115 accepted.
[1 : mcmc] Progress @ 2025-04-16 21:55:53 : 892 steps taken, and 105 accepted.
[0 : mcmc] Progress @ 2025-04-16 21:56:04 : 891 steps taken, and 124 accepted.
[2 : mcmc] Progress @ 2025-04-16 21:56:33 : 852 steps taken, and 117 accepted.
[3 : mcmc] Progress @ 2025-04-16 21:56:35 : 848 steps taken, and 108 accepted.
[1 : mcmc] Progress @ 2025-04-16 21:57:02 : 901 steps taken, and 107 accepted.
[0 : mcmc] Progress @ 2025-04-16 21:57:05 : 898 steps taken, and 124 accepted.
[3 : mcmc] Progress @ 2025-04-16 21:57:38 : 857 steps taken, and 110 accepted.
[2 : mcmc] Progress @ 2025-04-16 21:57:41 : 861 steps taken, and 117 accepted.
[1 : mcmc] Progress @ 2025-04-16 21:58:03 : 909 steps taken, and 108 accepted.
[0 : mcmc] Progress @ 2025-04-16 21:58:12 : 909 steps taken, and 126 accepted.
[3 : mcmc] Progress @ 2025-04-16 21:58:43 : 865 steps taken, and 110 accepted.
[2 : mcmc] Progress @ 2025-04-16 21:58:44 : 869 steps taken, and 117 accepted.
[1 : mcmc] Progress @ 2025-04-16 21:59:05 : 919 steps taken, and 112 accepted.
[0 : mcmc] Progress @ 2025-04-16 21:59:17 : 917 steps taken, and 126 accepted.
[3 : mcmc] Progress @ 2025-04-16 21:59:43 : 873 steps taken, and 111 accepted.
[2 : mcmc] Progress @ 2025-04-16 21:59:53 : 878 steps taken, and 118 accepted.
[1 : mcmc] Progress @ 2025-04-16 22:00:10 : 928 steps taken, and 113 accepted.
[0 : mcmc] Progress @ 2025-04-16 22:00:24 : 927 steps taken, and 127 accepted.
[3 : mcmc] Progress @ 2025-04-16 22:00:50 : 882 steps taken, and 111 accepted.
[2 : mcmc] Progress @ 2025-04-16 22:01:00 : 887 steps taken, and 119 accepted.
[1 : mcmc] Progress @ 2025-04-16 22:01:11 : 936 steps taken, and 114 accepted.
[0 : mcmc] Progress @ 2025-04-16 22:01:29 : 936 steps taken, and 129 accepted.
[3 : mcmc] Progress @ 2025-04-16 22:01:52 : 890 steps taken, and 113 accepted.
[2 : mcmc] Progress @ 2025-04-16 22:02:04 : 896 steps taken, and 120 accepted.
[1 : mcmc] Progress @ 2025-04-16 22:02:14 : 945 steps taken, and 114 accepted.
[0 : mcmc] Progress @ 2025-04-16 22:02:30 : 944 steps taken, and 131 accepted.
[3 : mcmc] Progress @ 2025-04-16 22:02:59 : 899 steps taken, and 115 accepted.
[2 : mcmc] Progress @ 2025-04-16 22:03:08 : 904 steps taken, and 123 accepted.
[1 : mcmc] Progress @ 2025-04-16 22:03:18 : 954 steps taken, and 114 accepted.
[0 : mcmc] Progress @ 2025-04-16 22:03:38 : 954 steps taken, and 132 accepted.
[3 : mcmc] Progress @ 2025-04-16 22:04:01 : 908 steps taken, and 118 accepted.
[2 : mcmc] Progress @ 2025-04-16 22:04:11 : 913 steps taken, and 123 accepted.
[1 : mcmc] Progress @ 2025-04-16 22:04:26 : 964 steps taken, and 114 accepted.
[0 : mcmc] Progress @ 2025-04-16 22:04:45 : 963 steps taken, and 132 accepted.
[3 : mcmc] Progress @ 2025-04-16 22:05:09 : 917 steps taken, and 119 accepted.
[2 : mcmc] Progress @ 2025-04-16 22:05:17 : 921 steps taken, and 126 accepted.
[1 : mcmc] Progress @ 2025-04-16 22:05:29 : 972 steps taken, and 114 accepted.
[0 : mcmc] Progress @ 2025-04-16 22:05:47 : 972 steps taken, and 133 accepted.
[3 : mcmc] Progress @ 2025-04-16 22:06:14 : 925 steps taken, and 119 accepted.
[2 : mcmc] Progress @ 2025-04-16 22:06:21 : 929 steps taken, and 127 accepted.
[1 : mcmc] Progress @ 2025-04-16 22:06:29 : 980 steps taken, and 116 accepted.
[0 : mcmc] Progress @ 2025-04-16 22:06:47 : 981 steps taken, and 134 accepted.
[3 : mcmc] Progress @ 2025-04-16 22:07:20 : 934 steps taken, and 119 accepted.
[2 : mcmc] Progress @ 2025-04-16 22:07:22 : 938 steps taken, and 128 accepted.
[1 : mcmc] Progress @ 2025-04-16 22:07:37 : 990 steps taken, and 119 accepted.
[0 : mcmc] Progress @ 2025-04-16 22:07:55 : 990 steps taken, and 134 accepted.
[2 : mcmc] Progress @ 2025-04-16 22:08:25 : 946 steps taken, and 129 accepted.
[3 : mcmc] Progress @ 2025-04-16 22:08:27 : 943 steps taken, and 119 accepted.
[1 : mcmc] Progress @ 2025-04-16 22:08:42 : 999 steps taken, and 121 accepted.
[0 : mcmc] Progress @ 2025-04-16 22:09:03 : 1000 steps taken, and 134 accepted.
[2 : mcmc] Progress @ 2025-04-16 22:09:25 : 954 steps taken, and 130 accepted.
[3 : mcmc] Progress @ 2025-04-16 22:09:36 : 953 steps taken, and 121 accepted.
[1 : mcmc] Progress @ 2025-04-16 22:09:50 : 1010 steps taken, and 121 accepted.
[0 : mcmc] Progress @ 2025-04-16 22:10:03 : 1008 steps taken, and 137 accepted.
[2 : mcmc] Progress @ 2025-04-16 22:10:29 : 962 steps taken, and 131 accepted.
[3 : mcmc] Progress @ 2025-04-16 22:10:41 : 961 steps taken, and 121 accepted.
[1 : mcmc] Progress @ 2025-04-16 22:10:51 : 1018 steps taken, and 121 accepted.
[0 : mcmc] Progress @ 2025-04-16 22:11:11 : 1017 steps taken, and 137 accepted.
[2 : mcmc] Progress @ 2025-04-16 22:11:35 : 971 steps taken, and 131 accepted.
[3 : mcmc] Progress @ 2025-04-16 22:11:42 : 969 steps taken, and 121 accepted.
[1 : mcmc] Progress @ 2025-04-16 22:11:56 : 1027 steps taken, and 122 accepted.
[0 : mcmc] Progress @ 2025-04-16 22:12:13 : 1026 steps taken, and 137 accepted.
[2 : mcmc] Progress @ 2025-04-16 22:12:39 : 979 steps taken, and 134 accepted.
[3 : mcmc] Progress @ 2025-04-16 22:12:51 : 978 steps taken, and 121 accepted.
[1 : mcmc] Progress @ 2025-04-16 22:12:57 : 1036 steps taken, and 124 accepted.
[0 : mcmc] Progress @ 2025-04-16 22:13:19 : 1035 steps taken, and 137 accepted.
[2 : mcmc] Progress @ 2025-04-16 22:13:48 : 987 steps taken, and 136 accepted.
[1 : mcmc] Progress @ 2025-04-16 22:13:58 : 1044 steps taken, and 124 accepted.
[3 : mcmc] Progress @ 2025-04-16 22:13:58 : 987 steps taken, and 122 accepted.
[0 : mcmc] Progress @ 2025-04-16 22:14:23 : 1044 steps taken, and 137 accepted.
[2 : mcmc] Progress @ 2025-04-16 22:14:50 : 996 steps taken, and 137 accepted.
[1 : mcmc] Progress @ 2025-04-16 22:14:58 : 1052 steps taken, and 124 accepted.
[3 : mcmc] Progress @ 2025-04-16 22:15:01 : 995 steps taken, and 124 accepted.
[0 : mcmc] Progress @ 2025-04-16 22:15:29 : 1053 steps taken, and 139 accepted.
[2 : mcmc] Progress @ 2025-04-16 22:15:52 : 1005 steps taken, and 138 accepted.
[1 : mcmc] Progress @ 2025-04-16 22:16:02 : 1061 steps taken, and 125 accepted.
[3 : mcmc] Progress @ 2025-04-16 22:16:04 : 1004 steps taken, and 124 accepted.
[0 : mcmc] Progress @ 2025-04-16 22:16:34 : 1062 steps taken, and 139 accepted.
[2 : mcmc] Progress @ 2025-04-16 22:16:54 : 1012 steps taken, and 139 accepted.
[3 : mcmc] Progress @ 2025-04-16 22:17:05 : 1011 steps taken, and 125 accepted.
[1 : mcmc] Progress @ 2025-04-16 22:17:06 : 1070 steps taken, and 125 accepted.
[0 : mcmc] Progress @ 2025-04-16 22:17:40 : 1071 steps taken, and 140 accepted.
[2 : mcmc] Progress @ 2025-04-16 22:18:03 : 1021 steps taken, and 142 accepted.
[3 : mcmc] Progress @ 2025-04-16 22:18:05 : 1020 steps taken, and 125 accepted.
[1 : mcmc] Progress @ 2025-04-16 22:18:10 : 1079 steps taken, and 127 accepted.
[0 : mcmc] Progress @ 2025-04-16 22:18:40 : 1079 steps taken, and 140 accepted.
[2 : mcmc] Progress @ 2025-04-16 22:19:06 : 1030 steps taken, and 142 accepted.
[3 : mcmc] Progress @ 2025-04-16 22:19:09 : 1028 steps taken, and 125 accepted.
[1 : mcmc] Progress @ 2025-04-16 22:19:11 : 1089 steps taken, and 129 accepted.
[0 : mcmc] Progress @ 2025-04-16 22:19:42 : 1088 steps taken, and 144 accepted.
[1 : mcmc] Progress @ 2025-04-16 22:20:11 : 1097 steps taken, and 129 accepted.
[2 : mcmc] Progress @ 2025-04-16 22:20:11 : 1038 steps taken, and 142 accepted.
[3 : mcmc] Progress @ 2025-04-16 22:20:20 : 1037 steps taken, and 127 accepted.
[0 : mcmc] Progress @ 2025-04-16 22:20:47 : 1097 steps taken, and 145 accepted.
[2 : mcmc] Progress @ 2025-04-16 22:21:12 : 1046 steps taken, and 142 accepted.
[1 : mcmc] Progress @ 2025-04-16 22:21:13 : 1106 steps taken, and 130 accepted.
[3 : mcmc] Progress @ 2025-04-16 22:21:20 : 1046 steps taken, and 128 accepted.
[0 : mcmc] Progress @ 2025-04-16 22:21:55 : 1106 steps taken, and 145 accepted.
[1 : mcmc] Progress @ 2025-04-16 22:22:15 : 1115 steps taken, and 131 accepted.
[2 : mcmc] Progress @ 2025-04-16 22:22:17 : 1054 steps taken, and 142 accepted.
[3 : mcmc] Progress @ 2025-04-16 22:22:26 : 1054 steps taken, and 129 accepted.
[0 : mcmc] Progress @ 2025-04-16 22:23:00 : 1115 steps taken, and 145 accepted.
[1 : mcmc] Progress @ 2025-04-16 22:23:22 : 1124 steps taken, and 131 accepted.
[2 : mcmc] Progress @ 2025-04-16 22:23:25 : 1063 steps taken, and 143 accepted.
[3 : mcmc] Progress @ 2025-04-16 22:23:33 : 1062 steps taken, and 129 accepted.
[0 : mcmc] Progress @ 2025-04-16 22:24:09 : 1125 steps taken, and 145 accepted.
[1 : mcmc] Progress @ 2025-04-16 22:24:22 : 1132 steps taken, and 132 accepted.
[2 : mcmc] Progress @ 2025-04-16 22:24:27 : 1071 steps taken, and 143 accepted.
[3 : mcmc] Progress @ 2025-04-16 22:24:39 : 1070 steps taken, and 129 accepted.
[0 : mcmc] Progress @ 2025-04-16 22:25:12 : 1134 steps taken, and 147 accepted.
[1 : mcmc] Progress @ 2025-04-16 22:25:26 : 1141 steps taken, and 133 accepted.
[2 : mcmc] Progress @ 2025-04-16 22:25:35 : 1080 steps taken, and 143 accepted.
[3 : mcmc] Progress @ 2025-04-16 22:25:41 : 1078 steps taken, and 130 accepted.
[0 : mcmc] Progress @ 2025-04-16 22:26:16 : 1143 steps taken, and 147 accepted.
[1 : mcmc] Progress @ 2025-04-16 22:26:31 : 1150 steps taken, and 133 accepted.
[2 : mcmc] Progress @ 2025-04-16 22:26:44 : 1089 steps taken, and 145 accepted.
[3 : mcmc] Progress @ 2025-04-16 22:26:47 : 1087 steps taken, and 131 accepted.
[0 : mcmc] Progress @ 2025-04-16 22:27:19 : 1152 steps taken, and 147 accepted.
[1 : mcmc] Progress @ 2025-04-16 22:27:35 : 1159 steps taken, and 136 accepted.
[2 : mcmc] Progress @ 2025-04-16 22:27:52 : 1098 steps taken, and 147 accepted.
[3 : mcmc] Progress @ 2025-04-16 22:27:55 : 1095 steps taken, and 132 accepted.
[0 : mcmc] Progress @ 2025-04-16 22:28:27 : 1162 steps taken, and 147 accepted.
[1 : mcmc] Progress @ 2025-04-16 22:28:38 : 1168 steps taken, and 137 accepted.
[2 : mcmc] Progress @ 2025-04-16 22:28:53 : 1106 steps taken, and 147 accepted.
[3 : mcmc] Progress @ 2025-04-16 22:29:00 : 1104 steps taken, and 133 accepted.
[0 : mcmc] Progress @ 2025-04-16 22:29:27 : 1170 steps taken, and 147 accepted.
[1 : mcmc] Progress @ 2025-04-16 22:29:46 : 1178 steps taken, and 138 accepted.
[2 : mcmc] Progress @ 2025-04-16 22:29:53 : 1114 steps taken, and 147 accepted.
[3 : mcmc] Progress @ 2025-04-16 22:30:07 : 1113 steps taken, and 134 accepted.
[0 : mcmc] Progress @ 2025-04-16 22:30:32 : 1179 steps taken, and 148 accepted.
[1 : mcmc] Progress @ 2025-04-16 22:30:47 : 1186 steps taken, and 138 accepted.
[2 : mcmc] Progress @ 2025-04-16 22:30:58 : 1122 steps taken, and 147 accepted.
[3 : mcmc] Progress @ 2025-04-16 22:31:14 : 1121 steps taken, and 134 accepted.
[0 : mcmc] Progress @ 2025-04-16 22:31:37 : 1188 steps taken, and 151 accepted.
[1 : mcmc] Progress @ 2025-04-16 22:31:50 : 1195 steps taken, and 139 accepted.
[2 : mcmc] Progress @ 2025-04-16 22:32:05 : 1131 steps taken, and 148 accepted.
[3 : mcmc] Progress @ 2025-04-16 22:32:20 : 1130 steps taken, and 134 accepted.
[0 : mcmc] Progress @ 2025-04-16 22:32:47 : 1198 steps taken, and 154 accepted.
[1 : mcmc] Progress @ 2025-04-16 22:32:55 : 1204 steps taken, and 140 accepted.
[2 : mcmc] Progress @ 2025-04-16 22:33:12 : 1140 steps taken, and 150 accepted.
[3 : mcmc] Progress @ 2025-04-16 22:33:25 : 1139 steps taken, and 135 accepted.
[0 : mcmc] Progress @ 2025-04-16 22:33:47 : 1206 steps taken, and 155 accepted.
[1 : mcmc] Progress @ 2025-04-16 22:34:00 : 1213 steps taken, and 140 accepted.
[2 : mcmc] Progress @ 2025-04-16 22:34:14 : 1149 steps taken, and 150 accepted.
[3 : mcmc] Progress @ 2025-04-16 22:34:28 : 1147 steps taken, and 137 accepted.
[0 : mcmc] Progress @ 2025-04-16 22:34:51 : 1215 steps taken, and 157 accepted.
[1 : mcmc] Progress @ 2025-04-16 22:35:03 : 1222 steps taken, and 142 accepted.
[2 : mcmc] Progress @ 2025-04-16 22:35:19 : 1157 steps taken, and 151 accepted.
[3 : mcmc] Progress @ 2025-04-16 22:35:35 : 1156 steps taken, and 137 accepted.
[0 : mcmc] Progress @ 2025-04-16 22:35:56 : 1224 steps taken, and 158 accepted.
[1 : mcmc] Progress @ 2025-04-16 22:36:11 : 1232 steps taken, and 144 accepted.
[2 : mcmc] Progress @ 2025-04-16 22:36:27 : 1165 steps taken, and 152 accepted.
[3 : mcmc] Progress @ 2025-04-16 22:36:39 : 1165 steps taken, and 137 accepted.
[0 : mcmc] Progress @ 2025-04-16 22:37:01 : 1233 steps taken, and 159 accepted.
[1 : mcmc] Progress @ 2025-04-16 22:37:16 : 1241 steps taken, and 147 accepted.
[2 : mcmc] Progress @ 2025-04-16 22:37:29 : 1173 steps taken, and 154 accepted.
[3 : mcmc] Progress @ 2025-04-16 22:37:42 : 1173 steps taken, and 138 accepted.
[0 : mcmc] Progress @ 2025-04-16 22:38:04 : 1242 steps taken, and 160 accepted.
[1 : mcmc] Progress @ 2025-04-16 22:38:18 : 1249 steps taken, and 148 accepted.
[2 : mcmc] Progress @ 2025-04-16 22:38:33 : 1182 steps taken, and 155 accepted.
[3 : mcmc] Progress @ 2025-04-16 22:38:45 : 1181 steps taken, and 139 accepted.
[0 : mcmc] Progress @ 2025-04-16 22:39:08 : 1251 steps taken, and 160 accepted.
[1 : mcmc] Progress @ 2025-04-16 22:39:27 : 1259 steps taken, and 150 accepted.
[2 : mcmc] Progress @ 2025-04-16 22:39:41 : 1191 steps taken, and 157 accepted.
[3 : mcmc] Progress @ 2025-04-16 22:39:51 : 1190 steps taken, and 140 accepted.
[0 : mcmc] Progress @ 2025-04-16 22:40:12 : 1260 steps taken, and 160 accepted.
[1 : mcmc] Progress @ 2025-04-16 22:40:30 : 1268 steps taken, and 151 accepted.
[2 : mcmc] Progress @ 2025-04-16 22:40:47 : 1200 steps taken, and 158 accepted.
[3 : mcmc] Progress @ 2025-04-16 22:40:55 : 1198 steps taken, and 140 accepted.
[0 : mcmc] Progress @ 2025-04-16 22:41:15 : 1269 steps taken, and 160 accepted.
[1 : mcmc] Progress @ 2025-04-16 22:41:33 : 1277 steps taken, and 151 accepted.
[2 : mcmc] Progress @ 2025-04-16 22:41:49 : 1208 steps taken, and 160 accepted.
[3 : mcmc] Progress @ 2025-04-16 22:41:56 : 1207 steps taken, and 141 accepted.
[0 : mcmc] Progress @ 2025-04-16 22:42:19 : 1278 steps taken, and 161 accepted.
[1 : mcmc] Progress @ 2025-04-16 22:42:41 : 1286 steps taken, and 151 accepted.
[2 : mcmc] Progress @ 2025-04-16 22:42:55 : 1217 steps taken, and 161 accepted.
[3 : mcmc] Progress @ 2025-04-16 22:42:58 : 1215 steps taken, and 141 accepted.
[0 : mcmc] Progress @ 2025-04-16 22:43:20 : 1286 steps taken, and 162 accepted.
[1 : mcmc] Progress @ 2025-04-16 22:43:43 : 1295 steps taken, and 153 accepted.
[2 : mcmc] Progress @ 2025-04-16 22:43:56 : 1225 steps taken, and 161 accepted.
[3 : mcmc] Progress @ 2025-04-16 22:44:07 : 1224 steps taken, and 141 accepted.
[0 : mcmc] Progress @ 2025-04-16 22:44:27 : 1296 steps taken, and 162 accepted.
[1 : mcmc] Progress @ 2025-04-16 22:44:48 : 1304 steps taken, and 153 accepted.
[2 : mcmc] Progress @ 2025-04-16 22:44:59 : 1234 steps taken, and 164 accepted.
[3 : mcmc] Progress @ 2025-04-16 22:45:13 : 1233 steps taken, and 141 accepted.
[0 : mcmc] Progress @ 2025-04-16 22:45:31 : 1305 steps taken, and 162 accepted.
[1 : mcmc] Progress @ 2025-04-16 22:45:56 : 1314 steps taken, and 153 accepted.
[2 : mcmc] Progress @ 2025-04-16 22:46:08 : 1242 steps taken, and 167 accepted.
[3 : mcmc] Progress @ 2025-04-16 22:46:22 : 1241 steps taken, and 141 accepted.
[0 : mcmc] Progress @ 2025-04-16 22:46:36 : 1314 steps taken, and 163 accepted.
[1 : mcmc] Progress @ 2025-04-16 22:47:02 : 1323 steps taken, and 155 accepted.
[2 : mcmc] Progress @ 2025-04-16 22:47:11 : 1250 steps taken, and 168 accepted.
[3 : mcmc] Progress @ 2025-04-16 22:47:23 : 1250 steps taken, and 141 accepted.
[0 : mcmc] Progress @ 2025-04-16 22:47:38 : 1323 steps taken, and 163 accepted.
[1 : mcmc] Progress @ 2025-04-16 22:48:06 : 1332 steps taken, and 157 accepted.
[2 : mcmc] Progress @ 2025-04-16 22:48:13 : 1259 steps taken, and 172 accepted.
[3 : mcmc] Progress @ 2025-04-16 22:48:25 : 1258 steps taken, and 142 accepted.
[0 : mcmc] Progress @ 2025-04-16 22:48:42 : 1332 steps taken, and 164 accepted.
[1 : mcmc] Progress @ 2025-04-16 22:49:11 : 1341 steps taken, and 158 accepted.
[2 : mcmc] Progress @ 2025-04-16 22:49:17 : 1267 steps taken, and 174 accepted.
[3 : mcmc] Progress @ 2025-04-16 22:49:25 : 1266 steps taken, and 144 accepted.
[0 : mcmc] Progress @ 2025-04-16 22:49:46 : 1341 steps taken, and 166 accepted.
[1 : mcmc] Progress @ 2025-04-16 22:50:12 : 1349 steps taken, and 159 accepted.
[2 : mcmc] Progress @ 2025-04-16 22:50:21 : 1275 steps taken, and 175 accepted.
[3 : mcmc] Progress @ 2025-04-16 22:50:34 : 1275 steps taken, and 148 accepted.
[0 : mcmc] Progress @ 2025-04-16 22:50:46 : 1349 steps taken, and 167 accepted.
[1 : mcmc] Progress @ 2025-04-16 22:51:19 : 1359 steps taken, and 160 accepted.
[2 : mcmc] Progress @ 2025-04-16 22:51:21 : 1283 steps taken, and 177 accepted.
[3 : mcmc] Progress @ 2025-04-16 22:51:41 : 1284 steps taken, and 150 accepted.
[0 : mcmc] Progress @ 2025-04-16 22:51:52 : 1359 steps taken, and 167 accepted.
[1 : mcmc] Progress @ 2025-04-16 22:52:24 : 1368 steps taken, and 164 accepted.
[2 : mcmc] Progress @ 2025-04-16 22:52:25 : 1292 steps taken, and 179 accepted.
[3 : mcmc] Progress @ 2025-04-16 22:52:41 : 1292 steps taken, and 151 accepted.
[0 : mcmc] Progress @ 2025-04-16 22:52:57 : 1368 steps taken, and 168 accepted.
[2 : mcmc] Progress @ 2025-04-16 22:53:25 : 1299 steps taken, and 179 accepted.
[1 : mcmc] Progress @ 2025-04-16 22:53:27 : 1377 steps taken, and 165 accepted.
[3 : mcmc] Progress @ 2025-04-16 22:53:48 : 1301 steps taken, and 153 accepted.
[0 : mcmc] Progress @ 2025-04-16 22:54:01 : 1377 steps taken, and 171 accepted.
[2 : mcmc] Progress @ 2025-04-16 22:54:28 : 1308 steps taken, and 180 accepted.
[1 : mcmc] Progress @ 2025-04-16 22:54:30 : 1386 steps taken, and 166 accepted.
[3 : mcmc] Progress @ 2025-04-16 22:54:49 : 1309 steps taken, and 155 accepted.
[0 : mcmc] Progress @ 2025-04-16 22:55:05 : 1386 steps taken, and 173 accepted.
[2 : mcmc] Progress @ 2025-04-16 22:55:31 : 1317 steps taken, and 180 accepted.
[1 : mcmc] Progress @ 2025-04-16 22:55:37 : 1396 steps taken, and 166 accepted.
[3 : mcmc] Progress @ 2025-04-16 22:55:54 : 1316 steps taken, and 156 accepted.
[0 : mcmc] Progress @ 2025-04-16 22:56:09 : 1395 steps taken, and 173 accepted.
[2 : mcmc] Progress @ 2025-04-16 22:56:40 : 1325 steps taken, and 180 accepted.
[1 : mcmc] Progress @ 2025-04-16 22:56:44 : 1405 steps taken, and 167 accepted.
[3 : mcmc] Progress @ 2025-04-16 22:56:57 : 1325 steps taken, and 156 accepted.
[0 : mcmc] Progress @ 2025-04-16 22:57:12 : 1404 steps taken, and 175 accepted.
[1 : mcmc] Progress @ 2025-04-16 22:57:48 : 1414 steps taken, and 167 accepted.
[2 : mcmc] Progress @ 2025-04-16 22:57:49 : 1334 steps taken, and 182 accepted.
[3 : mcmc] Progress @ 2025-04-16 22:58:01 : 1333 steps taken, and 158 accepted.
[0 : mcmc] Progress @ 2025-04-16 22:58:18 : 1413 steps taken, and 177 accepted.
[1 : mcmc] Progress @ 2025-04-16 22:58:49 : 1423 steps taken, and 167 accepted.
[2 : mcmc] Progress @ 2025-04-16 22:58:50 : 1342 steps taken, and 183 accepted.
[3 : mcmc] Progress @ 2025-04-16 22:59:06 : 1341 steps taken, and 158 accepted.
[0 : mcmc] Progress @ 2025-04-16 22:59:24 : 1422 steps taken, and 178 accepted.
[2 : mcmc] Progress @ 2025-04-16 22:59:50 : 1350 steps taken, and 183 accepted.
[1 : mcmc] Progress @ 2025-04-16 22:59:53 : 1431 steps taken, and 167 accepted.
[3 : mcmc] Progress @ 2025-04-16 23:00:07 : 1349 steps taken, and 158 accepted.
[0 : mcmc] Progress @ 2025-04-16 23:00:28 : 1431 steps taken, and 178 accepted.
[2 : mcmc] Progress @ 2025-04-16 23:00:51 : 1358 steps taken, and 184 accepted.
[1 : mcmc] Progress @ 2025-04-16 23:01:01 : 1441 steps taken, and 168 accepted.
[3 : mcmc] Progress @ 2025-04-16 23:01:15 : 1358 steps taken, and 159 accepted.
[0 : mcmc] Progress @ 2025-04-16 23:01:30 : 1439 steps taken, and 179 accepted.
[2 : mcmc] Progress @ 2025-04-16 23:01:52 : 1365 steps taken, and 184 accepted.
[1 : mcmc] Progress @ 2025-04-16 23:02:05 : 1450 steps taken, and 168 accepted.
[3 : mcmc] Progress @ 2025-04-16 23:02:22 : 1367 steps taken, and 159 accepted.
[0 : mcmc] Progress @ 2025-04-16 23:02:39 : 1449 steps taken, and 180 accepted.
[2 : mcmc] Progress @ 2025-04-16 23:02:55 : 1374 steps taken, and 184 accepted.
[1 : mcmc] Progress @ 2025-04-16 23:03:11 : 1459 steps taken, and 169 accepted.
[3 : mcmc] Progress @ 2025-04-16 23:03:24 : 1375 steps taken, and 159 accepted.
[0 : mcmc] Progress @ 2025-04-16 23:03:45 : 1458 steps taken, and 180 accepted.
[2 : mcmc] Progress @ 2025-04-16 23:03:57 : 1383 steps taken, and 185 accepted.
[1 : mcmc] Progress @ 2025-04-16 23:04:19 : 1468 steps taken, and 170 accepted.
[3 : mcmc] Progress @ 2025-04-16 23:04:26 : 1383 steps taken, and 160 accepted.
[0 : mcmc] Progress @ 2025-04-16 23:04:53 : 1468 steps taken, and 181 accepted.
[2 : mcmc] Progress @ 2025-04-16 23:05:04 : 1391 steps taken, and 186 accepted.
[1 : mcmc] Progress @ 2025-04-16 23:05:21 : 1478 steps taken, and 173 accepted.
[3 : mcmc] Progress @ 2025-04-16 23:05:28 : 1392 steps taken, and 160 accepted.
[0 : mcmc] Progress @ 2025-04-16 23:05:54 : 1476 steps taken, and 182 accepted.
[2 : mcmc] Progress @ 2025-04-16 23:06:10 : 1400 steps taken, and 188 accepted.
[1 : mcmc] Progress @ 2025-04-16 23:06:25 : 1487 steps taken, and 174 accepted.
[3 : mcmc] Progress @ 2025-04-16 23:06:31 : 1400 steps taken, and 161 accepted.
[0 : mcmc] Progress @ 2025-04-16 23:07:03 : 1486 steps taken, and 183 accepted.
[2 : mcmc] Progress @ 2025-04-16 23:07:18 : 1409 steps taken, and 190 accepted.
[1 : mcmc] Progress @ 2025-04-16 23:07:25 : 1495 steps taken, and 174 accepted.
[3 : mcmc] Progress @ 2025-04-16 23:07:38 : 1409 steps taken, and 162 accepted.
[0 : mcmc] Progress @ 2025-04-16 23:08:06 : 1494 steps taken, and 184 accepted.
[2 : mcmc] Progress @ 2025-04-16 23:08:20 : 1417 steps taken, and 191 accepted.
[1 : mcmc] Progress @ 2025-04-16 23:08:27 : 1503 steps taken, and 174 accepted.
[3 : mcmc] Progress @ 2025-04-16 23:08:42 : 1417 steps taken, and 163 accepted.
[0 : mcmc] Progress @ 2025-04-16 23:09:09 : 1502 steps taken, and 184 accepted.
[2 : mcmc] Progress @ 2025-04-16 23:09:21 : 1425 steps taken, and 192 accepted.
[1 : mcmc] Progress @ 2025-04-16 23:09:31 : 1513 steps taken, and 176 accepted.
[3 : mcmc] Progress @ 2025-04-16 23:09:43 : 1425 steps taken, and 164 accepted.
[0 : mcmc] Progress @ 2025-04-16 23:10:10 : 1511 steps taken, and 185 accepted.
[2 : mcmc] Progress @ 2025-04-16 23:10:22 : 1434 steps taken, and 192 accepted.
